#
# There is insufficient memory for the Java Runtime Environment to continue.
# Native memory allocation (mmap) failed to map 134217728 bytes for Failed to commit area from 0x0000000081e00000 to 0x0000000089e00000 of length 134217728.
# Possible reasons:
#   The system is out of physical RAM or swap space
#   The process is running with CompressedOops enabled, and the Java Heap may be blocking the growth of the native heap
# Possible solutions:
#   Reduce memory load on the system
#   Increase physical memory or swap space
#   Check if swap backing store is full
#   Decrease Java heap size (-Xmx/-Xms)
#   Decrease number of Java threads
#   Decrease Java thread stack sizes (-Xss)
#   Set larger code cache with -XX:ReservedCodeCacheSize=
# This output file may be truncated or incomplete.
#
#  Out of Memory Error (./src/hotspot/os/windows/os_windows.cpp:3301), pid=9184, tid=1656
#
# JRE version:  (11.0.10) (build )
# Java VM: OpenJDK 64-Bit Server VM (11.0.10+0-b96-7249189, mixed mode, sharing, tiered, compressed oops, g1 gc, windows-amd64)
# No core dump will be written. Minidumps are not enabled by default on client versions of Windows
#

---------------  S U M M A R Y ------------

Command Line: org.jetbrains.git4idea.http.GitAskPassApp Username for 'https://github.com': 

Host: Intel(R) Core(TM) i3-7100U CPU @ 2.40GHz, 4 cores, 7G,  Windows 10 , 64 bit Build 19041 (10.0.19041.1348)
Time: Fri Nov 19 06:18:31 2021 RTZ 1 (зима) elapsed time: 0.018841 seconds (0d 0h 0m 0s)

---------------  T H R E A D  ---------------

Current thread (0x000001f76859e000):  JavaThread "Unknown thread" [_thread_in_vm, id=1656, stack(0x000000845fc00000,0x000000845fd00000)]

Stack: [0x000000845fc00000,0x000000845fd00000]
Native frames: (J=compiled Java code, j=interpreted, Vv=VM code, C=native code)
V  [jvm.dll+0x5ecfaa]
V  [jvm.dll+0x722bd5]
V  [jvm.dll+0x72412d]
V  [jvm.dll+0x7247e3]
V  [jvm.dll+0x242928]
V  [jvm.dll+0x5ea374]
V  [jvm.dll+0x5df425]
V  [jvm.dll+0x2fdebb]
V  [jvm.dll+0x2fde2a]
V  [jvm.dll+0x2fdd02]
V  [jvm.dll+0x302bf6]
V  [jvm.dll+0x34b2a3]
V  [jvm.dll+0x34b9a6]
V  [jvm.dll+0x34b3a3]
V  [jvm.dll+0x2d8888]
V  [jvm.dll+0x2d9a37]
V  [jvm.dll+0x701737]
V  [jvm.dll+0x702f2c]
V  [jvm.dll+0x3587d9]
V  [jvm.dll+0x6e4fae]
V  [jvm.dll+0x3c0be3]
V  [jvm.dll+0x3c2e91]
C  [jli.dll+0x5373]
C  [ucrtbase.dll+0x21bb2]
C  [KERNEL32.DLL+0x17034]
C  [ntdll.dll+0x52651]


---------------  P R O C E S S  ---------------

Threads class SMR info:
_java_thread_list=0x000001f7684bb2b0, length=0, elements={
}

Java Threads: ( => current thread )

Other Threads:
  0x000001f76a646000 GCTaskThread "GC Thread#0" [stack: 0x000000845fd00000,0x000000845fe00000] [id=11688]
  0x000001f76a675000 ConcurrentGCThread "G1 Main Marker" [stack: 0x000000845fe00000,0x000000845ff00000] [id=5864]
  0x000001f76a677000 ConcurrentGCThread "G1 Conc#0" [stack: 0x000000845ff00000,0x0000008460000000] [id=1316]

[error occurred during error reporting (printing all threads), id 0xc0000005, EXCEPTION_ACCESS_VIOLATION (0xc0000005) at pc=0x00007ffa12d19107]

VM state:not at safepoint (not fully initialized)

VM Mutex/Monitor currently owned by a thread:  ([mutex/lock_event])
[0x000001f76859a890] Heap_lock - owner thread: 0x000001f76859e000

Heap address: 0x0000000081e00000, size: 2018 MB, Compressed Oops mode: Non-zero based: 0x0000000081e00000
Narrow klass base: 0x0000000000000000, Narrow klass shift: 0

GC Heap History (0 events):
No events

Deoptimization events (0 events):
No events

Classes redefined (0 events):
No events

Internal exceptions (0 events):
No events

Events (1 events):
Event: 0.011 Loaded shared library C:\Program Files\Android\Android Studio1\jre\bin\zip.dll


Dynamic libraries:
0x00007ff6a5a50000 - 0x00007ff6a5a5a000 	C:\Program Files\Android\Android Studio1\jre\bin\java.exe
0x00007ffa81190000 - 0x00007ffa81385000 	C:\WINDOWS\SYSTEM32\ntdll.dll
0x00007ffa7f7e0000 - 0x00007ffa7f89e000 	C:\WINDOWS\System32\KERNEL32.DLL
0x00007ffa7eab0000 - 0x00007ffa7ed78000 	C:\WINDOWS\System32\KERNELBASE.dll
0x00007ffa7ed80000 - 0x00007ffa7ee80000 	C:\WINDOWS\System32\ucrtbase.dll
0x00007ffa3d830000 - 0x00007ffa3d847000 	C:\Program Files\Android\Android Studio1\jre\bin\VCRUNTIME140.dll
0x00007ffa3d870000 - 0x00007ffa3d889000 	C:\Program Files\Android\Android Studio1\jre\bin\jli.dll
0x00007ffa80150000 - 0x00007ffa802f1000 	C:\WINDOWS\System32\USER32.dll
0x00007ffa7f050000 - 0x00007ffa7f072000 	C:\WINDOWS\System32\win32u.dll
0x00007ffa5afc0000 - 0x00007ffa5b25a000 	C:\WINDOWS\WinSxS\amd64_microsoft.windows.common-controls_6595b64144ccf1df_6.0.19041.1110_none_60b5254171f9507e\COMCTL32.dll
0x00007ffa80a40000 - 0x00007ffa80a6b000 	C:\WINDOWS\System32\GDI32.dll
0x00007ffa810b0000 - 0x00007ffa8114e000 	C:\WINDOWS\System32\msvcrt.dll
0x00007ffa7ee80000 - 0x00007ffa7ef8b000 	C:\WINDOWS\System32\gdi32full.dll
0x00007ffa7e8b0000 - 0x00007ffa7e94d000 	C:\WINDOWS\System32\msvcp_win.dll
0x00007ffa7f2b0000 - 0x00007ffa7f2e0000 	C:\WINDOWS\System32\IMM32.DLL
0x00007ffa13e90000 - 0x00007ffa13f2d000 	C:\Program Files\Android\Android Studio1\jre\bin\msvcp140.dll
0x00007ffa12a30000 - 0x00007ffa134ff000 	C:\Program Files\Android\Android Studio1\jre\bin\server\jvm.dll
0x00007ffa7f8a0000 - 0x00007ffa7f94c000 	C:\WINDOWS\System32\ADVAPI32.dll
0x00007ffa7f2e0000 - 0x00007ffa7f37b000 	C:\WINDOWS\System32\sechost.dll
0x00007ffa7fdd0000 - 0x00007ffa7fefa000 	C:\WINDOWS\System32\RPCRT4.dll
0x00007ffa7f380000 - 0x00007ffa7f388000 	C:\WINDOWS\System32\PSAPI.DLL
0x00007ffa5e620000 - 0x00007ffa5e629000 	C:\WINDOWS\SYSTEM32\WSOCK32.dll
0x00007ffa7ff00000 - 0x00007ffa7ff6b000 	C:\WINDOWS\System32\WS2_32.dll
0x00007ffa71b00000 - 0x00007ffa71b0a000 	C:\WINDOWS\SYSTEM32\VERSION.dll
0x00007ffa5e630000 - 0x00007ffa5e657000 	C:\WINDOWS\SYSTEM32\WINMM.dll
0x00007ffa7d130000 - 0x00007ffa7d142000 	C:\WINDOWS\SYSTEM32\kernel.appcore.dll
0x00007ffa13940000 - 0x00007ffa13951000 	C:\Program Files\Android\Android Studio1\jre\bin\verify.dll
0x00007ffa7ce00000 - 0x00007ffa7cfe4000 	C:\WINDOWS\SYSTEM32\DBGHELP.DLL
0x00007ffa71160000 - 0x00007ffa7118c000 	C:\WINDOWS\SYSTEM32\dbgcore.DLL
0x00007ffa7efc0000 - 0x00007ffa7f043000 	C:\WINDOWS\System32\bcryptPrimitives.dll
0x00007ffa13910000 - 0x00007ffa13939000 	C:\Program Files\Android\Android Studio1\jre\bin\java.dll
0x00007ffa5b610000 - 0x00007ffa5b61b000 	C:\Program Files\Android\Android Studio1\jre\bin\jimage.dll
0x00007ffa138f0000 - 0x00007ffa13908000 	C:\Program Files\Android\Android Studio1\jre\bin\zip.dll

dbghelp: loaded successfully - version: 4.0.5 - missing functions: none
symbol engine: initialized successfully - sym options: 0x614 - pdb path: .;C:\Program Files\Android\Android Studio1\jre\bin;C:\WINDOWS\SYSTEM32;C:\WINDOWS\WinSxS\amd64_microsoft.windows.common-controls_6595b64144ccf1df_6.0.19041.1110_none_60b5254171f9507e;C:\Program Files\Android\Android Studio1\jre\bin\server

VM Arguments:
java_command: org.jetbrains.git4idea.http.GitAskPassApp Username for 'https://github.com': 
java_class_path (initial): C:/Program Files/Android/Android Studio1/plugins/git4idea/lib/git4idea-rt.jar;C:/Program Files/Android/Android Studio1/lib/xmlrpc-2.0.1.jar;C:/Program Files/Android/Android Studio1/lib/commons-codec-1.14.jar
Launcher Type: SUN_STANDARD

[Global flags]
     intx CICompilerCount                          = 3                                         {product} {ergonomic}
     uint ConcGCThreads                            = 1                                         {product} {ergonomic}
     uint G1ConcRefinementThreads                  = 4                                         {product} {ergonomic}
   size_t G1HeapRegionSize                         = 1048576                                   {product} {ergonomic}
    uintx GCDrainStackTargetSize                   = 64                                        {product} {ergonomic}
   size_t InitialHeapSize                          = 134217728                                 {product} {ergonomic}
   size_t MarkStackSize                            = 4194304                                   {product} {ergonomic}
   size_t MaxHeapSize                              = 2116026368                                {product} {ergonomic}
   size_t MinHeapDeltaBytes                        = 1048576                                   {product} {ergonomic}
    uintx NonNMethodCodeHeapSize                   = 5830732                                {pd product} {ergonomic}
    uintx NonProfiledCodeHeapSize                  = 122913754                              {pd product} {ergonomic}
    uintx ProfiledCodeHeapSize                     = 122913754                              {pd product} {ergonomic}
    uintx ReservedCodeCacheSize                    = 251658240                              {pd product} {ergonomic}
     bool SegmentedCodeCache                       = true                                      {product} {ergonomic}
     bool UseCompressedClassPointers               = true                                 {lp64_product} {ergonomic}
     bool UseCompressedOops                        = true                                 {lp64_product} {ergonomic}
     bool UseG1GC                                  = true                                      {product} {ergonomic}
     bool UseLargePagesIndividualAllocation        = false                                  {pd product} {ergonomic}

Logging:
Log output configuration:
 #0: stdout all=warning uptime,level,tags
 #1: stderr all=off uptime,level,tags

Environment Variables:
PATH=C:/Program Files/Git/mingw64/libexec/git-core;C:/Program Files/Git/mingw64/libexec/git-core;C:\Program Files\Git\mingw64\bin;C:\Program Files\Git\usr\bin;C:\Users\HP\bin;C:\Program Files (x86)\Common Files\Oracle\Java\javapath;C:\ProgramData\Oracle\Java\javapath;C:\Program Files (x86)\Intel\iCLS Client\;C:\Program Files\Intel\iCLS Client\;C:\WINDOWS\system32;C:\WINDOWS;C:\WINDOWS\System32\Wbem;C:\WINDOWS\System32\WindowsPowerShell\v1.0\;C:\Program Files (x86)\Intel\Intel(R) Management Engine Components\DAL;C:\Program Files\Intel\Intel(R) Management Engine Components\DAL;C:\Program Files (x86)\Intel\Intel(R) Management Engine Components\IPT;C:\Program Files\Intel\Intel(R) Management Engine Components\IPT;C:\WINDOWS\System32\OpenSSH\;C:\Program Files\Git\cmd;C:\Users\HP\AppData\Local\Microsoft\WindowsApps;C:\Users\HP\AppData\Local\GitHubDesktop\bin
USERNAME=HP
DISPLAY=:0.0
LC_ALL=en_US.UTF-8
OS=Windows_NT
PROCESSOR_IDENTIFIER=Intel64 Family 6 Model 142 Stepping 9, GenuineIntel



---------------  S Y S T E M  ---------------

OS: Windows 10 , 64 bit Build 19041 (10.0.19041.1348)
OS uptime: 0 days 3:05 hours

CPU:total 4 (initial active 4) (2 cores per cpu, 2 threads per core) family 6 model 142 stepping 9 microcode 0xb4, cmov, cx8, fxsr, mmx, sse, sse2, sse3, ssse3, sse4.1, sse4.2, popcnt, avx, avx2, aes, clmul, erms, 3dnowpref, lzcnt, ht, tsc, tscinvbit, bmi1, bmi2, adx, fma

Memory: 4k page, system-wide physical 8064M (1100M free)
TotalPageFile size 9968M (AvailPageFile size 110M)
current process WorkingSet (physical memory assigned to process): 9M, peak: 9M
current process commit charge ("private bytes"): 51M, peak: 179M

vm_info: OpenJDK 64-Bit Server VM (11.0.10+0-b96-7249189) for windows-amd64 JRE (11.0.10+0-b96-7249189), built on Mar 31 2021 21:44:00 by "builder" with MS VC++ 14.0 (VS2015)

END.
