#
# There is insufficient memory for the Java Runtime Environment to continue.
# Native memory allocation (malloc) failed to allocate 1986416 bytes for Chunk::new
# Possible reasons:
#   The system is out of physical RAM or swap space
#   The process is running with CompressedOops enabled, and the Java Heap may be blocking the growth of the native heap
# Possible solutions:
#   Reduce memory load on the system
#   Increase physical memory or swap space
#   Check if swap backing store is full
#   Decrease Java heap size (-Xmx/-Xms)
#   Decrease number of Java threads
#   Decrease Java thread stack sizes (-Xss)
#   Set larger code cache with -XX:ReservedCodeCacheSize=
#   JVM is running with Unscaled Compressed Oops mode in which the Java heap is
#     placed in the first 4GB address space. The Java Heap base address is the
#     maximum limit for the native heap growth. Please use -XX:HeapBaseMinAddress
#     to set the Java Heap base and to place the Java Heap above 4GB virtual address.
# This output file may be truncated or incomplete.
#
#  Out of Memory Error (./src/hotspot/share/memory/arena.cpp:197), pid=6548, tid=14344
#
# JRE version: OpenJDK Runtime Environment (11.0.10) (build 11.0.10+0-b96-7249189)
# Java VM: OpenJDK 64-Bit Server VM (11.0.10+0-b96-7249189, mixed mode, tiered, compressed oops, g1 gc, windows-amd64)
# No core dump will be written. Minidumps are not enabled by default on client versions of Windows
#

---------------  S U M M A R Y ------------

Command Line: --add-opens=java.base/java.util=ALL-UNNAMED --add-opens=java.base/java.lang=ALL-UNNAMED --add-opens=java.base/java.lang.invoke=ALL-UNNAMED --add-opens=java.base/java.util=ALL-UNNAMED --add-opens=java.prefs/java.util.prefs=ALL-UNNAMED --add-opens=java.prefs/java.util.prefs=ALL-UNNAMED --add-opens=java.base/java.nio.charset=ALL-UNNAMED --add-opens=java.base/java.net=ALL-UNNAMED --add-opens=java.base/java.util.concurrent.atomic=ALL-UNNAMED -Xmx2048m -Dfile.encoding=UTF-8 -Duser.country=RU -Duser.language=ru -Duser.variant org.gradle.launcher.daemon.bootstrap.GradleDaemon 7.0.2

Host: Intel(R) Core(TM) i3-7100U CPU @ 2.40GHz, 4 cores, 7G,  Windows 10 , 64 bit Build 19041 (10.0.19041.1348)
Time: Fri Nov 19 03:09:02 2021 RTZ 1 (зима) elapsed time: 10.210614 seconds (0d 0h 0m 10s)

---------------  T H R E A D  ---------------

Current thread (0x000001e0623c3000):  JavaThread "C2 CompilerThread0" daemon [_thread_in_native, id=14344, stack(0x0000004ca3a00000,0x0000004ca3b00000)]


Current CompileTask:
C2:  10210 3219       4       java.net.URLClassLoader$1::run (5 bytes)

Stack: [0x0000004ca3a00000,0x0000004ca3b00000]
Native frames: (J=compiled Java code, j=interpreted, Vv=VM code, C=native code)
V  [jvm.dll+0x5ecfaa]
V  [jvm.dll+0x722bd5]
V  [jvm.dll+0x72412d]
V  [jvm.dll+0x7247e3]
V  [jvm.dll+0x242928]
V  [jvm.dll+0xbc4fc]
V  [jvm.dll+0xbca0c]
V  [jvm.dll+0x352d3b]
V  [jvm.dll+0x320ad3]
V  [jvm.dll+0x31ffca]
V  [jvm.dll+0x1fb602]
V  [jvm.dll+0x1fa7f4]
V  [jvm.dll+0x18354c]
V  [jvm.dll+0x208ee7]
V  [jvm.dll+0x207731]
V  [jvm.dll+0x6eb1cf]
V  [jvm.dll+0x6e3d45]
V  [jvm.dll+0x5ebe96]
C  [ucrtbase.dll+0x21bb2]
C  [KERNEL32.DLL+0x17034]
C  [ntdll.dll+0x52651]


---------------  P R O C E S S  ---------------

Threads class SMR info:
_java_thread_list=0x000001e0663c1740, length=31, elements={
0x000001e0487ca000, 0x000001e06239d800, 0x000001e0623a7000, 0x000001e0623bc000,
0x000001e0623bd800, 0x000001e0623c0000, 0x000001e0623c3000, 0x000001e0623c8000,
0x000001e0623d8000, 0x000001e062e89800, 0x000001e064d68000, 0x000001e062f63800,
0x000001e066255800, 0x000001e064d0c000, 0x000001e066116800, 0x000001e063650800,
0x000001e063d71000, 0x000001e063c7f800, 0x000001e0656dc800, 0x000001e06524e800,
0x000001e06524d000, 0x000001e06524e000, 0x000001e06524f800, 0x000001e06639d800,
0x000001e06639e800, 0x000001e06639d000, 0x000001e06639f800, 0x000001e0663a0000,
0x000001e0663a1000, 0x000001e06639b800, 0x000001e064df1000
}

Java Threads: ( => current thread )
  0x000001e0487ca000 JavaThread "main" [_thread_blocked, id=14632, stack(0x0000004ca2e00000,0x0000004ca2f00000)]
  0x000001e06239d800 JavaThread "Reference Handler" daemon [_thread_blocked, id=12620, stack(0x0000004ca3500000,0x0000004ca3600000)]
  0x000001e0623a7000 JavaThread "Finalizer" daemon [_thread_blocked, id=5936, stack(0x0000004ca3600000,0x0000004ca3700000)]
  0x000001e0623bc000 JavaThread "Signal Dispatcher" daemon [_thread_blocked, id=11768, stack(0x0000004ca3700000,0x0000004ca3800000)]
  0x000001e0623bd800 JavaThread "Attach Listener" daemon [_thread_blocked, id=14584, stack(0x0000004ca3800000,0x0000004ca3900000)]
  0x000001e0623c0000 JavaThread "Service Thread" daemon [_thread_blocked, id=12632, stack(0x0000004ca3900000,0x0000004ca3a00000)]
=>0x000001e0623c3000 JavaThread "C2 CompilerThread0" daemon [_thread_in_native, id=14344, stack(0x0000004ca3a00000,0x0000004ca3b00000)]
  0x000001e0623c8000 JavaThread "C1 CompilerThread0" daemon [_thread_blocked, id=1500, stack(0x0000004ca3b00000,0x0000004ca3c00000)]
  0x000001e0623d8000 JavaThread "Sweeper thread" daemon [_thread_blocked, id=7596, stack(0x0000004ca3c00000,0x0000004ca3d00000)]
  0x000001e062e89800 JavaThread "Common-Cleaner" daemon [_thread_blocked, id=6268, stack(0x0000004ca3d00000,0x0000004ca3e00000)]
  0x000001e064d68000 JavaThread "Daemon health stats" [_thread_blocked, id=14540, stack(0x0000004ca4200000,0x0000004ca4300000)]
  0x000001e062f63800 JavaThread "Incoming local TCP Connector on port 60568" [_thread_in_native, id=5124, stack(0x0000004ca3f00000,0x0000004ca4000000)]
  0x000001e066255800 JavaThread "Daemon periodic checks" [_thread_blocked, id=10276, stack(0x0000004ca4300000,0x0000004ca4400000)]
  0x000001e064d0c000 JavaThread "Daemon" [_thread_blocked, id=12656, stack(0x0000004ca4400000,0x0000004ca4500000)]
  0x000001e066116800 JavaThread "Handler for socket connection from /127.0.0.1:60568 to /127.0.0.1:60569" [_thread_in_native, id=11048, stack(0x0000004ca4500000,0x0000004ca4600000)]
  0x000001e063650800 JavaThread "Cancel handler" [_thread_blocked, id=14384, stack(0x0000004ca4600000,0x0000004ca4700000)]
  0x000001e063d71000 JavaThread "Daemon worker" [_thread_blocked, id=588, stack(0x0000004ca4700000,0x0000004ca4800000)]
  0x000001e063c7f800 JavaThread "Asynchronous log dispatcher for DefaultDaemonConnection: socket connection from /127.0.0.1:60568 to /127.0.0.1:60569" [_thread_blocked, id=8508, stack(0x0000004ca4800000,0x0000004ca4900000)]
  0x000001e0656dc800 JavaThread "Stdin handler" [_thread_blocked, id=15340, stack(0x0000004ca4900000,0x0000004ca4a00000)]
  0x000001e06524e800 JavaThread "Daemon client event forwarder" [_thread_blocked, id=14960, stack(0x0000004ca4a00000,0x0000004ca4b00000)]
  0x000001e06524d000 JavaThread "Cache worker for file hash cache (C:\Users\HP\.gradle\caches\7.0.2\fileHashes)" [_thread_blocked, id=7520, stack(0x0000004ca4b00000,0x0000004ca4c00000)]
  0x000001e06524e000 JavaThread "File lock request listener" [_thread_in_native, id=8780, stack(0x0000004ca4c00000,0x0000004ca4d00000)]
  0x000001e06524f800 JavaThread "Cache worker for journal cache (C:\Users\HP\.gradle\caches\journal-1)" [_thread_blocked, id=14316, stack(0x0000004ca4e00000,0x0000004ca4f00000)]
  0x000001e06639d800 JavaThread "Cache worker for file hash cache (C:\Users\HP\AndroidStudioProjects\Random_Beisen\.gradle\7.0.2\fileHashes)" [_thread_blocked, id=10336, stack(0x0000004ca5000000,0x0000004ca5100000)]
  0x000001e06639e800 JavaThread "File watcher server" daemon [_thread_in_native, id=5076, stack(0x0000004ca5100000,0x0000004ca5200000)]
  0x000001e06639d000 JavaThread "File watcher consumer" daemon [_thread_blocked, id=2320, stack(0x0000004ca5200000,0x0000004ca5300000)]
  0x000001e06639f800 JavaThread "Cache worker for checksums cache (C:\Users\HP\AndroidStudioProjects\Random_Beisen\.gradle\checksums)" [_thread_blocked, id=5168, stack(0x0000004ca4f00000,0x0000004ca5000000)]
  0x000001e0663a0000 JavaThread "Cache worker for cache directory md-supplier (C:\Users\HP\.gradle\caches\7.0.2\md-supplier)" [_thread_blocked, id=8176, stack(0x0000004ca5300000,0x0000004ca5400000)]
  0x000001e0663a1000 JavaThread "Cache worker for cache directory md-rule (C:\Users\HP\.gradle\caches\7.0.2\md-rule)" [_thread_blocked, id=5788, stack(0x0000004ca5500000,0x0000004ca5600000)]
  0x000001e06639b800 JavaThread "Cache worker for execution history cache (C:\Users\HP\.gradle\caches\7.0.2\executionHistory)" [_thread_blocked, id=8592, stack(0x0000004ca5600000,0x0000004ca5700000)]
  0x000001e064df1000 JavaThread "C2 CompilerThread1" daemon [_thread_blocked, id=9092, stack(0x0000004ca5400000,0x0000004ca5500000)]

Other Threads:
  0x000001e062398000 VMThread "VM Thread" [stack: 0x0000004ca3400000,0x0000004ca3500000] [id=9652]
  0x000001e062ee2800 WatcherThread [stack: 0x0000004ca3e00000,0x0000004ca3f00000] [id=14476]
  0x000001e0487e3800 GCTaskThread "GC Thread#0" [stack: 0x0000004ca2f00000,0x0000004ca3000000] [id=10664]
  0x000001e06332b000 GCTaskThread "GC Thread#1" [stack: 0x0000004ca4000000,0x0000004ca4100000] [id=8100]
  0x000001e063124800 GCTaskThread "GC Thread#2" [stack: 0x0000004ca4100000,0x0000004ca4200000] [id=3560]
  0x000001e06599e000 GCTaskThread "GC Thread#3" [stack: 0x0000004ca4d00000,0x0000004ca4e00000] [id=14956]
  0x000001e048814000 ConcurrentGCThread "G1 Main Marker" [stack: 0x0000004ca3000000,0x0000004ca3100000] [id=14724]
  0x000001e048815800 ConcurrentGCThread "G1 Conc#0" [stack: 0x0000004ca3100000,0x0000004ca3200000] [id=5956]
  0x000001e0488a4000 ConcurrentGCThread "G1 Refine#0" [stack: 0x0000004ca3200000,0x0000004ca3300000] [id=8880]
  0x000001e0488a5000 ConcurrentGCThread "G1 Young RemSet Sampling" [stack: 0x0000004ca3300000,0x0000004ca3400000] [id=8712]

Threads with active compile tasks:
C2 CompilerThread0  10399 3219       4       java.net.URLClassLoader$1::run (5 bytes)
C2 CompilerThread1  10399 3220   !   4       java.net.URLClassLoader$1::run (63 bytes)

VM state:at safepoint (normal execution)

VM Mutex/Monitor currently owned by a thread:  ([mutex/lock_event])
[0x000001e0487c71d0] Threads_lock - owner thread: 0x000001e062398000
[0x000001e0487c6210] Heap_lock - owner thread: 0x000001e063d71000

OutOfMemory and StackOverflow Exception counts:
OutOfMemoryError java_heap_errors=1
LinkageErrors=65

Heap address: 0x0000000080000000, size: 2048 MB, Compressed Oops mode: 32-bit
Narrow klass base: 0x0000000000000000, Narrow klass shift: 3
Compressed class space size: 1073741824 Address: 0x0000000100000000

Heap:
 garbage-first heap   total 157696K, used 24210K [0x0000000080000000, 0x0000000100000000)
  region size 1024K, 6 young (6144K), 6 survivors (6144K)
 Metaspace       used 36710K, capacity 37589K, committed 37836K, reserved 1087488K
  class space    used 4746K, capacity 5064K, committed 5068K, reserved 1048576K
Heap Regions: E=young(eden), S=young(survivor), O=old, HS=humongous(starts), HC=humongous(continues), CS=collection set, F=free, A=archive, TAMS=top-at-mark-start (previous, next)
|   0|0x0000000080000000, 0x0000000080100000, 0x0000000080100000|100%| O|  |TAMS 0x0000000080100000, 0x0000000080100000| Untracked 
|   1|0x0000000080100000, 0x0000000080200000, 0x0000000080200000|100%| O|  |TAMS 0x0000000080200000, 0x0000000080200000| Untracked 
|   2|0x0000000080200000, 0x0000000080300000, 0x0000000080300000|100%| O|  |TAMS 0x0000000080300000, 0x0000000080300000| Untracked 
|   3|0x0000000080300000, 0x0000000080400000, 0x0000000080400000|100%|HS|  |TAMS 0x0000000080400000, 0x0000000080400000| Complete 
|   4|0x0000000080400000, 0x0000000080500000, 0x0000000080500000|100%|HC|  |TAMS 0x0000000080500000, 0x0000000080500000| Complete 
|   5|0x0000000080500000, 0x0000000080600000, 0x0000000080600000|100%|HC|  |TAMS 0x0000000080600000, 0x0000000080600000| Complete 
|   6|0x0000000080600000, 0x0000000080700000, 0x0000000080700000|100%| O|  |TAMS 0x0000000080700000, 0x0000000080700000| Untracked 
|   7|0x0000000080700000, 0x0000000080800000, 0x0000000080800000|100%| O|  |TAMS 0x0000000080800000, 0x0000000080800000| Untracked 
|   8|0x0000000080800000, 0x0000000080900000, 0x0000000080900000|100%| O|  |TAMS 0x0000000080900000, 0x0000000080900000| Untracked 
|   9|0x0000000080900000, 0x0000000080a00000, 0x0000000080a00000|100%| O|  |TAMS 0x0000000080a00000, 0x0000000080a00000| Untracked 
|  10|0x0000000080a00000, 0x0000000080b00000, 0x0000000080b00000|100%| O|  |TAMS 0x0000000080b00000, 0x0000000080b00000| Untracked 
|  11|0x0000000080b00000, 0x0000000080c00000, 0x0000000080c00000|100%| O|  |TAMS 0x0000000080c00000, 0x0000000080c00000| Untracked 
|  12|0x0000000080c00000, 0x0000000080d00000, 0x0000000080d00000|100%| O|  |TAMS 0x0000000080d00000, 0x0000000080d00000| Untracked 
|  13|0x0000000080d00000, 0x0000000080e00000, 0x0000000080e00000|100%| O|  |TAMS 0x0000000080e00000, 0x0000000080e00000| Untracked 
|  14|0x0000000080e00000, 0x0000000080f00000, 0x0000000080f00000|100%| O|  |TAMS 0x0000000080f00000, 0x0000000080f00000| Untracked 
|  15|0x0000000080f00000, 0x0000000081000000, 0x0000000081000000|100%| O|  |TAMS 0x0000000080fb8400, 0x0000000081000000| Untracked 
|  16|0x0000000081000000, 0x0000000081100000, 0x0000000081100000|100%| O|  |TAMS 0x0000000081000000, 0x0000000081100000| Untracked 
|  17|0x0000000081100000, 0x00000000811f5800, 0x0000000081200000| 95%| O|  |TAMS 0x0000000081100000, 0x00000000811f5800| Untracked 
|  18|0x0000000081200000, 0x0000000081200000, 0x0000000081300000|  0%| F|  |TAMS 0x0000000081200000, 0x0000000081200000| Untracked 
|  19|0x0000000081300000, 0x0000000081300000, 0x0000000081400000|  0%| F|  |TAMS 0x0000000081300000, 0x0000000081300000| Untracked 
|  20|0x0000000081400000, 0x0000000081400000, 0x0000000081500000|  0%| F|  |TAMS 0x0000000081400000, 0x0000000081400000| Untracked 
|  21|0x0000000081500000, 0x0000000081500000, 0x0000000081600000|  0%| F|  |TAMS 0x0000000081500000, 0x0000000081500000| Untracked 
|  22|0x0000000081600000, 0x0000000081600000, 0x0000000081700000|  0%| F|  |TAMS 0x0000000081600000, 0x0000000081600000| Untracked 
|  23|0x0000000081700000, 0x0000000081700000, 0x0000000081800000|  0%| F|  |TAMS 0x0000000081700000, 0x0000000081700000| Untracked 
|  24|0x0000000081800000, 0x0000000081800000, 0x0000000081900000|  0%| F|  |TAMS 0x0000000081800000, 0x0000000081800000| Untracked 
|  25|0x0000000081900000, 0x0000000081900000, 0x0000000081a00000|  0%| F|  |TAMS 0x0000000081900000, 0x0000000081900000| Untracked 
|  26|0x0000000081a00000, 0x0000000081a00000, 0x0000000081b00000|  0%| F|  |TAMS 0x0000000081a00000, 0x0000000081a00000| Untracked 
|  27|0x0000000081b00000, 0x0000000081b00000, 0x0000000081c00000|  0%| F|  |TAMS 0x0000000081b00000, 0x0000000081b00000| Untracked 
|  28|0x0000000081c00000, 0x0000000081c00000, 0x0000000081d00000|  0%| F|  |TAMS 0x0000000081c00000, 0x0000000081c00000| Untracked 
|  29|0x0000000081d00000, 0x0000000081d00000, 0x0000000081e00000|  0%| F|  |TAMS 0x0000000081d00000, 0x0000000081d00000| Untracked 
|  30|0x0000000081e00000, 0x0000000081e00000, 0x0000000081f00000|  0%| F|  |TAMS 0x0000000081e00000, 0x0000000081e00000| Untracked 
|  31|0x0000000081f00000, 0x0000000081f00000, 0x0000000082000000|  0%| F|  |TAMS 0x0000000081f00000, 0x0000000081f00000| Untracked 
|  32|0x0000000082000000, 0x0000000082000000, 0x0000000082100000|  0%| F|  |TAMS 0x0000000082000000, 0x0000000082000000| Untracked 
|  33|0x0000000082100000, 0x0000000082100000, 0x0000000082200000|  0%| F|  |TAMS 0x0000000082100000, 0x0000000082100000| Untracked 
|  34|0x0000000082200000, 0x0000000082200000, 0x0000000082300000|  0%| F|  |TAMS 0x0000000082200000, 0x0000000082200000| Untracked 
|  35|0x0000000082300000, 0x0000000082300000, 0x0000000082400000|  0%| F|  |TAMS 0x0000000082300000, 0x0000000082300000| Untracked 
|  36|0x0000000082400000, 0x0000000082400000, 0x0000000082500000|  0%| F|  |TAMS 0x0000000082400000, 0x0000000082400000| Untracked 
|  37|0x0000000082500000, 0x0000000082500000, 0x0000000082600000|  0%| F|  |TAMS 0x0000000082500000, 0x0000000082500000| Untracked 
|  38|0x0000000082600000, 0x0000000082600000, 0x0000000082700000|  0%| F|  |TAMS 0x0000000082600000, 0x0000000082600000| Untracked 
|  39|0x0000000082700000, 0x0000000082700000, 0x0000000082800000|  0%| F|  |TAMS 0x0000000082700000, 0x0000000082700000| Untracked 
|  40|0x0000000082800000, 0x0000000082800000, 0x0000000082900000|  0%| F|  |TAMS 0x0000000082800000, 0x0000000082800000| Untracked 
|  41|0x0000000082900000, 0x0000000082900000, 0x0000000082a00000|  0%| F|  |TAMS 0x0000000082900000, 0x0000000082900000| Untracked 
|  42|0x0000000082a00000, 0x0000000082a00000, 0x0000000082b00000|  0%| F|  |TAMS 0x0000000082a00000, 0x0000000082a00000| Untracked 
|  43|0x0000000082b00000, 0x0000000082b00000, 0x0000000082c00000|  0%| F|  |TAMS 0x0000000082b00000, 0x0000000082b00000| Untracked 
|  44|0x0000000082c00000, 0x0000000082c00000, 0x0000000082d00000|  0%| F|  |TAMS 0x0000000082c00000, 0x0000000082c00000| Untracked 
|  45|0x0000000082d00000, 0x0000000082d00000, 0x0000000082e00000|  0%| F|  |TAMS 0x0000000082d00000, 0x0000000082d00000| Untracked 
|  46|0x0000000082e00000, 0x0000000082e00000, 0x0000000082f00000|  0%| F|  |TAMS 0x0000000082e00000, 0x0000000082e00000| Untracked 
|  47|0x0000000082f00000, 0x0000000082f00000, 0x0000000083000000|  0%| F|  |TAMS 0x0000000082f00000, 0x0000000082f00000| Untracked 
|  48|0x0000000083000000, 0x0000000083000000, 0x0000000083100000|  0%| F|  |TAMS 0x0000000083000000, 0x0000000083000000| Untracked 
|  49|0x0000000083100000, 0x0000000083100000, 0x0000000083200000|  0%| F|  |TAMS 0x0000000083100000, 0x0000000083100000| Untracked 
|  50|0x0000000083200000, 0x0000000083200000, 0x0000000083300000|  0%| F|  |TAMS 0x0000000083200000, 0x0000000083200000| Untracked 
|  51|0x0000000083300000, 0x0000000083300000, 0x0000000083400000|  0%| F|  |TAMS 0x0000000083300000, 0x0000000083300000| Untracked 
|  52|0x0000000083400000, 0x0000000083400000, 0x0000000083500000|  0%| F|  |TAMS 0x0000000083400000, 0x0000000083400000| Untracked 
|  53|0x0000000083500000, 0x0000000083500000, 0x0000000083600000|  0%| F|  |TAMS 0x0000000083500000, 0x0000000083500000| Untracked 
|  54|0x0000000083600000, 0x0000000083600000, 0x0000000083700000|  0%| F|  |TAMS 0x0000000083600000, 0x0000000083600000| Untracked 
|  55|0x0000000083700000, 0x0000000083700000, 0x0000000083800000|  0%| F|  |TAMS 0x0000000083700000, 0x0000000083700000| Untracked 
|  56|0x0000000083800000, 0x0000000083800000, 0x0000000083900000|  0%| F|  |TAMS 0x0000000083800000, 0x0000000083800000| Untracked 
|  57|0x0000000083900000, 0x0000000083900000, 0x0000000083a00000|  0%| F|  |TAMS 0x0000000083900000, 0x0000000083900000| Untracked 
|  58|0x0000000083a00000, 0x0000000083a00000, 0x0000000083b00000|  0%| F|  |TAMS 0x0000000083a00000, 0x0000000083a00000| Untracked 
|  59|0x0000000083b00000, 0x0000000083b00000, 0x0000000083c00000|  0%| F|  |TAMS 0x0000000083b00000, 0x0000000083b00000| Untracked 
|  60|0x0000000083c00000, 0x0000000083c00000, 0x0000000083d00000|  0%| F|  |TAMS 0x0000000083c00000, 0x0000000083c00000| Untracked 
|  61|0x0000000083d00000, 0x0000000083d00000, 0x0000000083e00000|  0%| F|  |TAMS 0x0000000083d00000, 0x0000000083d00000| Untracked 
|  62|0x0000000083e00000, 0x0000000083e00000, 0x0000000083f00000|  0%| F|  |TAMS 0x0000000083e00000, 0x0000000083e00000| Untracked 
|  63|0x0000000083f00000, 0x0000000083f00000, 0x0000000084000000|  0%| F|  |TAMS 0x0000000083f00000, 0x0000000083f00000| Untracked 
|  64|0x0000000084000000, 0x0000000084000000, 0x0000000084100000|  0%| F|  |TAMS 0x0000000084000000, 0x0000000084000000| Untracked 
|  65|0x0000000084100000, 0x0000000084100000, 0x0000000084200000|  0%| F|  |TAMS 0x0000000084100000, 0x0000000084100000| Untracked 
|  66|0x0000000084200000, 0x0000000084200000, 0x0000000084300000|  0%| F|  |TAMS 0x0000000084200000, 0x0000000084200000| Untracked 
|  67|0x0000000084300000, 0x0000000084300000, 0x0000000084400000|  0%| F|  |TAMS 0x0000000084300000, 0x0000000084300000| Untracked 
|  68|0x0000000084400000, 0x0000000084400000, 0x0000000084500000|  0%| F|  |TAMS 0x0000000084400000, 0x0000000084400000| Untracked 
|  69|0x0000000084500000, 0x0000000084500000, 0x0000000084600000|  0%| F|  |TAMS 0x0000000084500000, 0x0000000084500000| Untracked 
|  70|0x0000000084600000, 0x0000000084600000, 0x0000000084700000|  0%| F|  |TAMS 0x0000000084600000, 0x0000000084600000| Untracked 
|  71|0x0000000084700000, 0x0000000084700000, 0x0000000084800000|  0%| F|  |TAMS 0x0000000084700000, 0x0000000084700000| Untracked 
|  72|0x0000000084800000, 0x0000000084800000, 0x0000000084900000|  0%| F|  |TAMS 0x0000000084800000, 0x0000000084800000| Untracked 
|  73|0x0000000084900000, 0x0000000084900000, 0x0000000084a00000|  0%| F|  |TAMS 0x0000000084900000, 0x0000000084900000| Untracked 
|  74|0x0000000084a00000, 0x0000000084a00000, 0x0000000084b00000|  0%| F|  |TAMS 0x0000000084a00000, 0x0000000084a00000| Untracked 
|  75|0x0000000084b00000, 0x0000000084b00000, 0x0000000084c00000|  0%| F|  |TAMS 0x0000000084b00000, 0x0000000084b00000| Untracked 
|  76|0x0000000084c00000, 0x0000000084c00000, 0x0000000084d00000|  0%| F|  |TAMS 0x0000000084c00000, 0x0000000084c00000| Untracked 
|  77|0x0000000084d00000, 0x0000000084d00000, 0x0000000084e00000|  0%| F|  |TAMS 0x0000000084d00000, 0x0000000084d00000| Untracked 
|  78|0x0000000084e00000, 0x0000000084e00000, 0x0000000084f00000|  0%| F|  |TAMS 0x0000000084e00000, 0x0000000084e00000| Untracked 
|  79|0x0000000084f00000, 0x0000000084f00000, 0x0000000085000000|  0%| F|  |TAMS 0x0000000084f00000, 0x0000000084f00000| Untracked 
|  80|0x0000000085000000, 0x0000000085000000, 0x0000000085100000|  0%| F|  |TAMS 0x0000000085000000, 0x0000000085000000| Untracked 
|  81|0x0000000085100000, 0x0000000085100000, 0x0000000085200000|  0%| F|  |TAMS 0x0000000085100000, 0x0000000085100000| Untracked 
|  82|0x0000000085200000, 0x0000000085200000, 0x0000000085300000|  0%| F|  |TAMS 0x0000000085200000, 0x0000000085200000| Untracked 
|  83|0x0000000085300000, 0x0000000085300000, 0x0000000085400000|  0%| F|  |TAMS 0x0000000085300000, 0x0000000085300000| Untracked 
|  84|0x0000000085400000, 0x0000000085400000, 0x0000000085500000|  0%| F|  |TAMS 0x0000000085400000, 0x0000000085400000| Untracked 
|  85|0x0000000085500000, 0x0000000085500000, 0x0000000085600000|  0%| F|  |TAMS 0x0000000085500000, 0x0000000085500000| Untracked 
|  86|0x0000000085600000, 0x0000000085600000, 0x0000000085700000|  0%| F|  |TAMS 0x0000000085600000, 0x0000000085600000| Untracked 
|  87|0x0000000085700000, 0x0000000085700000, 0x0000000085800000|  0%| F|  |TAMS 0x0000000085700000, 0x0000000085700000| Untracked 
|  88|0x0000000085800000, 0x0000000085800000, 0x0000000085900000|  0%| F|  |TAMS 0x0000000085800000, 0x0000000085800000| Untracked 
|  89|0x0000000085900000, 0x0000000085900000, 0x0000000085a00000|  0%| F|  |TAMS 0x0000000085900000, 0x0000000085900000| Untracked 
|  90|0x0000000085a00000, 0x0000000085a00000, 0x0000000085b00000|  0%| F|  |TAMS 0x0000000085a00000, 0x0000000085a00000| Untracked 
|  91|0x0000000085b00000, 0x0000000085b00000, 0x0000000085c00000|  0%| F|  |TAMS 0x0000000085b00000, 0x0000000085b00000| Untracked 
|  92|0x0000000085c00000, 0x0000000085c00000, 0x0000000085d00000|  0%| F|  |TAMS 0x0000000085c00000, 0x0000000085c00000| Untracked 
|  93|0x0000000085d00000, 0x0000000085d00000, 0x0000000085e00000|  0%| F|  |TAMS 0x0000000085d00000, 0x0000000085d00000| Untracked 
|  94|0x0000000085e00000, 0x0000000085e00000, 0x0000000085f00000|  0%| F|  |TAMS 0x0000000085e00000, 0x0000000085e00000| Untracked 
|  95|0x0000000085f00000, 0x0000000085faf150, 0x0000000086000000| 68%| S|CS|TAMS 0x0000000085f00000, 0x0000000085f00000| Complete 
|  96|0x0000000086000000, 0x0000000086100000, 0x0000000086100000|100%| S|CS|TAMS 0x0000000086000000, 0x0000000086000000| Complete 
|  97|0x0000000086100000, 0x0000000086200000, 0x0000000086200000|100%| S|CS|TAMS 0x0000000086100000, 0x0000000086100000| Complete 
|  98|0x0000000086200000, 0x0000000086300000, 0x0000000086300000|100%| S|CS|TAMS 0x0000000086200000, 0x0000000086200000| Complete 
|  99|0x0000000086300000, 0x0000000086400000, 0x0000000086400000|100%| S|CS|TAMS 0x0000000086300000, 0x0000000086300000| Complete 
| 100|0x0000000086400000, 0x0000000086500000, 0x0000000086500000|100%| S|CS|TAMS 0x0000000086400000, 0x0000000086400000| Complete 
| 101|0x0000000086500000, 0x0000000086500000, 0x0000000086600000|  0%| F|  |TAMS 0x0000000086500000, 0x0000000086500000| Untracked 
| 102|0x0000000086600000, 0x0000000086600000, 0x0000000086700000|  0%| F|  |TAMS 0x0000000086600000, 0x0000000086600000| Untracked 
| 103|0x0000000086700000, 0x0000000086700000, 0x0000000086800000|  0%| F|  |TAMS 0x0000000086700000, 0x0000000086700000| Untracked 
| 104|0x0000000086800000, 0x0000000086800000, 0x0000000086900000|  0%| F|  |TAMS 0x0000000086800000, 0x0000000086800000| Untracked 
| 105|0x0000000086900000, 0x0000000086900000, 0x0000000086a00000|  0%| F|  |TAMS 0x0000000086900000, 0x0000000086900000| Untracked 
| 106|0x0000000086a00000, 0x0000000086a00000, 0x0000000086b00000|  0%| F|  |TAMS 0x0000000086a00000, 0x0000000086a00000| Untracked 
| 107|0x0000000086b00000, 0x0000000086b00000, 0x0000000086c00000|  0%| F|  |TAMS 0x0000000086b00000, 0x0000000086b00000| Untracked 
| 108|0x0000000086c00000, 0x0000000086c00000, 0x0000000086d00000|  0%| F|  |TAMS 0x0000000086c00000, 0x0000000086c00000| Untracked 
| 109|0x0000000086d00000, 0x0000000086d00000, 0x0000000086e00000|  0%| F|  |TAMS 0x0000000086d00000, 0x0000000086d00000| Untracked 
| 110|0x0000000086e00000, 0x0000000086e00000, 0x0000000086f00000|  0%| F|  |TAMS 0x0000000086e00000, 0x0000000086e00000| Untracked 
| 111|0x0000000086f00000, 0x0000000086f00000, 0x0000000087000000|  0%| F|  |TAMS 0x0000000086f00000, 0x0000000086f00000| Untracked 
| 112|0x0000000087000000, 0x0000000087000000, 0x0000000087100000|  0%| F|  |TAMS 0x0000000087000000, 0x0000000087000000| Untracked 
| 113|0x0000000087100000, 0x0000000087100000, 0x0000000087200000|  0%| F|  |TAMS 0x0000000087100000, 0x0000000087100000| Untracked 
| 114|0x0000000087200000, 0x0000000087200000, 0x0000000087300000|  0%| F|  |TAMS 0x0000000087200000, 0x0000000087200000| Untracked 
| 115|0x0000000087300000, 0x0000000087300000, 0x0000000087400000|  0%| F|  |TAMS 0x0000000087300000, 0x0000000087300000| Untracked 
| 116|0x0000000087400000, 0x0000000087400000, 0x0000000087500000|  0%| F|  |TAMS 0x0000000087400000, 0x0000000087400000| Untracked 
| 117|0x0000000087500000, 0x0000000087500000, 0x0000000087600000|  0%| F|  |TAMS 0x0000000087500000, 0x0000000087500000| Untracked 
| 118|0x0000000087600000, 0x0000000087600000, 0x0000000087700000|  0%| F|  |TAMS 0x0000000087600000, 0x0000000087600000| Untracked 
| 119|0x0000000087700000, 0x0000000087700000, 0x0000000087800000|  0%| F|  |TAMS 0x0000000087700000, 0x0000000087700000| Untracked 
| 120|0x0000000087800000, 0x0000000087800000, 0x0000000087900000|  0%| F|  |TAMS 0x0000000087800000, 0x0000000087800000| Untracked 
| 121|0x0000000087900000, 0x0000000087900000, 0x0000000087a00000|  0%| F|  |TAMS 0x0000000087900000, 0x0000000087900000| Untracked 
| 122|0x0000000087a00000, 0x0000000087a00000, 0x0000000087b00000|  0%| F|  |TAMS 0x0000000087a00000, 0x0000000087a00000| Untracked 
| 123|0x0000000087b00000, 0x0000000087b00000, 0x0000000087c00000|  0%| F|  |TAMS 0x0000000087b00000, 0x0000000087b00000| Untracked 
| 124|0x0000000087c00000, 0x0000000087c00000, 0x0000000087d00000|  0%| F|  |TAMS 0x0000000087c00000, 0x0000000087c00000| Untracked 
| 125|0x0000000087d00000, 0x0000000087d00000, 0x0000000087e00000|  0%| F|  |TAMS 0x0000000087d00000, 0x0000000087d00000| Untracked 
| 126|0x0000000087e00000, 0x0000000087e00000, 0x0000000087f00000|  0%| F|  |TAMS 0x0000000087e00000, 0x0000000087e00000| Untracked 
| 127|0x0000000087f00000, 0x0000000087f00000, 0x0000000088000000|  0%| F|  |TAMS 0x0000000087f00000, 0x0000000087f00000| Untracked 

Card table byte_map: [0x000001e05b6c0000,0x000001e05bac0000] _byte_map_base: 0x000001e05b2c0000

Marking Bits (Prev, Next): (CMBitMap*) 0x000001e04880b528, (CMBitMap*) 0x000001e04880b560
 Prev Bits: [0x000001e05bec0000, 0x000001e05dec0000)
 Next Bits: [0x000001e05dec0000, 0x000001e05fec0000)

Polling page: 0x000001e0466e0000

Metaspace:

Usage:
  Non-class:     31.76 MB capacity,    31.21 MB ( 98%) used,   476.92 KB (  1%) free+waste,    84.31 KB ( <1%) overhead. 
      Class:      4.95 MB capacity,     4.64 MB ( 94%) used,   276.36 KB (  5%) free+waste,    41.13 KB ( <1%) overhead. 
       Both:     36.71 MB capacity,    35.85 MB ( 98%) used,   753.28 KB (  2%) free+waste,   125.44 KB ( <1%) overhead. 

Virtual space:
  Non-class space:       38.00 MB reserved,      32.00 MB ( 84%) committed 
      Class space:        1.00 GB reserved,       4.95 MB ( <1%) committed 
             Both:        1.04 GB reserved,      36.95 MB (  3%) committed 

Chunk freelists:
   Non-Class:  0 bytes
       Class:  4.00 KB
        Both:  4.00 KB

MaxMetaspaceSize: 17179869184.00 GB
CompressedClassSpaceSize: 1.00 GB

CodeHeap 'non-profiled nmethods': size=120064Kb used=1712Kb max_used=1712Kb free=118352Kb
 bounds [0x000001e053d80000, 0x000001e053ff0000, 0x000001e05b2c0000]
CodeHeap 'profiled nmethods': size=120000Kb used=6849Kb max_used=6849Kb free=113150Kb
 bounds [0x000001e04c850000, 0x000001e04cf10000, 0x000001e053d80000]
CodeHeap 'non-nmethods': size=5696Kb used=1511Kb max_used=1538Kb free=4184Kb
 bounds [0x000001e04c2c0000, 0x000001e04c530000, 0x000001e04c850000]
 total_blobs=3884 nmethods=3263 adapters=532
 compilation: enabled
              stopped_count=0, restarted_count=0
 full_count=0

Compilation events (20 events):
Event: 9.972 Thread 0x000001e0623c8000 3223       3       java.lang.invoke.MethodHandles$Lookup::resolveOrFail (39 bytes)
Event: 9.974 Thread 0x000001e0623c8000 nmethod 3223 0x000001e04cee9010 code [0x000001e04cee92e0, 0x000001e04cee9f88]
Event: 9.974 Thread 0x000001e0623c8000 3224       3       java.lang.invoke.MethodHandles$Lookup::getDirectMethodForConstant (71 bytes)
Event: 9.975 Thread 0x000001e0623c8000 nmethod 3224 0x000001e04ceea410 code [0x000001e04ceea720, 0x000001e04ceeb5c8]
Event: 10.030 Thread 0x000001e0623c8000 3225       1       javax.management.ObjectName$Property::setKeyIndex (6 bytes)
Event: 10.030 Thread 0x000001e0623c8000 nmethod 3225 0x000001e053f1da10 code [0x000001e053f1dbc0, 0x000001e053f1dc78]
Event: 10.031 Thread 0x000001e0623c8000 3226       1       java.util.Spliterators$EmptySpliterator::characteristics (4 bytes)
Event: 10.031 Thread 0x000001e0623c8000 nmethod 3226 0x000001e053f1dd10 code [0x000001e053f1dec0, 0x000001e053f1df78]
Event: 10.031 Thread 0x000001e0623c8000 3227       1       sun.management.MemoryPoolImpl::getName (5 bytes)
Event: 10.031 Thread 0x000001e0623c8000 nmethod 3227 0x000001e053f1e010 code [0x000001e053f1e1c0, 0x000001e053f1e278]
Event: 10.121 Thread 0x000001e064df1000 nmethod 3208 0x000001e053f1e310 code [0x000001e053f1e840, 0x000001e053f21eb8]
Event: 10.121 Thread 0x000001e064df1000 3228   !   4       jdk.internal.loader.URLClassPath$JarLoader::getResource (65 bytes)
Event: 10.169 Thread 0x000001e0623c8000 3229       3       sun.nio.fs.WindowsPathParser::normalize (233 bytes)
Event: 10.174 Thread 0x000001e0623c8000 nmethod 3229 0x000001e04ceebb10 code [0x000001e04ceec180, 0x000001e04ceef628]
Event: 10.176 Thread 0x000001e0623c8000 3230       3       org.gradle.internal.classpath.DefaultClassPath::of (33 bytes)
Event: 10.176 Thread 0x000001e0623c8000 nmethod 3230 0x000001e04cef0990 code [0x000001e04cef0b80, 0x000001e04cef0fb8]
Event: 10.189 Thread 0x000001e0623c8000 3231   !   3       java.lang.invoke.MethodHandles$Lookup::canBeCached (150 bytes)
Event: 10.193 Thread 0x000001e0623c8000 nmethod 3231 0x000001e04cef1110 code [0x000001e04cef1540, 0x000001e04cef3628]
Event: 10.193 Thread 0x000001e0623c8000 3232       3       java.lang.invoke.InfoFromMemberName::getDeclaringClass (8 bytes)
Event: 10.193 Thread 0x000001e0623c8000 nmethod 3232 0x000001e04cef4190 code [0x000001e04cef4340, 0x000001e04cef4458]

GC Heap History (12 events):
Event: 1.043 GC heap before
{Heap before GC invocations=0 (full 0):
 garbage-first heap   total 131072K, used 19456K [0x0000000080000000, 0x0000000100000000)
  region size 1024K, 14 young (14336K), 0 survivors (0K)
 Metaspace       used 6761K, capacity 6937K, committed 7168K, reserved 1056768K
  class space    used 584K, capacity 650K, committed 768K, reserved 1048576K
}
Event: 1.048 GC heap after
{Heap after GC invocations=1 (full 0):
 garbage-first heap   total 131072K, used 7939K [0x0000000080000000, 0x0000000100000000)
  region size 1024K, 2 young (2048K), 2 survivors (2048K)
 Metaspace       used 6761K, capacity 6937K, committed 7168K, reserved 1056768K
  class space    used 584K, capacity 650K, committed 768K, reserved 1048576K
}
Event: 1.528 GC heap before
{Heap before GC invocations=1 (full 0):
 garbage-first heap   total 131072K, used 20227K [0x0000000080000000, 0x0000000100000000)
  region size 1024K, 14 young (14336K), 2 survivors (2048K)
 Metaspace       used 10258K, capacity 10501K, committed 10624K, reserved 1058816K
  class space    used 1064K, capacity 1139K, committed 1152K, reserved 1048576K
}
Event: 1.532 GC heap after
{Heap after GC invocations=2 (full 0):
 garbage-first heap   total 131072K, used 9214K [0x0000000080000000, 0x0000000100000000)
  region size 1024K, 2 young (2048K), 2 survivors (2048K)
 Metaspace       used 10258K, capacity 10501K, committed 10624K, reserved 1058816K
  class space    used 1064K, capacity 1139K, committed 1152K, reserved 1048576K
}
Event: 2.250 GC heap before
{Heap before GC invocations=2 (full 0):
 garbage-first heap   total 131072K, used 38910K [0x0000000080000000, 0x0000000100000000)
  region size 1024K, 31 young (31744K), 2 survivors (2048K)
 Metaspace       used 11176K, capacity 11454K, committed 11520K, reserved 1058816K
  class space    used 1166K, capacity 1243K, committed 1280K, reserved 1048576K
}
Event: 2.255 GC heap after
{Heap after GC invocations=3 (full 0):
 garbage-first heap   total 131072K, used 11622K [0x0000000080000000, 0x0000000100000000)
  region size 1024K, 4 young (4096K), 4 survivors (4096K)
 Metaspace       used 11176K, capacity 11454K, committed 11520K, reserved 1058816K
  class space    used 1166K, capacity 1243K, committed 1280K, reserved 1048576K
}
Event: 4.830 GC heap before
{Heap before GC invocations=3 (full 0):
 garbage-first heap   total 131072K, used 73062K [0x0000000080000000, 0x0000000100000000)
  region size 1024K, 65 young (66560K), 4 survivors (4096K)
 Metaspace       used 20579K, capacity 21104K, committed 21248K, reserved 1067008K
  class space    used 2507K, capacity 2690K, committed 2816K, reserved 1048576K
}
Event: 4.844 GC heap after
{Heap after GC invocations=4 (full 0):
 garbage-first heap   total 131072K, used 16877K [0x0000000080000000, 0x0000000100000000)
  region size 1024K, 9 young (9216K), 9 survivors (9216K)
 Metaspace       used 20579K, capacity 21104K, committed 21248K, reserved 1067008K
  class space    used 2507K, capacity 2690K, committed 2816K, reserved 1048576K
}
Event: 6.561 GC heap before
{Heap before GC invocations=5 (full 0):
 garbage-first heap   total 131072K, used 81389K [0x0000000080000000, 0x0000000100000000)
  region size 1024K, 72 young (73728K), 9 survivors (9216K)
 Metaspace       used 26761K, capacity 27396K, committed 27648K, reserved 1073152K
  class space    used 3530K, capacity 3794K, committed 3840K, reserved 1048576K
}
Event: 6.580 GC heap after
{Heap after GC invocations=6 (full 0):
 garbage-first heap   total 131072K, used 18777K [0x0000000080000000, 0x0000000100000000)
  region size 1024K, 3 young (3072K), 3 survivors (3072K)
 Metaspace       used 26761K, capacity 27396K, committed 27648K, reserved 1073152K
  class space    used 3530K, capacity 3794K, committed 3840K, reserved 1048576K
}
Event: 9.173 GC heap before
{Heap before GC invocations=6 (full 0):
 garbage-first heap   total 131072K, used 61785K [0x0000000080000000, 0x0000000100000000)
  region size 1024K, 46 young (47104K), 3 survivors (3072K)
 Metaspace       used 35072K, capacity 35838K, committed 35840K, reserved 1081344K
  class space    used 4540K, capacity 4864K, committed 4864K, reserved 1048576K
}
Event: 9.215 GC heap after
{Heap after GC invocations=7 (full 0):
 garbage-first heap   total 131072K, used 21791K [0x0000000080000000, 0x0000000100000000)
  region size 1024K, 6 young (6144K), 6 survivors (6144K)
 Metaspace       used 35072K, capacity 35838K, committed 35840K, reserved 1081344K
  class space    used 4540K, capacity 4864K, committed 4864K, reserved 1048576K
}

Deoptimization events (20 events):
Event: 9.878 Thread 0x000001e063d71000 Uncommon trap: trap_request=0xffffffbe fr.pc=0x000001e053f129c8 relative=0x0000000000000968
Event: 9.878 Thread 0x000001e063d71000 Uncommon trap: reason=profile_predicate action=maybe_recompile pc=0x000001e053f129c8 method=jdk.internal.jimage.ImageStringsReader.charsFromByteBuffer([CLjava/nio/ByteBuffer;)V @ 6 c2
Event: 9.878 Thread 0x000001e063d71000 DEOPT PACKING pc=0x000001e053f129c8 sp=0x0000004ca47f9480
Event: 9.878 Thread 0x000001e063d71000 DEOPT UNPACKING pc=0x000001e04c2e78af sp=0x0000004ca47f9358 mode 2
Event: 9.878 Thread 0x000001e063d71000 Uncommon trap: trap_request=0xffffffbe fr.pc=0x000001e053f129c8 relative=0x0000000000000968
Event: 9.878 Thread 0x000001e063d71000 Uncommon trap: reason=profile_predicate action=maybe_recompile pc=0x000001e053f129c8 method=jdk.internal.jimage.ImageStringsReader.charsFromByteBuffer([CLjava/nio/ByteBuffer;)V @ 6 c2
Event: 9.878 Thread 0x000001e063d71000 DEOPT PACKING pc=0x000001e053f129c8 sp=0x0000004ca47f9480
Event: 9.878 Thread 0x000001e063d71000 DEOPT UNPACKING pc=0x000001e04c2e78af sp=0x0000004ca47f9358 mode 2
Event: 9.878 Thread 0x000001e063d71000 Uncommon trap: trap_request=0xffffffbe fr.pc=0x000001e053f129c8 relative=0x0000000000000968
Event: 9.878 Thread 0x000001e063d71000 Uncommon trap: reason=profile_predicate action=maybe_recompile pc=0x000001e053f129c8 method=jdk.internal.jimage.ImageStringsReader.charsFromByteBuffer([CLjava/nio/ByteBuffer;)V @ 6 c2
Event: 9.878 Thread 0x000001e063d71000 DEOPT PACKING pc=0x000001e053f129c8 sp=0x0000004ca47f9480
Event: 9.878 Thread 0x000001e063d71000 DEOPT UNPACKING pc=0x000001e04c2e78af sp=0x0000004ca47f9358 mode 2
Event: 9.878 Thread 0x000001e063d71000 Uncommon trap: trap_request=0xffffffbe fr.pc=0x000001e053f129c8 relative=0x0000000000000968
Event: 9.878 Thread 0x000001e063d71000 Uncommon trap: reason=profile_predicate action=maybe_recompile pc=0x000001e053f129c8 method=jdk.internal.jimage.ImageStringsReader.charsFromByteBuffer([CLjava/nio/ByteBuffer;)V @ 6 c2
Event: 9.878 Thread 0x000001e063d71000 DEOPT PACKING pc=0x000001e053f129c8 sp=0x0000004ca47f9480
Event: 9.878 Thread 0x000001e063d71000 DEOPT UNPACKING pc=0x000001e04c2e78af sp=0x0000004ca47f9358 mode 2
Event: 9.879 Thread 0x000001e063d71000 Uncommon trap: trap_request=0xffffffbe fr.pc=0x000001e053f1439c relative=0x000000000000099c
Event: 9.879 Thread 0x000001e063d71000 Uncommon trap: reason=profile_predicate action=maybe_recompile pc=0x000001e053f1439c method=jdk.internal.jimage.ImageStringsReader.charsFromByteBuffer([CLjava/nio/ByteBuffer;)V @ 6 c2
Event: 9.879 Thread 0x000001e063d71000 DEOPT PACKING pc=0x000001e053f1439c sp=0x0000004ca47f9560
Event: 9.879 Thread 0x000001e063d71000 DEOPT UNPACKING pc=0x000001e04c2e78af sp=0x0000004ca47f9368 mode 2

Classes redefined (0 events):
No events

Internal exceptions (20 events):
Event: 8.227 Thread 0x000001e063d71000 Exception <a 'java/lang/NoSuchMethodError'{0x0000000086169d78}: 'void java.lang.invoke.DirectMethodHandle$Holder.invokeStaticInit(java.lang.Object, java.lang.Object, java.lang.Object)'> (0x0000000086169d78) thrown at [./src/hotspot/share/interpreter/linkResolver.cpp, line 773]
Event: 8.230 Thread 0x000001e063d71000 Exception <a 'java/lang/NoSuchMethodError'{0x0000000086170b50}: 'void java.lang.invoke.DirectMethodHandle$Holder.invokeStaticInit(java.lang.Object, java.lang.Object, java.lang.Object, java.lang.Object)'> (0x0000000086170b50) thrown at [./src/hotspot/share/interpreter/linkResolver.cpp, line 773]
Event: 8.245 Thread 0x000001e063d71000 Exception <a 'java/lang/NoSuchMethodError'{0x0000000086193b58}: 'void java.lang.invoke.DirectMethodHandle$Holder.invokeStaticInit(java.lang.Object, java.lang.Object, java.lang.Object, java.lang.Object, java.lang.Object)'> (0x0000000086193b58) thrown at [./src/hotspot/share/interpreter/linkResolver.cpp, line 773]
Event: 8.247 Thread 0x000001e063d71000 Exception <a 'java/lang/NoSuchMethodError'{0x000000008619b268}: 'int java.lang.invoke.DirectMethodHandle$Holder.invokeStaticInit(java.lang.Object, java.lang.Object, java.lang.Object)'> (0x000000008619b268) thrown at [./src/hotspot/share/interpreter/linkResolver.cpp, line 773]
Event: 8.325 Thread 0x000001e063d71000 Exception <a 'java/lang/NoSuchMethodError'{0x00000000861f9b40}: 'int java.lang.invoke.DirectMethodHandle$Holder.invokeStaticInit(java.lang.Object, java.lang.Object, java.lang.Object, java.lang.Object)'> (0x00000000861f9b40) thrown at [./src/hotspot/share/interpreter/linkResolver.cpp, line 773]
Event: 8.326 Thread 0x000001e063d71000 Exception <a 'java/lang/IncompatibleClassChangeError'{0x00000000860038c0}: Found class java.lang.Object, but interface was expected> (0x00000000860038c0) thrown at [./src/hotspot/share/interpreter/linkResolver.cpp, line 839]
Event: 8.895 Thread 0x000001e063d71000 Exception <a 'java/lang/NoSuchMethodError'{0x000000008593a558}: 'java.lang.Object java.lang.invoke.DirectMethodHandle$Holder.invokeStatic(java.lang.Object, java.lang.Object, java.lang.Object, java.lang.Object, java.lang.Object, java.lang.Object, java.lang.Object, java.lang.Object, java.lang.Object, java.lang.Object, java.lang.Object, int)'> (0x000000008593a558) thrown at [./src/hotspot/share/interpreter/linkResolver.cpp, line 773]
Event: 8.899 Thread 0x000001e063d71000 Exception <a 'java/lang/NoSuchMethodError'{0x0000000085958fd8}: 'java.lang.Object java.lang.invoke.DirectMethodHandle$Holder.invokeStatic(java.lang.Object, java.lang.Object, java.lang.Object, java.lang.Object, java.lang.Object, java.lang.Object, java.lang.Object, java.lang.Object, java.lang.Object, java.lang.Object, java.lang.Object, int, int)'> (0x0000000085958fd8) thrown at [./src/hotspot/share/interpreter/linkResolver.cpp, line 773]
Event: 8.903 Thread 0x000001e063d71000 Exception <a 'java/lang/NoSuchMethodError'{0x0000000085978808}: 'java.lang.Object java.lang.invoke.DirectMethodHandle$Holder.invokeStatic(java.lang.Object, java.lang.Object, java.lang.Object, java.lang.Object, java.lang.Object, java.lang.Object, java.lang.Object, java.lang.Object, java.lang.Object, java.lang.Object, java.lang.Object, int, int, java.lang.Object)'> (0x0000000085978808) thrown at [./src/hotspot/share/interpreter/linkResolver.cpp, line 773]
Event: 8.906 Thread 0x000001e063d71000 Exception <a 'java/lang/NoSuchMethodError'{0x0000000085999b50}: 'java.lang.Object java.lang.invoke.DirectMethodHandle$Holder.invokeStatic(java.lang.Object, java.lang.Object, java.lang.Object, java.lang.Object, java.lang.Object, java.lang.Object, java.lang.Object, java.lang.Object, java.lang.Object, java.lang.Object, java.lang.Object, int, int, java.lang.Object, java.lang.Object)'> (0x0000000085999b50) thrown at [./src/hotspot/share/interpreter/linkResolver.cpp, line 773]
Event: 8.910 Thread 0x000001e063d71000 Exception <a 'java/lang/ClassNotFoundException'{0x00000000859c75e8}: groovy/lang/ExpandoMetaClassBeanInfo> (0x00000000859c75e8) thrown at [./src/hotspot/share/classfile/systemDictionary.cpp, line 231]
Event: 8.913 Thread 0x000001e063d71000 Exception <a 'java/lang/ClassNotFoundException'{0x00000000859e5338}: groovy/lang/MetaClassImplBeanInfo> (0x00000000859e5338) thrown at [./src/hotspot/share/classfile/systemDictionary.cpp, line 231]
Event: 8.913 Thread 0x000001e063d71000 Exception <a 'java/lang/ClassNotFoundException'{0x00000000859ed240}: java/lang/ObjectBeanInfo> (0x00000000859ed240) thrown at [./src/hotspot/share/classfile/systemDictionary.cpp, line 231]
Event: 8.915 Thread 0x000001e063d71000 Exception <a 'java/lang/ClassNotFoundException'{0x00000000859f7580}: java/lang/ObjectCustomizer> (0x00000000859f7580) thrown at [./src/hotspot/share/classfile/systemDictionary.cpp, line 231]
Event: 8.932 Thread 0x000001e063d71000 Exception <a 'java/lang/ClassNotFoundException'{0x000000008581c598}: groovy/lang/MetaClassImplCustomizer> (0x000000008581c598) thrown at [./src/hotspot/share/classfile/systemDictionary.cpp, line 231]
Event: 8.938 Thread 0x000001e063d71000 Exception <a 'java/lang/ClassNotFoundException'{0x0000000085859ce8}: groovy/lang/ExpandoMetaClassCustomizer> (0x0000000085859ce8) thrown at [./src/hotspot/share/classfile/systemDictionary.cpp, line 231]
Event: 9.954 Thread 0x000001e063d71000 Exception <a 'java/lang/ClassNotFoundException'{0x0000000086a991a0}: org/gradle/internal/extensibility/DefaultExtraPropertiesExtensionBeanInfo> (0x0000000086a991a0) thrown at [./src/hotspot/share/classfile/systemDictionary.cpp, line 231]
Event: 9.955 Thread 0x000001e063d71000 Exception <a 'java/lang/ClassNotFoundException'{0x0000000086ab8120}: groovy/lang/GroovyObjectSupportBeanInfo> (0x0000000086ab8120) thrown at [./src/hotspot/share/classfile/systemDictionary.cpp, line 231]
Event: 9.955 Thread 0x000001e063d71000 Exception <a 'java/lang/ClassNotFoundException'{0x0000000086ad70e8}: groovy/lang/GroovyObjectSupportCustomizer> (0x0000000086ad70e8) thrown at [./src/hotspot/share/classfile/systemDictionary.cpp, line 231]
Event: 9.958 Thread 0x000001e063d71000 Exception <a 'java/lang/ClassNotFoundException'{0x0000000086afc5c0}: org/gradle/internal/extensibility/DefaultExtraPropertiesExtensionCustomizer> (0x0000000086afc5c0) thrown at [./src/hotspot/share/classfile/systemDictionary.cpp, line 231]

Events (20 events):
Event: 10.202 loading class org/gradle/internal/nativeintegration/filesystem/services/NativePlatformBackedFileMetadataAccessor$1
Event: 10.202 loading class org/gradle/internal/nativeintegration/filesystem/services/NativePlatformBackedFileMetadataAccessor$1 done
Event: 10.203 loading class org/gradle/internal/file/impl/DefaultFileMetadata
Event: 10.203 loading class org/gradle/internal/file/impl/DefaultFileMetadata done
Event: 10.204 loading class org/gradle/internal/file/FileMetadata
Event: 10.204 loading class org/gradle/internal/file/FileMetadata done
Event: 10.204 loading class org/gradle/internal/file/FileType
Event: 10.204 loading class org/gradle/internal/file/FileType done
Event: 10.205 loading class org/gradle/internal/file/impl/DefaultFileMetadata$1
Event: 10.205 loading class org/gradle/internal/file/impl/DefaultFileMetadata$1 done
Event: 10.205 loading class org/gradle/internal/vfs/impl/DefaultFileSystemAccess$1
Event: 10.205 loading class org/gradle/internal/vfs/impl/DefaultFileSystemAccess$1 done
Event: 10.205 loading class org/gradle/internal/snapshot/impl/DirectorySnapshotter$PathVisitor
Event: 10.205 loading class org/gradle/internal/snapshot/impl/DirectorySnapshotter$PathVisitor done
Event: 10.206 loading class org/gradle/internal/snapshot/impl/DirectorySnapshotterStatistics$CollectingFileVisitor
Event: 10.206 loading class org/gradle/internal/snapshot/impl/DirectorySnapshotterStatistics$CollectingFileVisitor done
Event: 10.207 loading class org/gradle/internal/snapshot/RelativePathTracker
Event: 10.207 loading class org/gradle/internal/snapshot/RelativePathTracker done
Event: 10.208 loading class org/gradle/internal/RelativePathSupplier
Event: 10.208 loading class org/gradle/internal/RelativePathSupplier done


Dynamic libraries:
0x00007ff696220000 - 0x00007ff69622a000 	C:\Program Files\Android\Android Studio1\jre\bin\java.exe
0x00007ffc05370000 - 0x00007ffc05565000 	C:\WINDOWS\SYSTEM32\ntdll.dll
0x00007ffc05270000 - 0x00007ffc0532e000 	C:\WINDOWS\System32\KERNEL32.DLL
0x00007ffc030f0000 - 0x00007ffc033b8000 	C:\WINDOWS\System32\KERNELBASE.dll
0x00007ffc02c30000 - 0x00007ffc02d30000 	C:\WINDOWS\System32\ucrtbase.dll
0x00007ffbfdb00000 - 0x00007ffbfdb19000 	C:\Program Files\Android\Android Studio1\jre\bin\jli.dll
0x00007ffc03ef0000 - 0x00007ffc04091000 	C:\WINDOWS\System32\USER32.dll
0x00007ffc02ff0000 - 0x00007ffc03012000 	C:\WINDOWS\System32\win32u.dll
0x00007ffc04a10000 - 0x00007ffc04a3b000 	C:\WINDOWS\System32\GDI32.dll
0x00007ffc02d30000 - 0x00007ffc02e3b000 	C:\WINDOWS\System32\gdi32full.dll
0x00007ffc03020000 - 0x00007ffc030bd000 	C:\WINDOWS\System32\msvcp_win.dll
0x00007ffbfdae0000 - 0x00007ffbfdaf7000 	C:\Program Files\Android\Android Studio1\jre\bin\VCRUNTIME140.dll
0x00007ffbe12a0000 - 0x00007ffbe153a000 	C:\WINDOWS\WinSxS\amd64_microsoft.windows.common-controls_6595b64144ccf1df_6.0.19041.1110_none_60b5254171f9507e\COMCTL32.dll
0x00007ffc04ad0000 - 0x00007ffc04b6e000 	C:\WINDOWS\System32\msvcrt.dll
0x00007ffc04b70000 - 0x00007ffc04ba0000 	C:\WINDOWS\System32\IMM32.DLL
0x00007ffbf05f0000 - 0x00007ffbf068d000 	C:\Program Files\Android\Android Studio1\jre\bin\msvcp140.dll
0x00007ffbeb5c0000 - 0x00007ffbec08f000 	C:\Program Files\Android\Android Studio1\jre\bin\server\jvm.dll
0x00007ffc04960000 - 0x00007ffc04a0c000 	C:\WINDOWS\System32\ADVAPI32.dll
0x00007ffc05020000 - 0x00007ffc050bb000 	C:\WINDOWS\System32\sechost.dll
0x00007ffc03560000 - 0x00007ffc0368a000 	C:\WINDOWS\System32\RPCRT4.dll
0x00007ffc051e0000 - 0x00007ffc051e8000 	C:\WINDOWS\System32\PSAPI.DLL
0x00007ffbe26d0000 - 0x00007ffbe26d9000 	C:\WINDOWS\SYSTEM32\WSOCK32.dll
0x00007ffc050c0000 - 0x00007ffc0512b000 	C:\WINDOWS\System32\WS2_32.dll
0x00007ffbe19b0000 - 0x00007ffbe19d7000 	C:\WINDOWS\SYSTEM32\WINMM.dll
0x00007ffbf7270000 - 0x00007ffbf727a000 	C:\WINDOWS\SYSTEM32\VERSION.dll
0x00007ffc01310000 - 0x00007ffc01322000 	C:\WINDOWS\SYSTEM32\kernel.appcore.dll
0x00007ffbf2fa0000 - 0x00007ffbf2fb1000 	C:\Program Files\Android\Android Studio1\jre\bin\verify.dll
0x00007ffc00fe0000 - 0x00007ffc011c4000 	C:\WINDOWS\SYSTEM32\DBGHELP.DLL
0x00007ffbf51b0000 - 0x00007ffbf51dc000 	C:\WINDOWS\SYSTEM32\dbgcore.DLL
0x00007ffc02af0000 - 0x00007ffc02b73000 	C:\WINDOWS\System32\bcryptPrimitives.dll
0x00007ffbf27e0000 - 0x00007ffbf2809000 	C:\Program Files\Android\Android Studio1\jre\bin\java.dll
0x00007ffbfad70000 - 0x00007ffbfad7b000 	C:\Program Files\Android\Android Studio1\jre\bin\jimage.dll
0x00007ffbf26f0000 - 0x00007ffbf2708000 	C:\Program Files\Android\Android Studio1\jre\bin\zip.dll
0x00007ffc04220000 - 0x00007ffc0495f000 	C:\WINDOWS\System32\SHELL32.dll
0x00007ffc00780000 - 0x00007ffc00f10000 	C:\WINDOWS\SYSTEM32\windows.storage.dll
0x00007ffc03880000 - 0x00007ffc03bd5000 	C:\WINDOWS\System32\combase.dll
0x00007ffc02410000 - 0x00007ffc0243e000 	C:\WINDOWS\SYSTEM32\Wldp.dll
0x00007ffc03690000 - 0x00007ffc0373d000 	C:\WINDOWS\System32\SHCORE.dll
0x00007ffc034a0000 - 0x00007ffc034f5000 	C:\WINDOWS\System32\shlwapi.dll
0x00007ffc029d0000 - 0x00007ffc029ef000 	C:\WINDOWS\SYSTEM32\profapi.dll
0x00007ffbf26d0000 - 0x00007ffbf26ea000 	C:\Program Files\Android\Android Studio1\jre\bin\net.dll
0x00007ffbf9020000 - 0x00007ffbf912c000 	C:\WINDOWS\SYSTEM32\WINHTTP.dll
0x00007ffc02170000 - 0x00007ffc021da000 	C:\WINDOWS\system32\mswsock.dll
0x00007ffbf0db0000 - 0x00007ffbf0dc4000 	C:\Program Files\Android\Android Studio1\jre\bin\nio.dll
0x00007ffbf2820000 - 0x00007ffbf2847000 	C:\Users\HP\.gradle\native\8bec1ad78214c89d9ad589b4d07fe93259594b29d510b10fafb7a158f7737e5d\windows-amd64\native-platform.dll
0x00007ffbeca70000 - 0x00007ffbecbad000 	C:\Users\HP\.gradle\native\53dbd7edfb1c66fb8903c78663c9afc45aea4f116125fa6feffd364cf09443e8\windows-amd64\native-platform-file-events.dll
0x00007ffbf9130000 - 0x00007ffbf913a000 	C:\Program Files\Android\Android Studio1\jre\bin\management.dll
0x00007ffbf2e80000 - 0x00007ffbf2e8c000 	C:\Program Files\Android\Android Studio1\jre\bin\management_ext.dll
0x00007ffc02370000 - 0x00007ffc02388000 	C:\WINDOWS\SYSTEM32\CRYPTSP.dll
0x00007ffc01af0000 - 0x00007ffc01b24000 	C:\WINDOWS\system32\rsaenh.dll
0x00007ffc030c0000 - 0x00007ffc030e7000 	C:\WINDOWS\System32\bcrypt.dll
0x00007ffc02990000 - 0x00007ffc029be000 	C:\WINDOWS\SYSTEM32\USERENV.dll
0x00007ffc02360000 - 0x00007ffc0236c000 	C:\WINDOWS\SYSTEM32\CRYPTBASE.dll
0x00007ffc01e60000 - 0x00007ffc01e9b000 	C:\WINDOWS\SYSTEM32\IPHLPAPI.DLL
0x00007ffc03ee0000 - 0x00007ffc03ee8000 	C:\WINDOWS\System32\NSI.dll
0x00007ffc005a0000 - 0x00007ffc005b7000 	C:\WINDOWS\SYSTEM32\dhcpcsvc6.DLL
0x00007ffc00580000 - 0x00007ffc0059d000 	C:\WINDOWS\SYSTEM32\dhcpcsvc.DLL
0x00007ffc01ea0000 - 0x00007ffc01f6b000 	C:\WINDOWS\SYSTEM32\DNSAPI.dll

dbghelp: loaded successfully - version: 4.0.5 - missing functions: none
symbol engine: initialized successfully - sym options: 0x614 - pdb path: .;C:\Program Files\Android\Android Studio1\jre\bin;C:\WINDOWS\SYSTEM32;C:\WINDOWS\WinSxS\amd64_microsoft.windows.common-controls_6595b64144ccf1df_6.0.19041.1110_none_60b5254171f9507e;C:\Program Files\Android\Android Studio1\jre\bin\server;C:\Users\HP\.gradle\native\8bec1ad78214c89d9ad589b4d07fe93259594b29d510b10fafb7a158f7737e5d\windows-amd64;C:\Users\HP\.gradle\native\53dbd7edfb1c66fb8903c78663c9afc45aea4f116125fa6feffd364cf09443e8\windows-amd64

VM Arguments:
jvm_args: --add-opens=java.base/java.util=ALL-UNNAMED --add-opens=java.base/java.lang=ALL-UNNAMED --add-opens=java.base/java.lang.invoke=ALL-UNNAMED --add-opens=java.base/java.util=ALL-UNNAMED --add-opens=java.prefs/java.util.prefs=ALL-UNNAMED --add-opens=java.prefs/java.util.prefs=ALL-UNNAMED --add-opens=java.base/java.nio.charset=ALL-UNNAMED --add-opens=java.base/java.net=ALL-UNNAMED --add-opens=java.base/java.util.concurrent.atomic=ALL-UNNAMED -Xmx2048m -Dfile.encoding=UTF-8 -Duser.country=RU -Duser.language=ru -Duser.variant 
java_command: org.gradle.launcher.daemon.bootstrap.GradleDaemon 7.0.2
java_class_path (initial): C:\Users\HP\.gradle\wrapper\dists\gradle-7.0.2-bin\857tjihv64xamwrf0h14cai3r\gradle-7.0.2\lib\gradle-launcher-7.0.2.jar
Launcher Type: SUN_STANDARD

[Global flags]
     intx CICompilerCount                          = 3                                         {product} {ergonomic}
     uint ConcGCThreads                            = 1                                         {product} {ergonomic}
     uint G1ConcRefinementThreads                  = 4                                         {product} {ergonomic}
   size_t G1HeapRegionSize                         = 1048576                                   {product} {ergonomic}
    uintx GCDrainStackTargetSize                   = 64                                        {product} {ergonomic}
   size_t InitialHeapSize                          = 134217728                                 {product} {ergonomic}
   size_t MarkStackSize                            = 4194304                                   {product} {ergonomic}
   size_t MaxHeapSize                              = 2147483648                                {product} {command line}
   size_t MaxNewSize                               = 1287651328                                {product} {ergonomic}
   size_t MinHeapDeltaBytes                        = 1048576                                   {product} {ergonomic}
    uintx NonNMethodCodeHeapSize                   = 5830732                                {pd product} {ergonomic}
    uintx NonProfiledCodeHeapSize                  = 122913754                              {pd product} {ergonomic}
    uintx ProfiledCodeHeapSize                     = 122913754                              {pd product} {ergonomic}
    uintx ReservedCodeCacheSize                    = 251658240                              {pd product} {ergonomic}
     bool SegmentedCodeCache                       = true                                      {product} {ergonomic}
     bool UseCompressedClassPointers               = true                                 {lp64_product} {ergonomic}
     bool UseCompressedOops                        = true                                 {lp64_product} {ergonomic}
     bool UseG1GC                                  = true                                      {product} {ergonomic}
     bool UseLargePagesIndividualAllocation        = false                                  {pd product} {ergonomic}

Logging:
Log output configuration:
 #0: stdout all=warning uptime,level,tags
 #1: stderr all=off uptime,level,tags

Environment Variables:
PATH=C:\Program Files (x86)\Common Files\Oracle\Java\javapath;C:\ProgramData\Oracle\Java\javapath;C:\Program Files (x86)\Intel\iCLS Client\;C:\Program Files\Intel\iCLS Client\;C:\WINDOWS\system32;C:\WINDOWS;C:\WINDOWS\System32\Wbem;C:\WINDOWS\System32\WindowsPowerShell\v1.0\;C:\Program Files (x86)\Intel\Intel(R) Management Engine Components\DAL;C:\Program Files\Intel\Intel(R) Management Engine Components\DAL;C:\Program Files (x86)\Intel\Intel(R) Management Engine Components\IPT;C:\Program Files\Intel\Intel(R) Management Engine Components\IPT;C:\WINDOWS\System32\OpenSSH\;C:\Program Files\Git\cmd;C:\Users\HP\AppData\Local\Microsoft\WindowsApps;C:\Users\HP\AppData\Local\GitHubDesktop\bin
USERNAME=HP
OS=Windows_NT
PROCESSOR_IDENTIFIER=Intel64 Family 6 Model 142 Stepping 9, GenuineIntel



---------------  S Y S T E M  ---------------

OS: Windows 10 , 64 bit Build 19041 (10.0.19041.1348)
OS uptime: 0 days 6:41 hours

CPU:total 4 (initial active 4) (2 cores per cpu, 2 threads per core) family 6 model 142 stepping 9 microcode 0xb4, cmov, cx8, fxsr, mmx, sse, sse2, sse3, ssse3, sse4.1, sse4.2, popcnt, avx, avx2, aes, clmul, erms, 3dnowpref, lzcnt, ht, tsc, tscinvbit, bmi1, bmi2, adx, fma

Memory: 4k page, system-wide physical 8064M (612M free)
TotalPageFile size 9968M (AvailPageFile size 0M)
current process WorkingSet (physical memory assigned to process): 238M, peak: 238M
current process commit charge ("private bytes"): 301M, peak: 327M

vm_info: OpenJDK 64-Bit Server VM (11.0.10+0-b96-7249189) for windows-amd64 JRE (11.0.10+0-b96-7249189), built on Mar 31 2021 21:44:00 by "builder" with MS VC++ 14.0 (VS2015)

END.
