#
# There is insufficient memory for the Java Runtime Environment to continue.
# Native memory allocation (mmap) failed to map 170917888 bytes for Failed to commit area from 0x000000008f600000 to 0x0000000099900000 of length 170917888.
# Possible reasons:
#   The system is out of physical RAM or swap space
#   The process is running with CompressedOops enabled, and the Java Heap may be blocking the growth of the native heap
# Possible solutions:
#   Reduce memory load on the system
#   Increase physical memory or swap space
#   Check if swap backing store is full
#   Decrease Java heap size (-Xmx/-Xms)
#   Decrease number of Java threads
#   Decrease Java thread stack sizes (-Xss)
#   Set larger code cache with -XX:ReservedCodeCacheSize=
#   JVM is running with Unscaled Compressed Oops mode in which the Java heap is
#     placed in the first 4GB address space. The Java Heap base address is the
#     maximum limit for the native heap growth. Please use -XX:HeapBaseMinAddress
#     to set the Java Heap base and to place the Java Heap above 4GB virtual address.
# This output file may be truncated or incomplete.
#
#  Out of Memory Error (./src/hotspot/os/windows/os_windows.cpp:3301), pid=6304, tid=13488
#
# JRE version: OpenJDK Runtime Environment (11.0.10) (build 11.0.10+0-b96-7249189)
# Java VM: OpenJDK 64-Bit Server VM (11.0.10+0-b96-7249189, mixed mode, tiered, compressed oops, g1 gc, windows-amd64)
# No core dump will be written. Minidumps are not enabled by default on client versions of Windows
#

---------------  S U M M A R Y ------------

Command Line: --add-opens=java.base/java.util=ALL-UNNAMED --add-opens=java.base/java.lang=ALL-UNNAMED --add-opens=java.base/java.lang.invoke=ALL-UNNAMED --add-opens=java.base/java.util=ALL-UNNAMED --add-opens=java.prefs/java.util.prefs=ALL-UNNAMED --add-opens=java.prefs/java.util.prefs=ALL-UNNAMED --add-opens=java.base/java.nio.charset=ALL-UNNAMED --add-opens=java.base/java.net=ALL-UNNAMED --add-opens=java.base/java.util.concurrent.atomic=ALL-UNNAMED -Xmx2048m -Dfile.encoding=UTF-8 -Duser.country=RU -Duser.language=ru -Duser.variant org.gradle.launcher.daemon.bootstrap.GradleDaemon 7.0.2

Host: Intel(R) Core(TM) i3-7100U CPU @ 2.40GHz, 4 cores, 7G,  Windows 10 , 64 bit Build 19041 (10.0.19041.1348)
Time: Fri Nov 19 03:07:36 2021 RTZ 1 (зима) elapsed time: 39.500686 seconds (0d 0h 0m 39s)

---------------  T H R E A D  ---------------

Current thread (0x00000188feda9000):  VMThread "VM Thread" [stack: 0x0000001a81e00000,0x0000001a81f00000] [id=13488]

Stack: [0x0000001a81e00000,0x0000001a81f00000]
[error occurred during error reporting (printing stack bounds), id 0xc0000005, EXCEPTION_ACCESS_VIOLATION (0xc0000005) at pc=0x0000018880000f2d]

Native frames: (J=compiled Java code, j=interpreted, Vv=VM code, C=native code)
V  [jvm.dll+0x5ecfaa]
V  [jvm.dll+0x722bd5]
V  [jvm.dll+0x72412d]
V  [jvm.dll+0x724745]
V  [jvm.dll+0x7246fb]
V  [jvm.dll+0x5ec348]
V  [jvm.dll+0x5ecad8]
C  [ntdll.dll+0xa20cf]
C  [ntdll.dll+0x51454]
C  [ntdll.dll+0xa0bfe]
C  0x0000018880000f2d

VM_Operation (0x0000001a854fd020): G1CollectForAllocation, mode: safepoint, requested by thread 0x000001889b922000


---------------  P R O C E S S  ---------------

Threads class SMR info:
_java_thread_list=0x000001889bda6cf0, length=58, elements={
0x00000188f7a9c800, 0x00000188fedad800, 0x00000188fedb1000, 0x00000188fedcc800,
0x00000188fedcd800, 0x00000188fedd0800, 0x00000188fedd5000, 0x00000188feddc000,
0x00000188fede0800, 0x00000188ff88a000, 0x00000188949f3800, 0x00000188933fe800,
0x000001889545f000, 0x0000018895315800, 0x00000188955ad800, 0x0000018893e75800,
0x000001889491e000, 0x000001889491f000, 0x00000188949dd800, 0x0000018894f98000,
0x0000018894f9a800, 0x0000018894f9b800, 0x0000018894f9c800, 0x0000018894f9a000,
0x0000018894f9d000, 0x0000018894f9e000, 0x0000018894f9e800, 0x0000018894f99000,
0x0000018895804000, 0x0000018895806800, 0x0000018895801800, 0x0000018895805000,
0x0000018895807800, 0x0000018895806000, 0x0000018895802800, 0x000001889580c800,
0x0000018895809000, 0x000001889580d000, 0x000001889580a000, 0x000001889580a800,
0x000001889580b800, 0x000001889580f000, 0x0000018895810800, 0x000001889b923800,
0x000001889b91f800, 0x000001889b920000, 0x000001889b924800, 0x000001889b921000,
0x000001889b925000, 0x0000018893e75000, 0x000001889b922000, 0x000001889b922800,
0x000001889b926000, 0x000001889bdbe800, 0x000001889bdbb800, 0x000001889bdbf800,
0x000001889bdbc000, 0x000001889bdbe000
}

Java Threads: ( => current thread )
  0x00000188f7a9c800 JavaThread "main" [_thread_blocked, id=10180, stack(0x0000001a81800000,0x0000001a81900000)]
  0x00000188fedad800 JavaThread "Reference Handler" daemon [_thread_blocked, id=14920, stack(0x0000001a81f00000,0x0000001a82000000)]
  0x00000188fedb1000 JavaThread "Finalizer" daemon [_thread_blocked, id=10576, stack(0x0000001a82000000,0x0000001a82100000)]
  0x00000188fedcc800 JavaThread "Signal Dispatcher" daemon [_thread_blocked, id=13852, stack(0x0000001a82100000,0x0000001a82200000)]
  0x00000188fedcd800 JavaThread "Attach Listener" daemon [_thread_blocked, id=5456, stack(0x0000001a82200000,0x0000001a82300000)]
  0x00000188fedd0800 JavaThread "Service Thread" daemon [_thread_blocked, id=1244, stack(0x0000001a82300000,0x0000001a82400000)]
  0x00000188fedd5000 JavaThread "C2 CompilerThread0" daemon [_thread_blocked, id=3912, stack(0x0000001a82400000,0x0000001a82500000)]
  0x00000188feddc000 JavaThread "C1 CompilerThread0" daemon [_thread_blocked, id=8752, stack(0x0000001a82500000,0x0000001a82600000)]
  0x00000188fede0800 JavaThread "Sweeper thread" daemon [_thread_blocked, id=10688, stack(0x0000001a82600000,0x0000001a82700000)]
  0x00000188ff88a000 JavaThread "Common-Cleaner" daemon [_thread_blocked, id=13712, stack(0x0000001a82700000,0x0000001a82800000)]
  0x00000188949f3800 JavaThread "Daemon health stats" [_thread_blocked, id=4060, stack(0x0000001a82c00000,0x0000001a82d00000)]
  0x00000188933fe800 JavaThread "Incoming local TCP Connector on port 51755" [_thread_in_native, id=14756, stack(0x0000001a82900000,0x0000001a82a00000)]
  0x000001889545f000 JavaThread "Daemon periodic checks" [_thread_blocked, id=11532, stack(0x0000001a82d00000,0x0000001a82e00000)]
  0x0000018895315800 JavaThread "Daemon" [_thread_blocked, id=8428, stack(0x0000001a82e00000,0x0000001a82f00000)]
  0x00000188955ad800 JavaThread "Handler for socket connection from /127.0.0.1:51755 to /127.0.0.1:51756" [_thread_in_native, id=10904, stack(0x0000001a82f00000,0x0000001a83000000)]
  0x0000018893e75800 JavaThread "Cancel handler" [_thread_blocked, id=1352, stack(0x0000001a83100000,0x0000001a83200000)]
  0x000001889491e000 JavaThread "Daemon worker" [_thread_blocked, id=10280, stack(0x0000001a83200000,0x0000001a83300000)]
  0x000001889491f000 JavaThread "Asynchronous log dispatcher for DefaultDaemonConnection: socket connection from /127.0.0.1:51755 to /127.0.0.1:51756" [_thread_blocked, id=14464, stack(0x0000001a83300000,0x0000001a83400000)]
  0x00000188949dd800 JavaThread "Stdin handler" [_thread_blocked, id=10812, stack(0x0000001a83400000,0x0000001a83500000)]
  0x0000018894f98000 JavaThread "Daemon client event forwarder" [_thread_blocked, id=7400, stack(0x0000001a83500000,0x0000001a83600000)]
  0x0000018894f9a800 JavaThread "Cache worker for file hash cache (C:\Users\HP\.gradle\caches\7.0.2\fileHashes)" [_thread_blocked, id=14492, stack(0x0000001a83600000,0x0000001a83700000)]
  0x0000018894f9b800 JavaThread "File lock request listener" [_thread_in_native, id=228, stack(0x0000001a83700000,0x0000001a83800000)]
  0x0000018894f9c800 JavaThread "Cache worker for journal cache (C:\Users\HP\.gradle\caches\journal-1)" [_thread_blocked, id=14196, stack(0x0000001a83900000,0x0000001a83a00000)]
  0x0000018894f9a000 JavaThread "Cache worker for file hash cache (C:\Users\HP\AndroidStudioProjects\Random_Beisen\.gradle\7.0.2\fileHashes)" [_thread_blocked, id=13044, stack(0x0000001a83a00000,0x0000001a83b00000)]
  0x0000018894f9d000 JavaThread "File watcher server" daemon [_thread_blocked, id=3388, stack(0x0000001a83b00000,0x0000001a83c00000)]
  0x0000018894f9e000 JavaThread "File watcher consumer" daemon [_thread_blocked, id=14176, stack(0x0000001a83c00000,0x0000001a83d00000)]
  0x0000018894f9e800 JavaThread "Cache worker for checksums cache (C:\Users\HP\AndroidStudioProjects\Random_Beisen\.gradle\checksums)" [_thread_blocked, id=13580, stack(0x0000001a83d00000,0x0000001a83e00000)]
  0x0000018894f99000 JavaThread "Cache worker for cache directory md-supplier (C:\Users\HP\.gradle\caches\7.0.2\md-supplier)" [_thread_blocked, id=3464, stack(0x0000001a83e00000,0x0000001a83f00000)]
  0x0000018895804000 JavaThread "Cache worker for cache directory md-rule (C:\Users\HP\.gradle\caches\7.0.2\md-rule)" [_thread_blocked, id=13748, stack(0x0000001a83f00000,0x0000001a84000000)]
  0x0000018895806800 JavaThread "Cache worker for execution history cache (C:\Users\HP\.gradle\caches\7.0.2\executionHistory)" [_thread_blocked, id=15236, stack(0x0000001a84000000,0x0000001a84100000)]
  0x0000018895801800 JavaThread "jar transforms" [_thread_blocked, id=3528, stack(0x0000001a84100000,0x0000001a84200000)]
  0x0000018895805000 JavaThread "jar transforms Thread 2" [_thread_blocked, id=5960, stack(0x0000001a84200000,0x0000001a84300000)]
  0x0000018895807800 JavaThread "Cache worker for file content cache (C:\Users\HP\.gradle\caches\7.0.2\fileContent)" [_thread_blocked, id=6160, stack(0x0000001a84300000,0x0000001a84400000)]
  0x0000018895806000 JavaThread "Cache worker for dependencies-accessors (C:\Users\HP\AndroidStudioProjects\Random_Beisen\.gradle\7.0.2\dependencies-accessors)" [_thread_blocked, id=4768, stack(0x0000001a84400000,0x0000001a84500000)]
  0x0000018895802800 JavaThread "jar transforms Thread 3" [_thread_blocked, id=5704, stack(0x0000001a84500000,0x0000001a84600000)]
  0x000001889580c800 JavaThread "Cache worker for Build Output Cleanup Cache (C:\Users\HP\AndroidStudioProjects\Random_Beisen\.gradle\buildOutputCleanup)" [_thread_blocked, id=11656, stack(0x0000001a84600000,0x0000001a84700000)]
  0x0000018895809000 JavaThread "Build operations" [_thread_blocked, id=784, stack(0x0000001a84700000,0x0000001a84800000)]
  0x000001889580d000 JavaThread "Build operations Thread 2" [_thread_blocked, id=14312, stack(0x0000001a84800000,0x0000001a84900000)]
  0x000001889580a000 JavaThread "Build operations Thread 3" [_thread_blocked, id=13208, stack(0x0000001a84900000,0x0000001a84a00000)]
  0x000001889580a800 JavaThread "Build operations Thread 4" [_thread_blocked, id=15032, stack(0x0000001a84a00000,0x0000001a84b00000)]
  0x000001889580b800 JavaThread "jar transforms Thread 4" [_thread_blocked, id=11628, stack(0x0000001a84b00000,0x0000001a84c00000)]
  0x000001889580f000 JavaThread "Memory manager" [_thread_blocked, id=13972, stack(0x0000001a84c00000,0x0000001a84d00000)]
  0x0000018895810800 JavaThread "build event listener" [_thread_blocked, id=10724, stack(0x0000001a84d00000,0x0000001a84e00000)]
  0x000001889b923800 JavaThread "pool-3-thread-1" [_thread_blocked, id=7148, stack(0x0000001a84e00000,0x0000001a84f00000)]
  0x000001889b91f800 JavaThread "build event listener" [_thread_blocked, id=13160, stack(0x0000001a84f00000,0x0000001a85000000)]
  0x000001889b920000 JavaThread "Execution worker for ':'" [_thread_blocked, id=7548, stack(0x0000001a85000000,0x0000001a85100000)]
  0x000001889b924800 JavaThread "Execution worker for ':' Thread 2" [_thread_blocked, id=14704, stack(0x0000001a85100000,0x0000001a85200000)]
  0x000001889b921000 JavaThread "Execution worker for ':' Thread 3" [_thread_blocked, id=12080, stack(0x0000001a85200000,0x0000001a85300000)]
  0x000001889b925000 JavaThread "Cache worker for execution history cache (C:\Users\HP\AndroidStudioProjects\Random_Beisen\.gradle\7.0.2\executionHistory)" [_thread_blocked, id=7200, stack(0x0000001a85300000,0x0000001a85400000)]
  0x0000018893e75000 JavaThread "C2 CompilerThread1" daemon [_thread_in_native, id=10160, stack(0x0000001a83000000,0x0000001a83100000)]
  0x000001889b922000 JavaThread "WorkerExecutor Queue" [_thread_blocked, id=9464, stack(0x0000001a85400000,0x0000001a85500000)]
  0x000001889b922800 JavaThread "WorkerExecutor Queue Thread 2" [_thread_blocked, id=14172, stack(0x0000001a85500000,0x0000001a85600000)]
  0x000001889b926000 JavaThread "WorkerExecutor Queue Thread 3" [_thread_blocked, id=13100, stack(0x0000001a85600000,0x0000001a85700000)]
  0x000001889bdbe800 JavaThread "WorkerExecutor Queue Thread 5" [_thread_blocked, id=9772, stack(0x0000001a85900000,0x0000001a85a00000)]
  0x000001889bdbb800 JavaThread "ForkJoinPool-1-worker-3" daemon [_thread_blocked, id=14860, stack(0x0000001a85a00000,0x0000001a85b00000)]
  0x000001889bdbf800 JavaThread "ForkJoinPool-1-worker-5" daemon [_thread_blocked, id=2196, stack(0x0000001a85b00000,0x0000001a85c00000)]
  0x000001889bdbc000 JavaThread "ForkJoinPool-1-worker-7" daemon [_thread_blocked, id=1716, stack(0x0000001a85c00000,0x0000001a85d00000)]
  0x000001889bdbe000 JavaThread "ForkJoinPool-1-worker-1" daemon [_thread_blocked, id=1432, stack(0x0000001a85d00000,0x0000001a85e00000)]

Other Threads:
=>0x00000188feda9000 VMThread "VM Thread" [stack: 0x0000001a81e00000,0x0000001a81f00000] [id=13488]
  0x00000188ff8a3000 WatcherThread [stack: 0x0000001a82800000,0x0000001a82900000] [id=13292]
  0x00000188f7ab6000 GCTaskThread "GC Thread#0" [stack: 0x0000001a81900000,0x0000001a81a00000] [id=10320]
  0x00000188934ac800 GCTaskThread "GC Thread#1" [stack: 0x0000001a82a00000,0x0000001a82b00000] [id=14692]
  0x00000188936a0000 GCTaskThread "GC Thread#2" [stack: 0x0000001a82b00000,0x0000001a82c00000] [id=15224]
  0x000001889573c800 GCTaskThread "GC Thread#3" [stack: 0x0000001a83800000,0x0000001a83900000] [id=8920]
  0x00000188f7ae6800 ConcurrentGCThread "G1 Main Marker" [stack: 0x0000001a81a00000,0x0000001a81b00000] [id=4336]
  0x00000188f7ae8000 ConcurrentGCThread "G1 Conc#0" [stack: 0x0000001a81b00000,0x0000001a81c00000] [id=13572]
  0x00000188f7b77000 ConcurrentGCThread "G1 Refine#0" [stack: 0x0000001a81c00000,0x0000001a81d00000] [id=3280]
  0x000001889fa0c800 ConcurrentGCThread "G1 Refine#1" [stack: 0x0000001a85e00000,0x0000001a85f00000] [id=1108]
  0x00000188a0a00800 ConcurrentGCThread "G1 Refine#2" [stack: 0x0000001a85f00000,0x0000001a86000000] [id=5148]
  0x0000018895ca2800 ConcurrentGCThread "G1 Refine#3" [stack: 0x0000001a86000000,0x0000001a86100000] [id=8832]
  0x00000188f7b78000 ConcurrentGCThread "G1 Young RemSet Sampling" [stack: 0x0000001a81d00000,0x0000001a81e00000] [id=11752]

Threads with active compile tasks:
C2 CompilerThread0  39547 17456       4       com.android.tools.r8.graph.v0$j::a (16 bytes)
C1 CompilerThread0  39548 17487 %     3       com.android.tools.r8.graph.f0$d::a @ 10 (29 bytes)
C2 CompilerThread1  39548 17411       4       com.android.tools.r8.dex.z$g::b (38 bytes)

VM state:at safepoint (normal execution)

VM Mutex/Monitor currently owned by a thread:  ([mutex/lock_event])
[0x00000188f7a97fd0] Threads_lock - owner thread: 0x00000188feda9000
[0x00000188f7a99770] Heap_lock - owner thread: 0x000001889b922000

Heap address: 0x0000000080000000, size: 2048 MB, Compressed Oops mode: 32-bit
Narrow klass base: 0x0000000000000000, Narrow klass shift: 3
Compressed class space size: 1073741824 Address: 0x0000000100000000

Heap:
 garbage-first heap   total 418816K, used 172218K [0x0000000080000000, 0x0000000100000000)
  region size 1024K, 3 young (3072K), 3 survivors (3072K)
 Metaspace       used 108185K, capacity 110978K, committed 111232K, reserved 1146880K
  class space    used 13575K, capacity 14636K, committed 14720K, reserved 1048576K
Heap Regions: E=young(eden), S=young(survivor), O=old, HS=humongous(starts), HC=humongous(continues), CS=collection set, F=free, A=archive, TAMS=top-at-mark-start (previous, next)
|   0|0x0000000080000000, 0x0000000080100000, 0x0000000080100000|100%| O|  |TAMS 0x0000000080100000, 0x0000000080000000| Complete 
|   1|0x0000000080100000, 0x0000000080200000, 0x0000000080200000|100%| O|  |TAMS 0x0000000080200000, 0x0000000080100000| Untracked 
|   2|0x0000000080200000, 0x0000000080300000, 0x0000000080300000|100%| O|  |TAMS 0x0000000080300000, 0x0000000080200000| Untracked 
|   3|0x0000000080300000, 0x0000000080400000, 0x0000000080400000|100%|HS|  |TAMS 0x0000000080400000, 0x0000000080300000| Complete 
|   4|0x0000000080400000, 0x0000000080500000, 0x0000000080500000|100%|HC|  |TAMS 0x0000000080500000, 0x0000000080400000| Complete 
|   5|0x0000000080500000, 0x0000000080600000, 0x0000000080600000|100%|HC|  |TAMS 0x0000000080600000, 0x0000000080500000| Complete 
|   6|0x0000000080600000, 0x0000000080700000, 0x0000000080700000|100%| O|  |TAMS 0x0000000080700000, 0x0000000080600000| Untracked 
|   7|0x0000000080700000, 0x0000000080800000, 0x0000000080800000|100%| O|  |TAMS 0x0000000080800000, 0x0000000080700000| Untracked 
|   8|0x0000000080800000, 0x0000000080900000, 0x0000000080900000|100%| O|  |TAMS 0x0000000080900000, 0x0000000080800000| Untracked 
|   9|0x0000000080900000, 0x0000000080a00000, 0x0000000080a00000|100%| O|  |TAMS 0x0000000080a00000, 0x0000000080900000| Untracked 
|  10|0x0000000080a00000, 0x0000000080b00000, 0x0000000080b00000|100%| O|  |TAMS 0x0000000080b00000, 0x0000000080a00000| Complete 
|  11|0x0000000080b00000, 0x0000000080c00000, 0x0000000080c00000|100%| O|  |TAMS 0x0000000080c00000, 0x0000000080b00000| Complete 
|  12|0x0000000080c00000, 0x0000000080d00000, 0x0000000080d00000|100%| O|  |TAMS 0x0000000080d00000, 0x0000000080c00000| Untracked 
|  13|0x0000000080d00000, 0x0000000080e00000, 0x0000000080e00000|100%| O|  |TAMS 0x0000000080e00000, 0x0000000080d00000| Untracked 
|  14|0x0000000080e00000, 0x0000000080f00000, 0x0000000080f00000|100%| O|  |TAMS 0x0000000080f00000, 0x0000000080e00000| Untracked 
|  15|0x0000000080f00000, 0x0000000081000000, 0x0000000081000000|100%| O|  |TAMS 0x0000000081000000, 0x0000000080f00000| Untracked 
|  16|0x0000000081000000, 0x0000000081100000, 0x0000000081100000|100%| O|  |TAMS 0x0000000081100000, 0x0000000081000000| Untracked 
|  17|0x0000000081100000, 0x0000000081200000, 0x0000000081200000|100%|HS|  |TAMS 0x0000000081200000, 0x0000000081100000| Complete 
|  18|0x0000000081200000, 0x0000000081300000, 0x0000000081300000|100%| O|  |TAMS 0x0000000081300000, 0x0000000081200000| Untracked 
|  19|0x0000000081300000, 0x0000000081400000, 0x0000000081400000|100%| O|  |TAMS 0x0000000081400000, 0x0000000081300000| Untracked 
|  20|0x0000000081400000, 0x0000000081500000, 0x0000000081500000|100%| O|  |TAMS 0x0000000081500000, 0x0000000081400000| Untracked 
|  21|0x0000000081500000, 0x0000000081600000, 0x0000000081600000|100%| O|  |TAMS 0x0000000081600000, 0x0000000081500000| Untracked 
|  22|0x0000000081600000, 0x0000000081700000, 0x0000000081700000|100%| O|  |TAMS 0x0000000081700000, 0x0000000081600000| Untracked 
|  23|0x0000000081700000, 0x0000000081800000, 0x0000000081800000|100%|HS|  |TAMS 0x0000000081800000, 0x0000000081700000| Complete 
|  24|0x0000000081800000, 0x0000000081900000, 0x0000000081900000|100%|HS|  |TAMS 0x0000000081900000, 0x0000000081800000| Complete 
|  25|0x0000000081900000, 0x0000000081a00000, 0x0000000081a00000|100%|HS|  |TAMS 0x0000000081a00000, 0x0000000081900000| Complete 
|  26|0x0000000081a00000, 0x0000000081b00000, 0x0000000081b00000|100%|HC|  |TAMS 0x0000000081b00000, 0x0000000081a00000| Complete 
|  27|0x0000000081b00000, 0x0000000081c00000, 0x0000000081c00000|100%|HC|  |TAMS 0x0000000081c00000, 0x0000000081b00000| Complete 
|  28|0x0000000081c00000, 0x0000000081d00000, 0x0000000081d00000|100%|HS|  |TAMS 0x0000000081d00000, 0x0000000081c00000| Complete 
|  29|0x0000000081d00000, 0x0000000081e00000, 0x0000000081e00000|100%|HC|  |TAMS 0x0000000081e00000, 0x0000000081d00000| Complete 
|  30|0x0000000081e00000, 0x0000000081f00000, 0x0000000081f00000|100%| O|  |TAMS 0x0000000081f00000, 0x0000000081e00000| Untracked 
|  31|0x0000000081f00000, 0x0000000082000000, 0x0000000082000000|100%| O|  |TAMS 0x0000000082000000, 0x0000000081f00000| Untracked 
|  32|0x0000000082000000, 0x0000000082100000, 0x0000000082100000|100%| O|  |TAMS 0x0000000082100000, 0x0000000082000000| Untracked 
|  33|0x0000000082100000, 0x0000000082200000, 0x0000000082200000|100%| O|  |TAMS 0x0000000082200000, 0x0000000082100000| Untracked 
|  34|0x0000000082200000, 0x0000000082300000, 0x0000000082300000|100%| O|  |TAMS 0x0000000082300000, 0x0000000082200000| Complete 
|  35|0x0000000082300000, 0x0000000082400000, 0x0000000082400000|100%| O|  |TAMS 0x0000000082400000, 0x0000000082300000| Untracked 
|  36|0x0000000082400000, 0x0000000082500000, 0x0000000082500000|100%| O|  |TAMS 0x0000000082500000, 0x0000000082400000| Untracked 
|  37|0x0000000082500000, 0x0000000082600000, 0x0000000082600000|100%| O|  |TAMS 0x0000000082600000, 0x0000000082500000| Untracked 
|  38|0x0000000082600000, 0x0000000082700000, 0x0000000082700000|100%| O|  |TAMS 0x0000000082700000, 0x0000000082600000| Untracked 
|  39|0x0000000082700000, 0x0000000082800000, 0x0000000082800000|100%| O|  |TAMS 0x0000000082800000, 0x0000000082700000| Untracked 
|  40|0x0000000082800000, 0x0000000082900000, 0x0000000082900000|100%| O|  |TAMS 0x0000000082900000, 0x0000000082800000| Untracked 
|  41|0x0000000082900000, 0x0000000082a00000, 0x0000000082a00000|100%| O|  |TAMS 0x0000000082a00000, 0x0000000082900000| Complete 
|  42|0x0000000082a00000, 0x0000000082b00000, 0x0000000082b00000|100%| O|  |TAMS 0x0000000082b00000, 0x0000000082a00000| Untracked 
|  43|0x0000000082b00000, 0x0000000082c00000, 0x0000000082c00000|100%| O|  |TAMS 0x0000000082c00000, 0x0000000082b00000| Untracked 
|  44|0x0000000082c00000, 0x0000000082d00000, 0x0000000082d00000|100%| O|  |TAMS 0x0000000082d00000, 0x0000000082c00000| Untracked 
|  45|0x0000000082d00000, 0x0000000082e00000, 0x0000000082e00000|100%| O|  |TAMS 0x0000000082e00000, 0x0000000082d00000| Untracked 
|  46|0x0000000082e00000, 0x0000000082f00000, 0x0000000082f00000|100%| O|  |TAMS 0x0000000082f00000, 0x0000000082e00000| Untracked 
|  47|0x0000000082f00000, 0x0000000083000000, 0x0000000083000000|100%| O|  |TAMS 0x0000000083000000, 0x0000000082f00000| Untracked 
|  48|0x0000000083000000, 0x0000000083100000, 0x0000000083100000|100%| O|  |TAMS 0x0000000083100000, 0x0000000083000000| Complete 
|  49|0x0000000083100000, 0x0000000083200000, 0x0000000083200000|100%| O|  |TAMS 0x0000000083200000, 0x0000000083100000| Untracked 
|  50|0x0000000083200000, 0x0000000083300000, 0x0000000083300000|100%| O|  |TAMS 0x0000000083300000, 0x0000000083200000| Untracked 
|  51|0x0000000083300000, 0x0000000083400000, 0x0000000083400000|100%| O|  |TAMS 0x0000000083400000, 0x0000000083300000| Untracked 
|  52|0x0000000083400000, 0x0000000083500000, 0x0000000083500000|100%| O|  |TAMS 0x0000000083500000, 0x0000000083400000| Complete 
|  53|0x0000000083500000, 0x0000000083600000, 0x0000000083600000|100%| O|  |TAMS 0x0000000083600000, 0x0000000083500000| Untracked 
|  54|0x0000000083600000, 0x0000000083700000, 0x0000000083700000|100%| O|  |TAMS 0x0000000083700000, 0x0000000083600000| Untracked 
|  55|0x0000000083700000, 0x0000000083800000, 0x0000000083800000|100%| O|  |TAMS 0x0000000083800000, 0x0000000083700000| Untracked 
|  56|0x0000000083800000, 0x0000000083900000, 0x0000000083900000|100%| O|  |TAMS 0x0000000083900000, 0x0000000083800000| Untracked 
|  57|0x0000000083900000, 0x0000000083a00000, 0x0000000083a00000|100%| O|  |TAMS 0x0000000083a00000, 0x0000000083900000| Complete 
|  58|0x0000000083a00000, 0x0000000083b00000, 0x0000000083b00000|100%| O|  |TAMS 0x0000000083b00000, 0x0000000083a00000| Complete 
|  59|0x0000000083b00000, 0x0000000083c00000, 0x0000000083c00000|100%| O|  |TAMS 0x0000000083c00000, 0x0000000083b00000| Untracked 
|  60|0x0000000083c00000, 0x0000000083d00000, 0x0000000083d00000|100%| O|  |TAMS 0x0000000083d00000, 0x0000000083c00000| Complete 
|  61|0x0000000083d00000, 0x0000000083e00000, 0x0000000083e00000|100%| O|  |TAMS 0x0000000083e00000, 0x0000000083d00000| Untracked 
|  62|0x0000000083e00000, 0x0000000083f00000, 0x0000000083f00000|100%| O|  |TAMS 0x0000000083f00000, 0x0000000083e00000| Untracked 
|  63|0x0000000083f00000, 0x0000000084000000, 0x0000000084000000|100%| O|  |TAMS 0x0000000084000000, 0x0000000083f00000| Untracked 
|  64|0x0000000084000000, 0x0000000084100000, 0x0000000084100000|100%| O|  |TAMS 0x0000000084100000, 0x0000000084000000| Untracked 
|  65|0x0000000084100000, 0x0000000084200000, 0x0000000084200000|100%| O|  |TAMS 0x0000000084200000, 0x0000000084100000| Untracked 
|  66|0x0000000084200000, 0x0000000084300000, 0x0000000084300000|100%| O|  |TAMS 0x0000000084300000, 0x0000000084200000| Untracked 
|  67|0x0000000084300000, 0x0000000084400000, 0x0000000084400000|100%| O|  |TAMS 0x0000000084400000, 0x0000000084300000| Untracked 
|  68|0x0000000084400000, 0x0000000084500000, 0x0000000084500000|100%| O|  |TAMS 0x0000000084500000, 0x0000000084400000| Untracked 
|  69|0x0000000084500000, 0x0000000084600000, 0x0000000084600000|100%| O|  |TAMS 0x0000000084600000, 0x0000000084500000| Untracked 
|  70|0x0000000084600000, 0x0000000084700000, 0x0000000084700000|100%| O|  |TAMS 0x0000000084700000, 0x0000000084600000| Untracked 
|  71|0x0000000084700000, 0x0000000084800000, 0x0000000084800000|100%| O|  |TAMS 0x0000000084800000, 0x0000000084700000| Complete 
|  72|0x0000000084800000, 0x0000000084900000, 0x0000000084900000|100%| O|  |TAMS 0x0000000084900000, 0x0000000084800000| Untracked 
|  73|0x0000000084900000, 0x0000000084a00000, 0x0000000084a00000|100%| O|  |TAMS 0x0000000084a00000, 0x0000000084900000| Untracked 
|  74|0x0000000084a00000, 0x0000000084b00000, 0x0000000084b00000|100%| O|  |TAMS 0x0000000084b00000, 0x0000000084a00000| Complete 
|  75|0x0000000084b00000, 0x0000000084c00000, 0x0000000084c00000|100%| O|  |TAMS 0x0000000084c00000, 0x0000000084b00000| Complete 
|  76|0x0000000084c00000, 0x0000000084d00000, 0x0000000084d00000|100%| O|  |TAMS 0x0000000084d00000, 0x0000000084c00000| Complete 
|  77|0x0000000084d00000, 0x0000000084e00000, 0x0000000084e00000|100%| O|  |TAMS 0x0000000084e00000, 0x0000000084d00000| Complete 
|  78|0x0000000084e00000, 0x0000000084f00000, 0x0000000084f00000|100%| O|  |TAMS 0x0000000084f00000, 0x0000000084e00000| Complete 
|  79|0x0000000084f00000, 0x0000000085000000, 0x0000000085000000|100%| O|  |TAMS 0x0000000085000000, 0x0000000084f00000| Complete 
|  80|0x0000000085000000, 0x0000000085100000, 0x0000000085100000|100%| O|  |TAMS 0x0000000085100000, 0x0000000085000000| Complete 
|  81|0x0000000085100000, 0x0000000085200000, 0x0000000085200000|100%| O|  |TAMS 0x0000000085200000, 0x0000000085100000| Complete 
|  82|0x0000000085200000, 0x0000000085300000, 0x0000000085300000|100%|HS|  |TAMS 0x0000000085200000, 0x0000000085200000| Complete 
|  83|0x0000000085300000, 0x0000000085400000, 0x0000000085400000|100%| O|  |TAMS 0x0000000085400000, 0x0000000085300000| Complete 
|  84|0x0000000085400000, 0x0000000085500000, 0x0000000085500000|100%| O|  |TAMS 0x0000000085500000, 0x0000000085400000| Complete 
|  85|0x0000000085500000, 0x0000000085600000, 0x0000000085600000|100%| O|  |TAMS 0x0000000085600000, 0x0000000085500000| Complete 
|  86|0x0000000085600000, 0x0000000085700000, 0x0000000085700000|100%| O|  |TAMS 0x0000000085700000, 0x0000000085600000| Untracked 
|  87|0x0000000085700000, 0x0000000085800000, 0x0000000085800000|100%| O|  |TAMS 0x0000000085800000, 0x0000000085700000| Complete 
|  88|0x0000000085800000, 0x0000000085900000, 0x0000000085900000|100%|HS|  |TAMS 0x0000000085900000, 0x0000000085800000| Complete 
|  89|0x0000000085900000, 0x0000000085a00000, 0x0000000085a00000|100%|HS|  |TAMS 0x0000000085a00000, 0x0000000085900000| Complete 
|  90|0x0000000085a00000, 0x0000000085b00000, 0x0000000085b00000|100%|HC|  |TAMS 0x0000000085b00000, 0x0000000085a00000| Complete 
|  91|0x0000000085b00000, 0x0000000085c00000, 0x0000000085c00000|100%|HS|  |TAMS 0x0000000085c00000, 0x0000000085b00000| Complete 
|  92|0x0000000085c00000, 0x0000000085d00000, 0x0000000085d00000|100%|HS|  |TAMS 0x0000000085d00000, 0x0000000085c00000| Complete 
|  93|0x0000000085d00000, 0x0000000085e00000, 0x0000000085e00000|100%| O|  |TAMS 0x0000000085e00000, 0x0000000085d00000| Untracked 
|  94|0x0000000085e00000, 0x0000000085f00000, 0x0000000085f00000|100%| O|  |TAMS 0x0000000085f00000, 0x0000000085e00000| Complete 
|  95|0x0000000085f00000, 0x0000000086000000, 0x0000000086000000|100%|HS|  |TAMS 0x0000000085f00000, 0x0000000085f00000| Complete 
|  96|0x0000000086000000, 0x0000000086100000, 0x0000000086100000|100%| O|  |TAMS 0x0000000086100000, 0x0000000086000000| Complete 
|  97|0x0000000086100000, 0x0000000086200000, 0x0000000086200000|100%| O|  |TAMS 0x0000000086200000, 0x0000000086100000| Untracked 
|  98|0x0000000086200000, 0x0000000086300000, 0x0000000086300000|100%| O|  |TAMS 0x0000000086300000, 0x0000000086200000| Untracked 
|  99|0x0000000086300000, 0x0000000086400000, 0x0000000086400000|100%| O|  |TAMS 0x0000000086400000, 0x0000000086300000| Untracked 
| 100|0x0000000086400000, 0x0000000086500000, 0x0000000086500000|100%| O|  |TAMS 0x0000000086500000, 0x0000000086400000| Complete 
| 101|0x0000000086500000, 0x0000000086600000, 0x0000000086600000|100%| O|  |TAMS 0x0000000086600000, 0x0000000086500000| Complete 
| 102|0x0000000086600000, 0x0000000086700000, 0x0000000086700000|100%|HS|  |TAMS 0x0000000086700000, 0x0000000086600000| Complete 
| 103|0x0000000086700000, 0x0000000086800000, 0x0000000086800000|100%|HC|  |TAMS 0x0000000086800000, 0x0000000086700000| Complete 
| 104|0x0000000086800000, 0x0000000086900000, 0x0000000086900000|100%|HC|  |TAMS 0x0000000086900000, 0x0000000086800000| Complete 
| 105|0x0000000086900000, 0x0000000086a00000, 0x0000000086a00000|100%| O|  |TAMS 0x0000000086900000, 0x0000000086900000| Untracked 
| 106|0x0000000086a00000, 0x0000000086b00000, 0x0000000086b00000|100%| O|  |TAMS 0x0000000086a00000, 0x0000000086a00000| Untracked 
| 107|0x0000000086b00000, 0x0000000086c00000, 0x0000000086c00000|100%| O|  |TAMS 0x0000000086c00000, 0x0000000086b00000| Untracked 
| 108|0x0000000086c00000, 0x0000000086d00000, 0x0000000086d00000|100%| O|  |TAMS 0x0000000086c00000, 0x0000000086c00000| Untracked 
| 109|0x0000000086d00000, 0x0000000086e00000, 0x0000000086e00000|100%| O|  |TAMS 0x0000000086e00000, 0x0000000086d00000| Untracked 
| 110|0x0000000086e00000, 0x0000000086f00000, 0x0000000086f00000|100%| O|  |TAMS 0x0000000086f00000, 0x0000000086e00000| Untracked 
| 111|0x0000000086f00000, 0x0000000087000000, 0x0000000087000000|100%| O|  |TAMS 0x0000000087000000, 0x0000000086f00000| Untracked 
| 112|0x0000000087000000, 0x0000000087000000, 0x0000000087100000|  0%| F|  |TAMS 0x0000000087000000, 0x0000000087000000| Untracked 
| 113|0x0000000087100000, 0x0000000087100000, 0x0000000087200000|  0%| F|  |TAMS 0x0000000087100000, 0x0000000087100000| Untracked 
| 114|0x0000000087200000, 0x0000000087200000, 0x0000000087300000|  0%| F|  |TAMS 0x0000000087200000, 0x0000000087200000| Untracked 
| 115|0x0000000087300000, 0x0000000087400000, 0x0000000087400000|100%| O|  |TAMS 0x0000000087400000, 0x0000000087300000| Untracked 
| 116|0x0000000087400000, 0x0000000087400000, 0x0000000087500000|  0%| F|  |TAMS 0x0000000087400000, 0x0000000087400000| Untracked 
| 117|0x0000000087500000, 0x0000000087600000, 0x0000000087600000|100%|HS|  |TAMS 0x0000000087600000, 0x0000000087500000| Complete 
| 118|0x0000000087600000, 0x0000000087700000, 0x0000000087700000|100%| O|  |TAMS 0x0000000087700000, 0x0000000087600000| Complete 
| 119|0x0000000087700000, 0x0000000087800000, 0x0000000087800000|100%| O|  |TAMS 0x0000000087800000, 0x0000000087700000| Complete 
| 120|0x0000000087800000, 0x0000000087900000, 0x0000000087900000|100%| O|  |TAMS 0x0000000087900000, 0x0000000087800000| Complete 
| 121|0x0000000087900000, 0x0000000087a00000, 0x0000000087a00000|100%| O|  |TAMS 0x0000000087a00000, 0x0000000087900000| Untracked 
| 122|0x0000000087a00000, 0x0000000087b00000, 0x0000000087b00000|100%| O|  |TAMS 0x0000000087b00000, 0x0000000087a00000| Untracked 
| 123|0x0000000087b00000, 0x0000000087c00000, 0x0000000087c00000|100%| O|  |TAMS 0x0000000087c00000, 0x0000000087b00000| Untracked 
| 124|0x0000000087c00000, 0x0000000087d00000, 0x0000000087d00000|100%| O|  |TAMS 0x0000000087d00000, 0x0000000087c00000| Untracked 
| 125|0x0000000087d00000, 0x0000000087e00000, 0x0000000087e00000|100%| O|  |TAMS 0x0000000087e00000, 0x0000000087d00000| Untracked 
| 126|0x0000000087e00000, 0x0000000087f00000, 0x0000000087f00000|100%| O|  |TAMS 0x0000000087f00000, 0x0000000087e00000| Untracked 
| 127|0x0000000087f00000, 0x0000000088000000, 0x0000000088000000|100%| O|  |TAMS 0x0000000088000000, 0x0000000087f00000| Untracked 
| 128|0x0000000088000000, 0x0000000088100000, 0x0000000088100000|100%| O|  |TAMS 0x0000000088100000, 0x0000000088000000| Untracked 
| 129|0x0000000088100000, 0x0000000088200000, 0x0000000088200000|100%| O|  |TAMS 0x0000000088200000, 0x0000000088100000| Complete 
| 130|0x0000000088200000, 0x0000000088300000, 0x0000000088300000|100%| O|  |TAMS 0x0000000088300000, 0x0000000088200000| Untracked 
| 131|0x0000000088300000, 0x0000000088400000, 0x0000000088400000|100%| O|  |TAMS 0x0000000088400000, 0x0000000088300000| Untracked 
| 132|0x0000000088400000, 0x0000000088500000, 0x0000000088500000|100%| O|  |TAMS 0x0000000088500000, 0x0000000088400000| Untracked 
| 133|0x0000000088500000, 0x0000000088600000, 0x0000000088600000|100%| O|  |TAMS 0x0000000088600000, 0x0000000088500000| Complete 
| 134|0x0000000088600000, 0x0000000088700000, 0x0000000088700000|100%| O|  |TAMS 0x0000000088680000, 0x0000000088600000| Complete 
| 135|0x0000000088700000, 0x0000000088800000, 0x0000000088800000|100%| O|  |TAMS 0x0000000088800000, 0x0000000088700000| Untracked 
| 136|0x0000000088800000, 0x0000000088900000, 0x0000000088900000|100%| O|  |TAMS 0x0000000088900000, 0x0000000088800000| Untracked 
| 137|0x0000000088900000, 0x0000000088a00000, 0x0000000088a00000|100%| O|  |TAMS 0x0000000088a00000, 0x0000000088900000| Complete 
| 138|0x0000000088a00000, 0x0000000088b00000, 0x0000000088b00000|100%| O|  |TAMS 0x0000000088b00000, 0x0000000088a00000| Complete 
| 139|0x0000000088b00000, 0x0000000088c00000, 0x0000000088c00000|100%| O|  |TAMS 0x0000000088b00000, 0x0000000088b00000| Untracked 
| 140|0x0000000088c00000, 0x0000000088d00000, 0x0000000088d00000|100%| O|  |TAMS 0x0000000088c00000, 0x0000000088c00000| Untracked 
| 141|0x0000000088d00000, 0x0000000088e00000, 0x0000000088e00000|100%| O|  |TAMS 0x0000000088d00000, 0x0000000088d00000| Untracked 
| 142|0x0000000088e00000, 0x0000000088f00000, 0x0000000088f00000|100%| O|  |TAMS 0x0000000088e00000, 0x0000000088e00000| Untracked 
| 143|0x0000000088f00000, 0x0000000089000000, 0x0000000089000000|100%| O|  |TAMS 0x0000000088f00000, 0x0000000088f00000| Untracked 
| 144|0x0000000089000000, 0x0000000089100000, 0x0000000089100000|100%| O|  |TAMS 0x0000000089000000, 0x0000000089000000| Untracked 
| 145|0x0000000089100000, 0x0000000089200000, 0x0000000089200000|100%| O|  |TAMS 0x0000000089100000, 0x0000000089100000| Untracked 
| 146|0x0000000089200000, 0x0000000089200000, 0x0000000089300000|  0%| F|  |TAMS 0x0000000089200000, 0x0000000089200000| Untracked 
| 147|0x0000000089300000, 0x0000000089300000, 0x0000000089400000|  0%| F|  |TAMS 0x0000000089300000, 0x0000000089300000| Untracked 
| 148|0x0000000089400000, 0x0000000089400000, 0x0000000089500000|  0%| F|  |TAMS 0x0000000089400000, 0x0000000089400000| Untracked 
| 149|0x0000000089500000, 0x0000000089500000, 0x0000000089600000|  0%| F|  |TAMS 0x0000000089500000, 0x0000000089500000| Untracked 
| 150|0x0000000089600000, 0x0000000089600000, 0x0000000089700000|  0%| F|  |TAMS 0x0000000089600000, 0x0000000089600000| Untracked 
| 151|0x0000000089700000, 0x0000000089700000, 0x0000000089800000|  0%| F|  |TAMS 0x0000000089700000, 0x0000000089700000| Untracked 
| 152|0x0000000089800000, 0x0000000089800000, 0x0000000089900000|  0%| F|  |TAMS 0x0000000089800000, 0x0000000089800000| Untracked 
| 153|0x0000000089900000, 0x0000000089900000, 0x0000000089a00000|  0%| F|  |TAMS 0x0000000089900000, 0x0000000089900000| Untracked 
| 154|0x0000000089a00000, 0x0000000089a00000, 0x0000000089b00000|  0%| F|  |TAMS 0x0000000089a00000, 0x0000000089a00000| Untracked 
| 155|0x0000000089b00000, 0x0000000089b00000, 0x0000000089c00000|  0%| F|  |TAMS 0x0000000089b00000, 0x0000000089b00000| Untracked 
| 156|0x0000000089c00000, 0x0000000089c00000, 0x0000000089d00000|  0%| F|  |TAMS 0x0000000089c00000, 0x0000000089c00000| Untracked 
| 157|0x0000000089d00000, 0x0000000089d00000, 0x0000000089e00000|  0%| F|  |TAMS 0x0000000089d00000, 0x0000000089d00000| Untracked 
| 158|0x0000000089e00000, 0x0000000089e00000, 0x0000000089f00000|  0%| F|  |TAMS 0x0000000089e00000, 0x0000000089e00000| Untracked 
| 159|0x0000000089f00000, 0x0000000089f00000, 0x000000008a000000|  0%| F|  |TAMS 0x0000000089f00000, 0x0000000089f00000| Untracked 
| 160|0x000000008a000000, 0x000000008a000000, 0x000000008a100000|  0%| F|  |TAMS 0x000000008a000000, 0x000000008a000000| Untracked 
| 161|0x000000008a100000, 0x000000008a100000, 0x000000008a200000|  0%| F|  |TAMS 0x000000008a100000, 0x000000008a100000| Untracked 
| 162|0x000000008a200000, 0x000000008a200000, 0x000000008a300000|  0%| F|  |TAMS 0x000000008a200000, 0x000000008a200000| Untracked 
| 163|0x000000008a300000, 0x000000008a300000, 0x000000008a400000|  0%| F|  |TAMS 0x000000008a300000, 0x000000008a300000| Untracked 
| 164|0x000000008a400000, 0x000000008a400000, 0x000000008a500000|  0%| F|  |TAMS 0x000000008a400000, 0x000000008a400000| Untracked 
| 165|0x000000008a500000, 0x000000008a500000, 0x000000008a600000|  0%| F|  |TAMS 0x000000008a500000, 0x000000008a500000| Untracked 
| 166|0x000000008a600000, 0x000000008a600000, 0x000000008a700000|  0%| F|  |TAMS 0x000000008a600000, 0x000000008a600000| Untracked 
| 167|0x000000008a700000, 0x000000008a700000, 0x000000008a800000|  0%| F|  |TAMS 0x000000008a700000, 0x000000008a700000| Untracked 
| 168|0x000000008a800000, 0x000000008a800000, 0x000000008a900000|  0%| F|  |TAMS 0x000000008a800000, 0x000000008a800000| Untracked 
| 169|0x000000008a900000, 0x000000008a900000, 0x000000008aa00000|  0%| F|  |TAMS 0x000000008a900000, 0x000000008a900000| Untracked 
| 170|0x000000008aa00000, 0x000000008aa00000, 0x000000008ab00000|  0%| F|  |TAMS 0x000000008aa00000, 0x000000008aa00000| Untracked 
| 171|0x000000008ab00000, 0x000000008ab00000, 0x000000008ac00000|  0%| F|  |TAMS 0x000000008ab00000, 0x000000008ab00000| Untracked 
| 172|0x000000008ac00000, 0x000000008ac00000, 0x000000008ad00000|  0%| F|  |TAMS 0x000000008ac00000, 0x000000008ac00000| Untracked 
| 173|0x000000008ad00000, 0x000000008ad00000, 0x000000008ae00000|  0%| F|  |TAMS 0x000000008ad00000, 0x000000008ad00000| Untracked 
| 174|0x000000008ae00000, 0x000000008ae00000, 0x000000008af00000|  0%| F|  |TAMS 0x000000008ae00000, 0x000000008ae00000| Untracked 
| 175|0x000000008af00000, 0x000000008af00000, 0x000000008b000000|  0%| F|  |TAMS 0x000000008af00000, 0x000000008af00000| Untracked 
| 176|0x000000008b000000, 0x000000008b000000, 0x000000008b100000|  0%| F|  |TAMS 0x000000008b000000, 0x000000008b000000| Untracked 
| 177|0x000000008b100000, 0x000000008b100000, 0x000000008b200000|  0%| F|  |TAMS 0x000000008b100000, 0x000000008b100000| Untracked 
| 178|0x000000008b200000, 0x000000008b200000, 0x000000008b300000|  0%| F|  |TAMS 0x000000008b200000, 0x000000008b200000| Untracked 
| 179|0x000000008b300000, 0x000000008b300000, 0x000000008b400000|  0%| F|  |TAMS 0x000000008b300000, 0x000000008b300000| Untracked 
| 180|0x000000008b400000, 0x000000008b400000, 0x000000008b500000|  0%| F|  |TAMS 0x000000008b400000, 0x000000008b400000| Untracked 
| 181|0x000000008b500000, 0x000000008b500000, 0x000000008b600000|  0%| F|  |TAMS 0x000000008b500000, 0x000000008b500000| Untracked 
| 182|0x000000008b600000, 0x000000008b600000, 0x000000008b700000|  0%| F|  |TAMS 0x000000008b600000, 0x000000008b600000| Untracked 
| 183|0x000000008b700000, 0x000000008b700000, 0x000000008b800000|  0%| F|  |TAMS 0x000000008b700000, 0x000000008b700000| Untracked 
| 184|0x000000008b800000, 0x000000008b800000, 0x000000008b900000|  0%| F|  |TAMS 0x000000008b800000, 0x000000008b800000| Untracked 
| 185|0x000000008b900000, 0x000000008b900000, 0x000000008ba00000|  0%| F|  |TAMS 0x000000008b900000, 0x000000008b900000| Untracked 
| 186|0x000000008ba00000, 0x000000008ba00000, 0x000000008bb00000|  0%| F|  |TAMS 0x000000008ba00000, 0x000000008ba00000| Untracked 
| 187|0x000000008bb00000, 0x000000008bb2e920, 0x000000008bc00000| 18%| S|CS|TAMS 0x000000008bb00000, 0x000000008bb00000| Complete 
| 188|0x000000008bc00000, 0x000000008bd00000, 0x000000008bd00000|100%| S|CS|TAMS 0x000000008bc00000, 0x000000008bc00000| Complete 
| 189|0x000000008bd00000, 0x000000008bd00000, 0x000000008be00000|  0%| F|  |TAMS 0x000000008bd00000, 0x000000008bd00000| Untracked 
| 190|0x000000008be00000, 0x000000008be00000, 0x000000008bf00000|  0%| F|  |TAMS 0x000000008be00000, 0x000000008be00000| Untracked 
| 191|0x000000008bf00000, 0x000000008bf00000, 0x000000008c000000|  0%| F|  |TAMS 0x000000008bf00000, 0x000000008bf00000| Untracked 
| 192|0x000000008c000000, 0x000000008c000000, 0x000000008c100000|  0%| F|  |TAMS 0x000000008c000000, 0x000000008c000000| Untracked 
| 193|0x000000008c100000, 0x000000008c200000, 0x000000008c200000|100%| S|CS|TAMS 0x000000008c100000, 0x000000008c100000| Complete 
| 194|0x000000008c200000, 0x000000008c200000, 0x000000008c300000|  0%| F|  |TAMS 0x000000008c200000, 0x000000008c200000| Untracked 
| 195|0x000000008c300000, 0x000000008c300000, 0x000000008c400000|  0%| F|  |TAMS 0x000000008c300000, 0x000000008c300000| Untracked 
| 196|0x000000008c400000, 0x000000008c400000, 0x000000008c500000|  0%| F|  |TAMS 0x000000008c400000, 0x000000008c400000| Untracked 
| 197|0x000000008c500000, 0x000000008c500000, 0x000000008c600000|  0%| F|  |TAMS 0x000000008c500000, 0x000000008c500000| Untracked 
| 198|0x000000008c600000, 0x000000008c600000, 0x000000008c700000|  0%| F|  |TAMS 0x000000008c600000, 0x000000008c600000| Untracked 
| 199|0x000000008c700000, 0x000000008c700000, 0x000000008c800000|  0%| F|  |TAMS 0x000000008c700000, 0x000000008c700000| Untracked 
| 200|0x000000008c800000, 0x000000008c800000, 0x000000008c900000|  0%| F|  |TAMS 0x000000008c800000, 0x000000008c800000| Untracked 
| 201|0x000000008c900000, 0x000000008c900000, 0x000000008ca00000|  0%| F|  |TAMS 0x000000008c900000, 0x000000008c900000| Untracked 
| 202|0x000000008ca00000, 0x000000008ca00000, 0x000000008cb00000|  0%| F|  |TAMS 0x000000008ca00000, 0x000000008ca00000| Untracked 
| 203|0x000000008cb00000, 0x000000008cb00000, 0x000000008cc00000|  0%| F|  |TAMS 0x000000008cb00000, 0x000000008cb00000| Untracked 
| 204|0x000000008cc00000, 0x000000008cc00000, 0x000000008cd00000|  0%| F|  |TAMS 0x000000008cc00000, 0x000000008cc00000| Untracked 
| 205|0x000000008cd00000, 0x000000008cd00000, 0x000000008ce00000|  0%| F|  |TAMS 0x000000008cd00000, 0x000000008cd00000| Untracked 
| 206|0x000000008ce00000, 0x000000008ce00000, 0x000000008cf00000|  0%| F|  |TAMS 0x000000008ce00000, 0x000000008ce00000| Untracked 
| 207|0x000000008cf00000, 0x000000008cf00000, 0x000000008d000000|  0%| F|  |TAMS 0x000000008cf00000, 0x000000008cf00000| Untracked 
| 208|0x000000008d000000, 0x000000008d000000, 0x000000008d100000|  0%| F|  |TAMS 0x000000008d000000, 0x000000008d000000| Untracked 
| 209|0x000000008d100000, 0x000000008d100000, 0x000000008d200000|  0%| F|  |TAMS 0x000000008d100000, 0x000000008d100000| Untracked 
| 210|0x000000008d200000, 0x000000008d200000, 0x000000008d300000|  0%| F|  |TAMS 0x000000008d200000, 0x000000008d200000| Untracked 
| 211|0x000000008d300000, 0x000000008d300000, 0x000000008d400000|  0%| F|  |TAMS 0x000000008d300000, 0x000000008d300000| Untracked 
| 212|0x000000008d400000, 0x000000008d400000, 0x000000008d500000|  0%| F|  |TAMS 0x000000008d400000, 0x000000008d400000| Untracked 
| 213|0x000000008d500000, 0x000000008d500000, 0x000000008d600000|  0%| F|  |TAMS 0x000000008d500000, 0x000000008d500000| Untracked 
| 214|0x000000008d600000, 0x000000008d600000, 0x000000008d700000|  0%| F|  |TAMS 0x000000008d600000, 0x000000008d600000| Untracked 
| 215|0x000000008d700000, 0x000000008d700000, 0x000000008d800000|  0%| F|  |TAMS 0x000000008d700000, 0x000000008d700000| Untracked 
| 216|0x000000008d800000, 0x000000008d800000, 0x000000008d900000|  0%| F|  |TAMS 0x000000008d800000, 0x000000008d800000| Untracked 
| 217|0x000000008d900000, 0x000000008d900000, 0x000000008da00000|  0%| F|  |TAMS 0x000000008d900000, 0x000000008d900000| Untracked 
| 218|0x000000008da00000, 0x000000008da00000, 0x000000008db00000|  0%| F|  |TAMS 0x000000008da00000, 0x000000008da00000| Untracked 
| 219|0x000000008db00000, 0x000000008db00000, 0x000000008dc00000|  0%| F|  |TAMS 0x000000008db00000, 0x000000008db00000| Untracked 
| 220|0x000000008dc00000, 0x000000008dc00000, 0x000000008dd00000|  0%| F|  |TAMS 0x000000008dc00000, 0x000000008dc00000| Untracked 
| 221|0x000000008dd00000, 0x000000008dd00000, 0x000000008de00000|  0%| F|  |TAMS 0x000000008dd00000, 0x000000008dd00000| Untracked 
| 222|0x000000008de00000, 0x000000008df00000, 0x000000008df00000|100%| O|  |TAMS 0x000000008df00000, 0x000000008de00000| Untracked 
| 223|0x000000008df00000, 0x000000008e000000, 0x000000008e000000|100%| O|  |TAMS 0x000000008e000000, 0x000000008df00000| Untracked 
| 224|0x000000008e000000, 0x000000008e100000, 0x000000008e100000|100%| O|  |TAMS 0x000000008e100000, 0x000000008e000000| Untracked 
| 225|0x000000008e100000, 0x000000008e200000, 0x000000008e200000|100%| O|  |TAMS 0x000000008e200000, 0x000000008e100000| Untracked 
| 226|0x000000008e200000, 0x000000008e300000, 0x000000008e300000|100%| O|  |TAMS 0x000000008e300000, 0x000000008e200000| Complete 
| 227|0x000000008e300000, 0x000000008e400000, 0x000000008e400000|100%| O|  |TAMS 0x000000008e400000, 0x000000008e300000| Untracked 
| 228|0x000000008e400000, 0x000000008e500000, 0x000000008e500000|100%| O|  |TAMS 0x000000008e500000, 0x000000008e400000| Untracked 
| 229|0x000000008e500000, 0x000000008e600000, 0x000000008e600000|100%| O|  |TAMS 0x000000008e600000, 0x000000008e500000| Complete 
| 230|0x000000008e600000, 0x000000008e700000, 0x000000008e700000|100%| O|  |TAMS 0x000000008e700000, 0x000000008e600000| Complete 
| 231|0x000000008e700000, 0x000000008e800000, 0x000000008e800000|100%| O|  |TAMS 0x000000008e800000, 0x000000008e700000| Complete 
| 232|0x000000008e800000, 0x000000008e900000, 0x000000008e900000|100%| O|  |TAMS 0x000000008e900000, 0x000000008e800000| Complete 
| 233|0x000000008e900000, 0x000000008ea00000, 0x000000008ea00000|100%| O|  |TAMS 0x000000008ea00000, 0x000000008e900000| Untracked 
| 234|0x000000008ea00000, 0x000000008eb00000, 0x000000008eb00000|100%| O|  |TAMS 0x000000008eb00000, 0x000000008ea00000| Complete 
| 235|0x000000008eb00000, 0x000000008ec00000, 0x000000008ec00000|100%| O|  |TAMS 0x000000008ec00000, 0x000000008eb00000| Untracked 
| 236|0x000000008ec00000, 0x000000008ed00000, 0x000000008ed00000|100%| O|  |TAMS 0x000000008ed00000, 0x000000008ec00000| Complete 
| 237|0x000000008ed00000, 0x000000008ee00000, 0x000000008ee00000|100%| O|  |TAMS 0x000000008ee00000, 0x000000008ed00000| Complete 
| 238|0x000000008ee00000, 0x000000008ef00000, 0x000000008ef00000|100%| O|  |TAMS 0x000000008ef00000, 0x000000008ee00000| Complete 
| 239|0x000000008ef00000, 0x000000008f000000, 0x000000008f000000|100%| O|  |TAMS 0x000000008f000000, 0x000000008ef00000| Complete 
| 240|0x000000008f000000, 0x000000008f100000, 0x000000008f100000|100%| O|  |TAMS 0x000000008f100000, 0x000000008f000000| Complete 
| 241|0x000000008f100000, 0x000000008f200000, 0x000000008f200000|100%| O|  |TAMS 0x000000008f200000, 0x000000008f100000| Complete 
| 242|0x000000008f200000, 0x000000008f300000, 0x000000008f300000|100%| O|  |TAMS 0x000000008f300000, 0x000000008f200000| Complete 
| 243|0x000000008f300000, 0x000000008f400000, 0x000000008f400000|100%| O|  |TAMS 0x000000008f400000, 0x000000008f300000| Untracked 
| 244|0x000000008f400000, 0x000000008f500000, 0x000000008f500000|100%| O|  |TAMS 0x000000008f500000, 0x000000008f400000| Untracked 
| 245|0x000000008f500000, 0x000000008f600000, 0x000000008f600000|100%| O|  |TAMS 0x000000008f600000, 0x000000008f500000| Untracked 

Card table byte_map: [0x00000188fbfb0000,0x00000188fc3b0000] _byte_map_base: 0x00000188fbbb0000

Marking Bits (Prev, Next): (CMBitMap*) 0x00000188f7addc70, (CMBitMap*) 0x00000188f7addc38
 Prev Bits: [0x000001888f000000, 0x0000018891000000)
 Next Bits: [0x00000188fc7b0000, 0x00000188fe7b0000)

Polling page: 0x00000188f6210000

Metaspace:

Usage:
  Non-class:     94.08 MB capacity,    92.39 MB ( 98%) used,     1.35 MB (  1%) free+waste,   346.56 KB ( <1%) overhead. 
      Class:     14.29 MB capacity,    13.26 MB ( 93%) used,   909.27 KB (  6%) free+waste,   151.63 KB (  1%) overhead. 
       Both:    108.38 MB capacity,   105.65 MB ( 97%) used,     2.24 MB (  2%) free+waste,   498.19 KB ( <1%) overhead. 

Virtual space:
  Non-class space:       96.00 MB reserved,      94.25 MB ( 98%) committed 
      Class space:        1.00 GB reserved,      14.38 MB (  1%) committed 
             Both:        1.09 GB reserved,     108.63 MB ( 10%) committed 

Chunk freelists:
   Non-Class:  42.00 KB
       Class:  84.00 KB
        Both:  126.00 KB

MaxMetaspaceSize: 17179869184.00 GB
CompressedClassSpaceSize: 1.00 GB

CodeHeap 'non-profiled nmethods': size=120064Kb used=9560Kb max_used=9560Kb free=110504Kb
 bounds [0x0000018887ac0000, 0x0000018888420000, 0x000001888f000000]
CodeHeap 'profiled nmethods': size=120000Kb used=39638Kb max_used=39638Kb free=80362Kb
 bounds [0x0000018880590000, 0x0000018882c50000, 0x0000018887ac0000]
CodeHeap 'non-nmethods': size=5696Kb used=2318Kb max_used=2364Kb free=3377Kb
 bounds [0x0000018880000000, 0x0000018880270000, 0x0000018880590000]
 total_blobs=18025 nmethods=17100 adapters=833
 compilation: enabled
              stopped_count=0, restarted_count=0
 full_count=0

Compilation events (20 events):
Event: 39.382 Thread 0x00000188feddc000 nmethod 17468 0x0000018882c44110 code [0x0000018882c442c0, 0x0000018882c443b8]
Event: 39.387 Thread 0x00000188feddc000 17469       2       com.android.tools.r8.code.s2::a (1 bytes)
Event: 39.387 Thread 0x00000188feddc000 nmethod 17469 0x0000018882c44490 code [0x0000018882c44640, 0x0000018882c44738]
Event: 39.391 Thread 0x00000188feddc000 17471       2       com.android.tools.r8.code.G1::H (4 bytes)
Event: 39.392 Thread 0x00000188feddc000 nmethod 17471 0x0000018882c44810 code [0x0000018882c449c0, 0x0000018882c44ab8]
Event: 39.440 Thread 0x00000188feddc000 17477       2       com.android.tools.r8.graph.f0$o::a (12 bytes)
Event: 39.440 Thread 0x00000188feddc000 nmethod 17477 0x0000018882c44b90 code [0x0000018882c44d40, 0x0000018882c44e88]
Event: 39.444 Thread 0x00000188fedd5000 nmethod 17351 0x000001888840e210 code [0x000001888840e600, 0x0000018888413328]
Event: 39.445 Thread 0x00000188fedd5000 17453       4       com.android.tools.r8.graph.v0$$Lambda$1461/0x0000000100e06840::a (5 bytes)
Event: 39.446 Thread 0x00000188fedd5000 nmethod 17453 0x0000018888415210 code [0x00000188884153a0, 0x00000188884153f8]
Event: 39.446 Thread 0x00000188fedd5000 17458       4       com.android.tools.r8.graph.v0$j$$Lambda$1679/0x0000000100d83040::a (13 bytes)
Event: 39.453 Thread 0x00000188feddc000 17481       2       com.android.tools.r8.code.M3::a (1 bytes)
Event: 39.453 Thread 0x00000188feddc000 nmethod 17481 0x0000018882c44f90 code [0x0000018882c45140, 0x0000018882c45238]
Event: 39.457 Thread 0x00000188feddc000 17483       2       com.android.tools.r8.code.O1::H (4 bytes)
Event: 39.457 Thread 0x00000188feddc000 nmethod 17483 0x0000018882c45310 code [0x0000018882c454c0, 0x0000018882c455b8]
Event: 39.458 Thread 0x00000188feddc000 17484       2       com.android.tools.r8.code.f::a (1 bytes)
Event: 39.458 Thread 0x00000188feddc000 nmethod 17484 0x0000018882c45690 code [0x0000018882c45840, 0x0000018882c45938]
Event: 39.461 Thread 0x00000188fedd5000 nmethod 17458 0x0000018888415490 code [0x0000018888415680, 0x0000018888415b38]
Event: 39.461 Thread 0x00000188fedd5000 17456       4       com.android.tools.r8.graph.v0$j::a (16 bytes)
Event: 39.468 Thread 0x00000188feddc000 17487 %     3       com.android.tools.r8.graph.f0$d::a @ 10 (29 bytes)

GC Heap History (20 events):
Event: 30.567 GC heap after
{Heap after GC invocations=28 (full 0):
 garbage-first heap   total 227328K, used 96895K [0x0000000080000000, 0x0000000100000000)
  region size 1024K, 9 young (9216K), 9 survivors (9216K)
 Metaspace       used 103306K, capacity 105935K, committed 106112K, reserved 1140736K
  class space    used 13191K, capacity 14195K, committed 14208K, reserved 1048576K
}
Event: 32.395 GC heap before
{Heap before GC invocations=28 (full 0):
 garbage-first heap   total 227328K, used 174719K [0x0000000080000000, 0x0000000100000000)
  region size 1024K, 86 young (88064K), 9 survivors (9216K)
 Metaspace       used 106030K, capacity 108795K, committed 109056K, reserved 1144832K
  class space    used 13450K, capacity 14518K, committed 14592K, reserved 1048576K
}
Event: 32.414 GC heap after
{Heap after GC invocations=29 (full 0):
 garbage-first heap   total 227328K, used 96201K [0x0000000080000000, 0x0000000100000000)
  region size 1024K, 2 young (2048K), 2 survivors (2048K)
 Metaspace       used 106030K, capacity 108795K, committed 109056K, reserved 1144832K
  class space    used 13450K, capacity 14518K, committed 14592K, reserved 1048576K
}
Event: 33.532 GC heap before
{Heap before GC invocations=29 (full 0):
 garbage-first heap   total 227328K, used 176073K [0x0000000080000000, 0x0000000100000000)
  region size 1024K, 81 young (82944K), 2 survivors (2048K)
 Metaspace       used 106543K, capacity 109227K, committed 109312K, reserved 1144832K
  class space    used 13468K, capacity 14536K, committed 14592K, reserved 1048576K
}
Event: 33.539 GC heap after
{Heap after GC invocations=30 (full 0):
 garbage-first heap   total 227328K, used 95971K [0x0000000080000000, 0x0000000100000000)
  region size 1024K, 2 young (2048K), 2 survivors (2048K)
 Metaspace       used 106543K, capacity 109227K, committed 109312K, reserved 1144832K
  class space    used 13468K, capacity 14536K, committed 14592K, reserved 1048576K
}
Event: 34.484 GC heap before
{Heap before GC invocations=30 (full 0):
 garbage-first heap   total 227328K, used 179939K [0x0000000080000000, 0x0000000100000000)
  region size 1024K, 84 young (86016K), 2 survivors (2048K)
 Metaspace       used 106612K, capacity 109367K, committed 109568K, reserved 1144832K
  class space    used 13469K, capacity 14539K, committed 14592K, reserved 1048576K
}
Event: 34.491 GC heap after
{Heap after GC invocations=31 (full 0):
 garbage-first heap   total 227328K, used 96311K [0x0000000080000000, 0x0000000100000000)
  region size 1024K, 2 young (2048K), 2 survivors (2048K)
 Metaspace       used 106612K, capacity 109367K, committed 109568K, reserved 1144832K
  class space    used 13469K, capacity 14539K, committed 14592K, reserved 1048576K
}
Event: 35.474 GC heap before
{Heap before GC invocations=31 (full 0):
 garbage-first heap   total 227328K, used 182327K [0x0000000080000000, 0x0000000100000000)
  region size 1024K, 86 young (88064K), 2 survivors (2048K)
 Metaspace       used 106773K, capacity 109525K, committed 109824K, reserved 1144832K
  class space    used 13471K, capacity 14542K, committed 14592K, reserved 1048576K
}
Event: 35.486 GC heap after
{Heap after GC invocations=32 (full 0):
 garbage-first heap   total 227328K, used 98208K [0x0000000080000000, 0x0000000100000000)
  region size 1024K, 4 young (4096K), 4 survivors (4096K)
 Metaspace       used 106773K, capacity 109525K, committed 109824K, reserved 1144832K
  class space    used 13471K, capacity 14542K, committed 14592K, reserved 1048576K
}
Event: 35.756 GC heap before
{Heap before GC invocations=32 (full 0):
 garbage-first heap   total 227328K, used 110496K [0x0000000080000000, 0x0000000100000000)
  region size 1024K, 12 young (12288K), 4 survivors (4096K)
 Metaspace       used 107117K, capacity 109909K, committed 110080K, reserved 1144832K
  class space    used 13500K, capacity 14589K, committed 14592K, reserved 1048576K
}
Event: 35.766 GC heap after
{Heap after GC invocations=33 (full 0):
 garbage-first heap   total 227328K, used 100617K [0x0000000080000000, 0x0000000100000000)
  region size 1024K, 2 young (2048K), 2 survivors (2048K)
 Metaspace       used 107117K, capacity 109909K, committed 110080K, reserved 1144832K
  class space    used 13500K, capacity 14589K, committed 14592K, reserved 1048576K
}
Event: 37.189 GC heap before
{Heap before GC invocations=34 (full 0):
 garbage-first heap   total 227328K, used 208137K [0x0000000080000000, 0x0000000100000000)
  region size 1024K, 87 young (89088K), 2 survivors (2048K)
 Metaspace       used 107770K, capacity 110478K, committed 110976K, reserved 1144832K
  class space    used 13518K, capacity 14559K, committed 14720K, reserved 1048576K
}
Event: 37.333 GC heap after
{Heap after GC invocations=35 (full 0):
 garbage-first heap   total 251904K, used 154247K [0x0000000080000000, 0x0000000100000000)
  region size 1024K, 11 young (11264K), 11 survivors (11264K)
 Metaspace       used 107770K, capacity 110478K, committed 110976K, reserved 1144832K
  class space    used 13518K, capacity 14559K, committed 14720K, reserved 1048576K
}
Event: 37.394 GC heap before
{Heap before GC invocations=35 (full 0):
 garbage-first heap   total 251904K, used 155271K [0x0000000080000000, 0x0000000100000000)
  region size 1024K, 12 young (12288K), 11 survivors (11264K)
 Metaspace       used 107770K, capacity 110478K, committed 110976K, reserved 1144832K
  class space    used 13518K, capacity 14559K, committed 14720K, reserved 1048576K
}
Event: 37.482 GC heap after
{Heap after GC invocations=36 (full 0):
 garbage-first heap   total 251904K, used 152491K [0x0000000080000000, 0x0000000100000000)
  region size 1024K, 2 young (2048K), 2 survivors (2048K)
 Metaspace       used 107770K, capacity 110478K, committed 110976K, reserved 1144832K
  class space    used 13518K, capacity 14559K, committed 14720K, reserved 1048576K
}
Event: 38.058 GC heap before
{Heap before GC invocations=36 (full 0):
 garbage-first heap   total 251904K, used 197547K [0x0000000080000000, 0x0000000100000000)
  region size 1024K, 46 young (47104K), 2 survivors (2048K)
 Metaspace       used 107873K, capacity 110552K, committed 110976K, reserved 1144832K
  class space    used 13525K, capacity 14562K, committed 14720K, reserved 1048576K
}
Event: 38.112 GC heap after
{Heap after GC invocations=37 (full 0):
 garbage-first heap   total 251904K, used 172544K [0x0000000080000000, 0x0000000100000000)
  region size 1024K, 6 young (6144K), 6 survivors (6144K)
 Metaspace       used 107873K, capacity 110552K, committed 110976K, reserved 1144832K
  class space    used 13525K, capacity 14562K, committed 14720K, reserved 1048576K
}
Event: 38.764 GC heap before
{Heap before GC invocations=37 (full 0):
 garbage-first heap   total 251904K, used 201216K [0x0000000080000000, 0x0000000100000000)
  region size 1024K, 35 young (35840K), 6 survivors (6144K)
 Metaspace       used 108119K, capacity 110898K, committed 111232K, reserved 1146880K
  class space    used 13573K, capacity 14634K, committed 14720K, reserved 1048576K
}
Event: 38.801 GC heap after
{Heap after GC invocations=38 (full 0):
 garbage-first heap   total 251904K, used 177209K [0x0000000080000000, 0x0000000100000000)
  region size 1024K, 4 young (4096K), 4 survivors (4096K)
 Metaspace       used 108119K, capacity 110898K, committed 111232K, reserved 1146880K
  class space    used 13573K, capacity 14634K, committed 14720K, reserved 1048576K
}
Event: 39.468 GC heap before
{Heap before GC invocations=39 (full 0):
 garbage-first heap   total 251904K, used 197689K [0x0000000080000000, 0x0000000100000000)
  region size 1024K, 32 young (32768K), 4 survivors (4096K)
 Metaspace       used 108185K, capacity 110978K, committed 111232K, reserved 1146880K
  class space    used 13575K, capacity 14636K, committed 14720K, reserved 1048576K
}

Deoptimization events (20 events):
Event: 38.310 Thread 0x000001889b922000 Uncommon trap: trap_request=0xffffffc6 fr.pc=0x000001888827fd20 relative=0x00000000000002c0
Event: 38.310 Thread 0x000001889b922000 Uncommon trap: reason=bimorphic_or_optimized_type_check action=maybe_recompile pc=0x000001888827fd20 method=com.android.tools.r8.internal.h8.a(Ljava/util/function/Predicate;Ljava/util/function/Function;Lcom/android/tools/r8/internal/EE$a;Lcom/android/tool
Event: 38.310 Thread 0x000001889b922000 DEOPT PACKING pc=0x000001888827fd20 sp=0x0000001a854fcf50
Event: 38.310 Thread 0x000001889b922000 DEOPT UNPACKING pc=0x00000188800278af sp=0x0000001a854fcf08 mode 2
Event: 38.438 Thread 0x000001889b922000 DEOPT PACKING pc=0x0000018882bfec09 sp=0x0000001a854fd400
Event: 38.438 Thread 0x000001889b922000 DEOPT UNPACKING pc=0x00000188800276ce sp=0x0000001a854fc908 mode 0
Event: 38.487 Thread 0x000001889b922000 DEOPT PACKING pc=0x0000018882bf59cd sp=0x0000001a854fd380
Event: 38.487 Thread 0x000001889b922000 DEOPT UNPACKING pc=0x00000188800276ce sp=0x0000001a854fc828 mode 0
Event: 38.526 Thread 0x000001889b922000 DEOPT PACKING pc=0x00000188829a3066 sp=0x0000001a854fd3d0
Event: 38.526 Thread 0x000001889b922000 DEOPT UNPACKING pc=0x00000188800276ce sp=0x0000001a854fc870 mode 0
Event: 38.629 Thread 0x000001889bdbc000 DEOPT PACKING pc=0x0000018882c0ac15 sp=0x0000001a85cfed00
Event: 38.629 Thread 0x000001889bdbc000 DEOPT UNPACKING pc=0x00000188800276ce sp=0x0000001a85cfe1c0 mode 0
Event: 39.003 Thread 0x000001889b922000 Uncommon trap: trap_request=0xffffffe4 fr.pc=0x00000188882d9b78 relative=0x0000000000000238
Event: 39.010 Thread 0x000001889b922000 Uncommon trap: reason=range_check action=make_not_entrant pc=0x00000188882d9b78 method=com.android.tools.r8.graph.c0.a(Lcom/android/tools/r8/graph/c0;)I @ 9 c2
Event: 39.010 Thread 0x000001889b922000 DEOPT PACKING pc=0x00000188882d9b78 sp=0x0000001a854fd3f0
Event: 39.010 Thread 0x000001889b922000 DEOPT UNPACKING pc=0x00000188800278af sp=0x0000001a854fd368 mode 2
Event: 39.071 Thread 0x000001889b922000 Uncommon trap: trap_request=0xffffff4d fr.pc=0x00000188882e3e1c relative=0x000000000000007c
Event: 39.071 Thread 0x000001889b922000 Uncommon trap: reason=unstable_if action=reinterpret pc=0x00000188882e3e1c method=com.android.tools.r8.internal.E9.a(C)Z @ 21 c2
Event: 39.071 Thread 0x000001889b922000 DEOPT PACKING pc=0x00000188882e3e1c sp=0x0000001a854fd3c0
Event: 39.071 Thread 0x000001889b922000 DEOPT UNPACKING pc=0x00000188800278af sp=0x0000001a854fd350 mode 2

Classes redefined (0 events):
No events

Internal exceptions (20 events):
Event: 29.949 Thread 0x000001889580a000 Exception <a 'java/lang/NoSuchMethodError'{0x0000000089b45f10}: 'int java.lang.invoke.DirectMethodHandle$Holder.invokeSpecial(java.lang.Object, java.lang.Object, java.lang.Object, int, java.lang.Object)'> (0x0000000089b45f10) thrown at [./src/hotspot/share/interpreter/linkResolver.cpp, line 773]
Event: 29.971 Thread 0x0000018895809000 Exception <a 'java/lang/NoSuchMethodError'{0x000000008993bad0}: 'java.lang.Object java.lang.invoke.DirectMethodHandle$Holder.newInvokeSpecial(java.lang.Object, int)'> (0x000000008993bad0) thrown at [./src/hotspot/share/interpreter/linkResolver.cpp, line 773]
Event: 29.971 Thread 0x000001889580a800 Exception <a 'java/lang/NoSuchMethodError'{0x0000000089a7e110}: 'java.lang.Object java.lang.invoke.DirectMethodHandle$Holder.newInvokeSpecial(java.lang.Object, int)'> (0x0000000089a7e110) thrown at [./src/hotspot/share/interpreter/linkResolver.cpp, line 773]
Event: 30.400 Thread 0x000001889580a800 Exception <a 'java/lang/NoSuchMethodError'{0x0000000088f3fcf8}: 'java.lang.Object java.lang.invoke.DirectMethodHandle$Holder.invokeInterface(java.lang.Object, java.lang.Object, int)'> (0x0000000088f3fcf8) thrown at [./src/hotspot/share/interpreter/linkResolver.cpp, line 773]
Event: 31.246 Thread 0x000001889580a000 Exception <a 'java/lang/NoSuchMethodError'{0x000000008c9e5dd8}: 'void java.lang.invoke.DirectMethodHandle$Holder.invokeSpecial(java.lang.Object, java.lang.Object, int, java.lang.Object, java.lang.Object, java.lang.Object, java.lang.Object)'> (0x000000008c9e5dd8) thrown at [./src/hotspot/share/interpreter/linkResolver.cpp, line 773]
Event: 31.247 Thread 0x000001889580a000 Exception <a 'java/lang/NoSuchMethodError'{0x000000008c9f19d8}: 'java.lang.Object java.lang.invoke.Invokers$Holder.linkToTargetMethod(java.lang.Object, int, java.lang.Object, java.lang.Object, java.lang.Object, java.lang.Object)'> (0x000000008c9f19d8) thrown at [./src/hotspot/share/interpreter/linkResolver.cpp, line 773]
Event: 31.248 Thread 0x000001889580a000 Exception <a 'java/lang/NoSuchMethodError'{0x000000008c9f5e88}: 'void java.lang.invoke.DirectMethodHandle$Holder.invokeSpecial(java.lang.Object, java.lang.Object, java.lang.Object, java.lang.Object, java.lang.Object, java.lang.Object, java.lang.Object, java.lang.Object, java.lang.Object)'> (0x000000008c9f5e88) thrown at [./src/hotspot/share/interpreter/linkResolver.cpp, line 773]
Event: 31.253 Thread 0x000001889580a000 Exception <a 'java/lang/NoSuchMethodError'{0x000000008c46b1d0}: 'void java.lang.invoke.DirectMethodHandle$Holder.invokeStatic(java.lang.Object, java.lang.Object, java.lang.Object, java.lang.Object, java.lang.Object, java.lang.Object, java.lang.Object, java.lang.Object)'> (0x000000008c46b1d0) thrown at [./src/hotspot/share/interpreter/linkResolver.cpp, line 773]
Event: 31.535 Thread 0x000001889580a000 Exception <a 'java/lang/IncompatibleClassChangeError'{0x000000008b96b450}: Found class java.lang.Object, but interface was expected> (0x000000008b96b450) thrown at [./src/hotspot/share/interpreter/linkResolver.cpp, line 839]
Event: 32.078 Thread 0x000001889580a000 Exception <a 'java/lang/NoSuchMethodError'{0x000000008a8c1328}: 'void java.lang.invoke.DirectMethodHandle$Holder.invokeVirtual(java.lang.Object, java.lang.Object, int)'> (0x000000008a8c1328) thrown at [./src/hotspot/share/interpreter/linkResolver.cpp, line 773]
Event: 32.148 Thread 0x000001889580a000 Exception <a 'sun/nio/fs/WindowsException'{0x000000008a05b918}> (0x000000008a05b918) thrown at [./src/hotspot/share/prims/jni.cpp, line 615]
Event: 32.612 Thread 0x000001889580d000 Exception <a 'sun/nio/fs/WindowsException'{0x000000008d5bbe58}> (0x000000008d5bbe58) thrown at [./src/hotspot/share/prims/jni.cpp, line 615]
Event: 32.666 Thread 0x0000018895809000 Exception <a 'sun/nio/fs/WindowsException'{0x000000008ce06208}> (0x000000008ce06208) thrown at [./src/hotspot/share/prims/jni.cpp, line 615]
Event: 32.743 Thread 0x000001889580a000 Exception <a 'sun/nio/fs/WindowsException'{0x000000008d84c720}> (0x000000008d84c720) thrown at [./src/hotspot/share/prims/jni.cpp, line 615]
Event: 32.840 Thread 0x000001889580a000 Exception <a 'sun/nio/fs/WindowsException'{0x000000008bf46390}> (0x000000008bf46390) thrown at [./src/hotspot/share/prims/jni.cpp, line 615]
Event: 34.227 Thread 0x000001889580a800 Exception <a 'java/lang/NoSuchMethodError'{0x000000008a415870}: 'int java.lang.invoke.DirectMethodHandle$Holder.invokeInterface(java.lang.Object, java.lang.Object, int)'> (0x000000008a415870) thrown at [./src/hotspot/share/interpreter/linkResolver.cpp, line 773]
Event: 35.555 Thread 0x000001889580a800 Exception <a 'sun/nio/fs/WindowsException'{0x000000008db36728}> (0x000000008db36728) thrown at [./src/hotspot/share/prims/jni.cpp, line 615]
Event: 35.879 Thread 0x000001889b922000 Exception <a 'sun/nio/fs/WindowsException'{0x000000008dbf5220}> (0x000000008dbf5220) thrown at [./src/hotspot/share/prims/jni.cpp, line 615]
Event: 36.602 Thread 0x000001889bdbe000 Exception <a 'java/lang/NoSuchMethodError'{0x000000008ad7f448}: 'long java.lang.invoke.DirectMethodHandle$Holder.invokeStatic(java.lang.Object, java.lang.Object, java.lang.Object)'> (0x000000008ad7f448) thrown at [./src/hotspot/share/interpreter/linkResolver.cpp, line 773]
Event: 38.245 Thread 0x000001889b922000 Exception <a 'java/lang/IncompatibleClassChangeError'{0x000000008d882428}: Found class java.lang.Object, but interface was expected> (0x000000008d882428) thrown at [./src/hotspot/share/interpreter/linkResolver.cpp, line 839]

Events (20 events):
Event: 38.827 loading class com/android/tools/r8/graph/v0$j done
Event: 38.828 loading class com/android/tools/r8/graph/v0$d
Event: 38.828 loading class com/android/tools/r8/graph/v0$d done
Event: 38.828 loading class com/android/tools/r8/graph/v0$f
Event: 38.828 loading class com/android/tools/r8/graph/v0$f done
Event: 38.828 loading class com/android/tools/r8/graph/v0$j
Event: 38.828 loading class com/android/tools/r8/graph/v0$j done
Event: 38.828 Executing VM operation: Deoptimize
Event: 38.831 Executing VM operation: Deoptimize done
Event: 38.832 loading class com/android/tools/r8/graph/d0
Event: 38.832 loading class com/android/tools/r8/graph/d0 done
Event: 38.832 loading class com/android/tools/r8/graph/d0
Event: 38.832 loading class com/android/tools/r8/graph/d0 done
Event: 38.832 loading class com/android/tools/r8/graph/S0
Event: 38.832 loading class com/android/tools/r8/graph/S0 done
Event: 38.910 Executing VM operation: CGC_Operation
Event: 38.945 Executing VM operation: CGC_Operation done
Event: 39.395 Executing VM operation: CGC_Operation
Event: 39.396 Executing VM operation: CGC_Operation done
Event: 39.468 Executing VM operation: G1CollectForAllocation


Dynamic libraries:
0x00007ff696220000 - 0x00007ff69622a000 	C:\Program Files\Android\Android Studio1\jre\bin\java.exe
0x00007ffc05370000 - 0x00007ffc05565000 	C:\WINDOWS\SYSTEM32\ntdll.dll
0x00007ffc05270000 - 0x00007ffc0532e000 	C:\WINDOWS\System32\KERNEL32.DLL
0x00007ffc030f0000 - 0x00007ffc033b8000 	C:\WINDOWS\System32\KERNELBASE.dll
0x00007ffc02c30000 - 0x00007ffc02d30000 	C:\WINDOWS\System32\ucrtbase.dll
0x00007ffbf2170000 - 0x00007ffbf2189000 	C:\Program Files\Android\Android Studio1\jre\bin\jli.dll
0x00007ffbf0f30000 - 0x00007ffbf0f47000 	C:\Program Files\Android\Android Studio1\jre\bin\VCRUNTIME140.dll
0x00007ffc03ef0000 - 0x00007ffc04091000 	C:\WINDOWS\System32\USER32.dll
0x00007ffc02ff0000 - 0x00007ffc03012000 	C:\WINDOWS\System32\win32u.dll
0x00007ffbe12a0000 - 0x00007ffbe153a000 	C:\WINDOWS\WinSxS\amd64_microsoft.windows.common-controls_6595b64144ccf1df_6.0.19041.1110_none_60b5254171f9507e\COMCTL32.dll
0x00007ffc04a10000 - 0x00007ffc04a3b000 	C:\WINDOWS\System32\GDI32.dll
0x00007ffc04ad0000 - 0x00007ffc04b6e000 	C:\WINDOWS\System32\msvcrt.dll
0x00007ffc02d30000 - 0x00007ffc02e3b000 	C:\WINDOWS\System32\gdi32full.dll
0x00007ffc03020000 - 0x00007ffc030bd000 	C:\WINDOWS\System32\msvcp_win.dll
0x00007ffc04b70000 - 0x00007ffc04ba0000 	C:\WINDOWS\System32\IMM32.DLL
0x00007ffbed190000 - 0x00007ffbed22d000 	C:\Program Files\Android\Android Studio1\jre\bin\msvcp140.dll
0x00007ffbeb5c0000 - 0x00007ffbec08f000 	C:\Program Files\Android\Android Studio1\jre\bin\server\jvm.dll
0x00007ffc04960000 - 0x00007ffc04a0c000 	C:\WINDOWS\System32\ADVAPI32.dll
0x00007ffc05020000 - 0x00007ffc050bb000 	C:\WINDOWS\System32\sechost.dll
0x00007ffc03560000 - 0x00007ffc0368a000 	C:\WINDOWS\System32\RPCRT4.dll
0x00007ffc051e0000 - 0x00007ffc051e8000 	C:\WINDOWS\System32\PSAPI.DLL
0x00007ffbe26d0000 - 0x00007ffbe26d9000 	C:\WINDOWS\SYSTEM32\WSOCK32.dll
0x00007ffbe19b0000 - 0x00007ffbe19d7000 	C:\WINDOWS\SYSTEM32\WINMM.dll
0x00007ffc050c0000 - 0x00007ffc0512b000 	C:\WINDOWS\System32\WS2_32.dll
0x00007ffbf7270000 - 0x00007ffbf727a000 	C:\WINDOWS\SYSTEM32\VERSION.dll
0x00007ffc01310000 - 0x00007ffc01322000 	C:\WINDOWS\SYSTEM32\kernel.appcore.dll
0x00007ffbf2fa0000 - 0x00007ffbf2fb1000 	C:\Program Files\Android\Android Studio1\jre\bin\verify.dll
0x00007ffc00fe0000 - 0x00007ffc011c4000 	C:\WINDOWS\SYSTEM32\DBGHELP.DLL
0x00007ffbf51b0000 - 0x00007ffbf51dc000 	C:\WINDOWS\SYSTEM32\dbgcore.DLL
0x00007ffc02af0000 - 0x00007ffc02b73000 	C:\WINDOWS\System32\bcryptPrimitives.dll
0x00007ffbf27e0000 - 0x00007ffbf2809000 	C:\Program Files\Android\Android Studio1\jre\bin\java.dll
0x00007ffbfad70000 - 0x00007ffbfad7b000 	C:\Program Files\Android\Android Studio1\jre\bin\jimage.dll
0x00007ffbf26f0000 - 0x00007ffbf2708000 	C:\Program Files\Android\Android Studio1\jre\bin\zip.dll
0x00007ffc04220000 - 0x00007ffc0495f000 	C:\WINDOWS\System32\SHELL32.dll
0x00007ffc00780000 - 0x00007ffc00f10000 	C:\WINDOWS\SYSTEM32\windows.storage.dll
0x00007ffc03880000 - 0x00007ffc03bd5000 	C:\WINDOWS\System32\combase.dll
0x00007ffc02410000 - 0x00007ffc0243e000 	C:\WINDOWS\SYSTEM32\Wldp.dll
0x00007ffc03690000 - 0x00007ffc0373d000 	C:\WINDOWS\System32\SHCORE.dll
0x00007ffc034a0000 - 0x00007ffc034f5000 	C:\WINDOWS\System32\shlwapi.dll
0x00007ffc029d0000 - 0x00007ffc029ef000 	C:\WINDOWS\SYSTEM32\profapi.dll
0x00007ffbf26d0000 - 0x00007ffbf26ea000 	C:\Program Files\Android\Android Studio1\jre\bin\net.dll
0x00007ffbf9020000 - 0x00007ffbf912c000 	C:\WINDOWS\SYSTEM32\WINHTTP.dll
0x00007ffc02170000 - 0x00007ffc021da000 	C:\WINDOWS\system32\mswsock.dll
0x00007ffbf0db0000 - 0x00007ffbf0dc4000 	C:\Program Files\Android\Android Studio1\jre\bin\nio.dll
0x00007ffbf2820000 - 0x00007ffbf2847000 	C:\Users\HP\.gradle\native\8bec1ad78214c89d9ad589b4d07fe93259594b29d510b10fafb7a158f7737e5d\windows-amd64\native-platform.dll
0x00007ffbeca70000 - 0x00007ffbecbad000 	C:\Users\HP\.gradle\native\53dbd7edfb1c66fb8903c78663c9afc45aea4f116125fa6feffd364cf09443e8\windows-amd64\native-platform-file-events.dll
0x00007ffbf9130000 - 0x00007ffbf913a000 	C:\Program Files\Android\Android Studio1\jre\bin\management.dll
0x00007ffbf2e80000 - 0x00007ffbf2e8c000 	C:\Program Files\Android\Android Studio1\jre\bin\management_ext.dll
0x00007ffc02370000 - 0x00007ffc02388000 	C:\WINDOWS\SYSTEM32\CRYPTSP.dll
0x00007ffc01af0000 - 0x00007ffc01b24000 	C:\WINDOWS\system32\rsaenh.dll
0x00007ffc030c0000 - 0x00007ffc030e7000 	C:\WINDOWS\System32\bcrypt.dll
0x00007ffc02990000 - 0x00007ffc029be000 	C:\WINDOWS\SYSTEM32\USERENV.dll
0x00007ffc02360000 - 0x00007ffc0236c000 	C:\WINDOWS\SYSTEM32\CRYPTBASE.dll
0x00007ffc01e60000 - 0x00007ffc01e9b000 	C:\WINDOWS\SYSTEM32\IPHLPAPI.DLL
0x00007ffc03ee0000 - 0x00007ffc03ee8000 	C:\WINDOWS\System32\NSI.dll
0x00007ffc005a0000 - 0x00007ffc005b7000 	C:\WINDOWS\SYSTEM32\dhcpcsvc6.DLL
0x00007ffc00580000 - 0x00007ffc0059d000 	C:\WINDOWS\SYSTEM32\dhcpcsvc.DLL
0x00007ffc01ea0000 - 0x00007ffc01f6b000 	C:\WINDOWS\SYSTEM32\DNSAPI.dll

dbghelp: loaded successfully - version: 4.0.5 - missing functions: none
symbol engine: initialized successfully - sym options: 0x614 - pdb path: .;C:\Program Files\Android\Android Studio1\jre\bin;C:\WINDOWS\SYSTEM32;C:\WINDOWS\WinSxS\amd64_microsoft.windows.common-controls_6595b64144ccf1df_6.0.19041.1110_none_60b5254171f9507e;C:\Program Files\Android\Android Studio1\jre\bin\server;C:\Users\HP\.gradle\native\8bec1ad78214c89d9ad589b4d07fe93259594b29d510b10fafb7a158f7737e5d\windows-amd64;C:\Users\HP\.gradle\native\53dbd7edfb1c66fb8903c78663c9afc45aea4f116125fa6feffd364cf09443e8\windows-amd64

VM Arguments:
jvm_args: --add-opens=java.base/java.util=ALL-UNNAMED --add-opens=java.base/java.lang=ALL-UNNAMED --add-opens=java.base/java.lang.invoke=ALL-UNNAMED --add-opens=java.base/java.util=ALL-UNNAMED --add-opens=java.prefs/java.util.prefs=ALL-UNNAMED --add-opens=java.prefs/java.util.prefs=ALL-UNNAMED --add-opens=java.base/java.nio.charset=ALL-UNNAMED --add-opens=java.base/java.net=ALL-UNNAMED --add-opens=java.base/java.util.concurrent.atomic=ALL-UNNAMED -Xmx2048m -Dfile.encoding=UTF-8 -Duser.country=RU -Duser.language=ru -Duser.variant 
java_command: org.gradle.launcher.daemon.bootstrap.GradleDaemon 7.0.2
java_class_path (initial): C:\Users\HP\.gradle\wrapper\dists\gradle-7.0.2-bin\857tjihv64xamwrf0h14cai3r\gradle-7.0.2\lib\gradle-launcher-7.0.2.jar
Launcher Type: SUN_STANDARD

[Global flags]
     intx CICompilerCount                          = 3                                         {product} {ergonomic}
     uint ConcGCThreads                            = 1                                         {product} {ergonomic}
     uint G1ConcRefinementThreads                  = 4                                         {product} {ergonomic}
   size_t G1HeapRegionSize                         = 1048576                                   {product} {ergonomic}
    uintx GCDrainStackTargetSize                   = 64                                        {product} {ergonomic}
   size_t InitialHeapSize                          = 134217728                                 {product} {ergonomic}
   size_t MarkStackSize                            = 4194304                                   {product} {ergonomic}
   size_t MaxHeapSize                              = 2147483648                                {product} {command line}
   size_t MaxNewSize                               = 1287651328                                {product} {ergonomic}
   size_t MinHeapDeltaBytes                        = 1048576                                   {product} {ergonomic}
    uintx NonNMethodCodeHeapSize                   = 5830732                                {pd product} {ergonomic}
    uintx NonProfiledCodeHeapSize                  = 122913754                              {pd product} {ergonomic}
    uintx ProfiledCodeHeapSize                     = 122913754                              {pd product} {ergonomic}
    uintx ReservedCodeCacheSize                    = 251658240                              {pd product} {ergonomic}
     bool SegmentedCodeCache                       = true                                      {product} {ergonomic}
     bool UseCompressedClassPointers               = true                                 {lp64_product} {ergonomic}
     bool UseCompressedOops                        = true                                 {lp64_product} {ergonomic}
     bool UseG1GC                                  = true                                      {product} {ergonomic}
     bool UseLargePagesIndividualAllocation        = false                                  {pd product} {ergonomic}

Logging:
Log output configuration:
 #0: stdout all=warning uptime,level,tags
 #1: stderr all=off uptime,level,tags

Environment Variables:
PATH=C:\Program Files (x86)\Common Files\Oracle\Java\javapath;C:\ProgramData\Oracle\Java\javapath;C:\Program Files (x86)\Intel\iCLS Client\;C:\Program Files\Intel\iCLS Client\;C:\WINDOWS\system32;C:\WINDOWS;C:\WINDOWS\System32\Wbem;C:\WINDOWS\System32\WindowsPowerShell\v1.0\;C:\Program Files (x86)\Intel\Intel(R) Management Engine Components\DAL;C:\Program Files\Intel\Intel(R) Management Engine Components\DAL;C:\Program Files (x86)\Intel\Intel(R) Management Engine Components\IPT;C:\Program Files\Intel\Intel(R) Management Engine Components\IPT;C:\WINDOWS\System32\OpenSSH\;C:\Program Files\Git\cmd;C:\Users\HP\AppData\Local\Microsoft\WindowsApps;C:\Users\HP\AppData\Local\GitHubDesktop\bin
USERNAME=HP
OS=Windows_NT
PROCESSOR_IDENTIFIER=Intel64 Family 6 Model 142 Stepping 9, GenuineIntel



---------------  S Y S T E M  ---------------

OS: Windows 10 , 64 bit Build 19041 (10.0.19041.1348)
OS uptime: 0 days 6:40 hours

CPU:total 4 (initial active 4) (2 cores per cpu, 2 threads per core) family 6 model 142 stepping 9 microcode 0xb4, cmov, cx8, fxsr, mmx, sse, sse2, sse3, ssse3, sse4.1, sse4.2, popcnt, avx, avx2, aes, clmul, erms, 3dnowpref, lzcnt, ht, tsc, tscinvbit, bmi1, bmi2, adx, fma

Memory: 4k page, system-wide physical 8064M (603M free)
TotalPageFile size 9968M (AvailPageFile size 57M)
current process WorkingSet (physical memory assigned to process): 566M, peak: 576M
current process commit charge ("private bytes"): 596M, peak: 759M

vm_info: OpenJDK 64-Bit Server VM (11.0.10+0-b96-7249189) for windows-amd64 JRE (11.0.10+0-b96-7249189), built on Mar 31 2021 21:44:00 by "builder" with MS VC++ 14.0 (VS2015)

END.
