#
# There is insufficient memory for the Java Runtime Environment to continue.
# Native memory allocation (malloc) failed to allocate 936016 bytes for Chunk::new
# Possible reasons:
#   The system is out of physical RAM or swap space
#   The process is running with CompressedOops enabled, and the Java Heap may be blocking the growth of the native heap
# Possible solutions:
#   Reduce memory load on the system
#   Increase physical memory or swap space
#   Check if swap backing store is full
#   Decrease Java heap size (-Xmx/-Xms)
#   Decrease number of Java threads
#   Decrease Java thread stack sizes (-Xss)
#   Set larger code cache with -XX:ReservedCodeCacheSize=
#   JVM is running with Unscaled Compressed Oops mode in which the Java heap is
#     placed in the first 4GB address space. The Java Heap base address is the
#     maximum limit for the native heap growth. Please use -XX:HeapBaseMinAddress
#     to set the Java Heap base and to place the Java Heap above 4GB virtual address.
# This output file may be truncated or incomplete.
#
#  Out of Memory Error (./src/hotspot/share/memory/arena.cpp:197), pid=1080, tid=12556
#
# JRE version: OpenJDK Runtime Environment (11.0.10) (build 11.0.10+0-b96-7249189)
# Java VM: OpenJDK 64-Bit Server VM (11.0.10+0-b96-7249189, mixed mode, tiered, compressed oops, g1 gc, windows-amd64)
# No core dump will be written. Minidumps are not enabled by default on client versions of Windows
#

---------------  S U M M A R Y ------------

Command Line: --add-opens=java.base/java.util=ALL-UNNAMED --add-opens=java.base/java.lang=ALL-UNNAMED --add-opens=java.base/java.lang.invoke=ALL-UNNAMED --add-opens=java.base/java.util=ALL-UNNAMED --add-opens=java.prefs/java.util.prefs=ALL-UNNAMED --add-opens=java.prefs/java.util.prefs=ALL-UNNAMED --add-opens=java.base/java.nio.charset=ALL-UNNAMED --add-opens=java.base/java.net=ALL-UNNAMED --add-opens=java.base/java.util.concurrent.atomic=ALL-UNNAMED -Xmx2048m -Dfile.encoding=UTF-8 -Duser.country=RU -Duser.language=ru -Duser.variant org.gradle.launcher.daemon.bootstrap.GradleDaemon 7.0.2

Host: Intel(R) Core(TM) i3-7100U CPU @ 2.40GHz, 4 cores, 7G,  Windows 10 , 64 bit Build 19041 (10.0.19041.1348)
Time: Thu Nov 18 23:41:17 2021 RTZ 1 (зима) elapsed time: 6714.634089 seconds (0d 1h 51m 54s)

---------------  T H R E A D  ---------------

Current thread (0x000001594ffe3000):  JavaThread "C2 CompilerThread0" daemon [_thread_in_native, id=12556, stack(0x0000000ce3900000,0x0000000ce3a00000)]


Current CompileTask:
C2:6714634 19679       4       org.gradle.internal.instantiation.generator.AbstractClassGenerator$PropertyMetadata::hasAnnotation (40 bytes)

Stack: [0x0000000ce3900000,0x0000000ce3a00000]
Native frames: (J=compiled Java code, j=interpreted, Vv=VM code, C=native code)
V  [jvm.dll+0x5ecfaa]
V  [jvm.dll+0x722bd5]
V  [jvm.dll+0x72412d]
V  [jvm.dll+0x7247e3]
V  [jvm.dll+0x242928]
V  [jvm.dll+0xbc4fc]
V  [jvm.dll+0xbca0c]
V  [jvm.dll+0x2b4fd4]
V  [jvm.dll+0x506028]
V  [jvm.dll+0x203253]
V  [jvm.dll+0x1fd07c]
V  [jvm.dll+0x1fa77f]
V  [jvm.dll+0x18354c]
V  [jvm.dll+0x208ee7]
V  [jvm.dll+0x207731]
V  [jvm.dll+0x6eb1cf]
V  [jvm.dll+0x6e3d45]
V  [jvm.dll+0x5ebe96]
C  [ucrtbase.dll+0x21bb2]
C  [KERNEL32.DLL+0x17034]
C  [ntdll.dll+0x52651]


---------------  P R O C E S S  ---------------

Threads class SMR info:
_java_thread_list=0x00000159599d1540, length=55, elements={
0x000001593446c800, 0x000001594ffbc000, 0x000001594ffbf000, 0x0000015950963800,
0x000001594ffdb800, 0x000001594ffde800, 0x000001594ffe3000, 0x000001594ffec000,
0x000001594ffed800, 0x0000015950ad8000, 0x0000015952a1a000, 0x0000015951ed4000,
0x00000159532d0000, 0x0000015953945800, 0x0000015953942000, 0x0000015953940800,
0x0000015953941000, 0x0000015953947000, 0x0000015952b96800, 0x0000015952b98000,
0x0000015952b92800, 0x0000015952b99000, 0x0000015952b9c000, 0x0000015952ba1000,
0x0000015953e93800, 0x0000015953e9a000, 0x0000015952b9b800, 0x0000015953943000,
0x0000015953946000, 0x0000015953943800, 0x0000015953e95000, 0x0000015953e9b000,
0x0000015953e99800, 0x0000015953e9c800, 0x0000015953e9c000, 0x0000015953e97000,
0x0000015953e9d800, 0x0000015953e97800, 0x0000015953e98800, 0x0000015953e9f000,
0x0000015953ea0800, 0x0000015953ea1800, 0x0000015952b99800, 0x0000015952b94000,
0x0000015952b9f800, 0x0000015952b9d000, 0x0000015952ba0000, 0x000001595c580800,
0x000001595c582000, 0x000001595c583800, 0x000001595c586000, 0x000001595c584800,
0x000001595c585000, 0x000001595c582800, 0x000001595c587000
}

Java Threads: ( => current thread )
  0x000001593446c800 JavaThread "main" [_thread_blocked, id=10228, stack(0x0000000ce2d00000,0x0000000ce2e00000)]
  0x000001594ffbc000 JavaThread "Reference Handler" daemon [_thread_blocked, id=708, stack(0x0000000ce3400000,0x0000000ce3500000)]
  0x000001594ffbf000 JavaThread "Finalizer" daemon [_thread_blocked, id=12892, stack(0x0000000ce3500000,0x0000000ce3600000)]
  0x0000015950963800 JavaThread "Signal Dispatcher" daemon [_thread_blocked, id=7004, stack(0x0000000ce3600000,0x0000000ce3700000)]
  0x000001594ffdb800 JavaThread "Attach Listener" daemon [_thread_blocked, id=7412, stack(0x0000000ce3700000,0x0000000ce3800000)]
  0x000001594ffde800 JavaThread "Service Thread" daemon [_thread_blocked, id=14272, stack(0x0000000ce3800000,0x0000000ce3900000)]
=>0x000001594ffe3000 JavaThread "C2 CompilerThread0" daemon [_thread_in_native, id=12556, stack(0x0000000ce3900000,0x0000000ce3a00000)]
  0x000001594ffec000 JavaThread "C1 CompilerThread0" daemon [_thread_blocked, id=3464, stack(0x0000000ce3a00000,0x0000000ce3b00000)]
  0x000001594ffed800 JavaThread "Sweeper thread" daemon [_thread_blocked, id=8000, stack(0x0000000ce3b00000,0x0000000ce3c00000)]
  0x0000015950ad8000 JavaThread "Common-Cleaner" daemon [_thread_blocked, id=9836, stack(0x0000000ce3c00000,0x0000000ce3d00000)]
  0x0000015952a1a000 JavaThread "Daemon health stats" [_thread_blocked, id=8360, stack(0x0000000ce4100000,0x0000000ce4200000)]
  0x0000015951ed4000 JavaThread "Incoming local TCP Connector on port 61667" [_thread_in_native, id=10988, stack(0x0000000ce3e00000,0x0000000ce3f00000)]
  0x00000159532d0000 JavaThread "Daemon periodic checks" [_thread_blocked, id=11304, stack(0x0000000ce4200000,0x0000000ce4300000)]
  0x0000015953945800 JavaThread "Cache worker for file hash cache (C:\Users\HP\.gradle\caches\7.0.2\fileHashes)" [_thread_blocked, id=9492, stack(0x0000000ce4b00000,0x0000000ce4c00000)]
  0x0000015953942000 JavaThread "File lock request listener" [_thread_in_native, id=8832, stack(0x0000000ce4c00000,0x0000000ce4d00000)]
  0x0000015953940800 JavaThread "Cache worker for journal cache (C:\Users\HP\.gradle\caches\journal-1)" [_thread_blocked, id=14032, stack(0x0000000ce4d00000,0x0000000ce4e00000)]
  0x0000015953941000 JavaThread "File watcher server" daemon [_thread_in_native, id=8444, stack(0x0000000ce4f00000,0x0000000ce5000000)]
  0x0000015953947000 JavaThread "File watcher consumer" daemon [_thread_blocked, id=6592, stack(0x0000000ce5000000,0x0000000ce5100000)]
  0x0000015952b96800 JavaThread "Cache worker for execution history cache (C:\Users\HP\.gradle\caches\7.0.2\executionHistory)" [_thread_blocked, id=1840, stack(0x0000000ce5300000,0x0000000ce5400000)]
  0x0000015952b98000 JavaThread "jar transforms" [_thread_blocked, id=12044, stack(0x0000000ce5600000,0x0000000ce5700000)]
  0x0000015952b92800 JavaThread "jar transforms Thread 2" [_thread_blocked, id=10808, stack(0x0000000ce5700000,0x0000000ce5800000)]
  0x0000015952b99000 JavaThread "Cache worker for file content cache (C:\Users\HP\.gradle\caches\7.0.2\fileContent)" [_thread_blocked, id=12912, stack(0x0000000ce5500000,0x0000000ce5600000)]
  0x0000015952b9c000 JavaThread "jar transforms Thread 3" [_thread_blocked, id=592, stack(0x0000000ce5900000,0x0000000ce5a00000)]
  0x0000015952ba1000 JavaThread "jar transforms Thread 4" [_thread_blocked, id=13752, stack(0x0000000ce5f00000,0x0000000ce6000000)]
  0x0000015953e93800 JavaThread "Memory manager" [_thread_blocked, id=6288, stack(0x0000000ce6100000,0x0000000ce6200000)]
  0x0000015953e9a000 JavaThread "pool-3-thread-1" [_thread_blocked, id=7596, stack(0x0000000ce6000000,0x0000000ce6100000)]
  0x0000015952b9b800 JavaThread "pool-6-thread-1" [_thread_blocked, id=4208, stack(0x0000000ce5d00000,0x0000000ce5e00000)]
  0x0000015953943000 JavaThread "Daemon Thread 3" [_thread_blocked, id=7456, stack(0x0000000ce2a00000,0x0000000ce2b00000)]
  0x0000015953946000 JavaThread "Handler for socket connection from /127.0.0.1:61667 to /127.0.0.1:50719" [_thread_in_native, id=2264, stack(0x0000000ce2b00000,0x0000000ce2c00000)]
  0x0000015953943800 JavaThread "Cancel handler" [_thread_blocked, id=15352, stack(0x0000000ce2c00000,0x0000000ce2d00000)]
  0x0000015953e95000 JavaThread "Daemon worker Thread 3" [_thread_blocked, id=12660, stack(0x0000000ce4300000,0x0000000ce4400000)]
  0x0000015953e9b000 JavaThread "Asynchronous log dispatcher for DefaultDaemonConnection: socket connection from /127.0.0.1:61667 to /127.0.0.1:50719" [_thread_blocked, id=6016, stack(0x0000000ce4400000,0x0000000ce4500000)]
  0x0000015953e99800 JavaThread "Stdin handler" [_thread_blocked, id=2788, stack(0x0000000ce4500000,0x0000000ce4600000)]
  0x0000015953e9c800 JavaThread "Daemon client event forwarder" [_thread_blocked, id=10428, stack(0x0000000ce4600000,0x0000000ce4700000)]
  0x0000015953e9c000 JavaThread "Cache worker for file hash cache (C:\Users\HP\AndroidStudioProjects\Random_Beisen\.gradle\7.0.2\fileHashes)" [_thread_blocked, id=14920, stack(0x0000000ce4700000,0x0000000ce4800000)]
  0x0000015953e97000 JavaThread "Cache worker for checksums cache (C:\Users\HP\AndroidStudioProjects\Random_Beisen\.gradle\checksums)" [_thread_blocked, id=15048, stack(0x0000000ce4900000,0x0000000ce4a00000)]
  0x0000015953e9d800 JavaThread "Cache worker for cache directory md-supplier (C:\Users\HP\.gradle\caches\7.0.2\md-supplier)" [_thread_blocked, id=10824, stack(0x0000000ce4e00000,0x0000000ce4f00000)]
  0x0000015953e97800 JavaThread "Cache worker for cache directory md-rule (C:\Users\HP\.gradle\caches\7.0.2\md-rule)" [_thread_blocked, id=14628, stack(0x0000000ce5100000,0x0000000ce5200000)]
  0x0000015953e98800 JavaThread "Cache worker for dependencies-accessors (C:\Users\HP\AndroidStudioProjects\Random_Beisen\.gradle\7.0.2\dependencies-accessors)" [_thread_blocked, id=15356, stack(0x0000000ce5200000,0x0000000ce5300000)]
  0x0000015953e9f000 JavaThread "Cache worker for Build Output Cleanup Cache (C:\Users\HP\AndroidStudioProjects\Random_Beisen\.gradle\buildOutputCleanup)" [_thread_blocked, id=15036, stack(0x0000000ce5400000,0x0000000ce5500000)]
  0x0000015953ea0800 JavaThread "Build operations" [_thread_blocked, id=14528, stack(0x0000000ce5800000,0x0000000ce5900000)]
  0x0000015953ea1800 JavaThread "Build operations Thread 2" [_thread_blocked, id=14532, stack(0x0000000ce5a00000,0x0000000ce5b00000)]
  0x0000015952b99800 JavaThread "Build operations Thread 3" [_thread_blocked, id=14536, stack(0x0000000ce5b00000,0x0000000ce5c00000)]
  0x0000015952b94000 JavaThread "Build operations Thread 4" [_thread_blocked, id=14540, stack(0x0000000ce5c00000,0x0000000ce5d00000)]
  0x0000015952b9f800 JavaThread "build event listener" [_thread_blocked, id=11660, stack(0x0000000ce5e00000,0x0000000ce5f00000)]
  0x0000015952b9d000 JavaThread "pool-9-thread-1" [_thread_blocked, id=5388, stack(0x0000000ce6200000,0x0000000ce6300000)]
  0x0000015952ba0000 JavaThread "build event listener" [_thread_blocked, id=11824, stack(0x0000000ce6300000,0x0000000ce6400000)]
  0x000001595c580800 JavaThread "Execution worker for ':'" [_thread_blocked, id=12072, stack(0x0000000ce6400000,0x0000000ce6500000)]
  0x000001595c582000 JavaThread "Execution worker for ':' Thread 2" [_thread_in_vm, id=7872, stack(0x0000000ce6500000,0x0000000ce6600000)]
  0x000001595c583800 JavaThread "Execution worker for ':' Thread 3" [_thread_blocked, id=6332, stack(0x0000000ce6600000,0x0000000ce6700000)]
  0x000001595c586000 JavaThread "Cache worker for execution history cache (C:\Users\HP\AndroidStudioProjects\Random_Beisen\.gradle\7.0.2\executionHistory)" [_thread_in_vm, id=14108, stack(0x0000000ce6700000,0x0000000ce6800000)]
  0x000001595c584800 JavaThread "WorkerExecutor Queue" [_thread_blocked, id=11192, stack(0x0000000ce6800000,0x0000000ce6900000)]
  0x000001595c585000 JavaThread "WorkerExecutor Queue Thread 2" [_thread_in_vm, id=12512, stack(0x0000000ce6900000,0x0000000ce6a00000)]
  0x000001595c582800 JavaThread "WorkerExecutor Queue Thread 3" [_thread_in_Java, id=7008, stack(0x0000000ce6a00000,0x0000000ce6b00000)]
  0x000001595c587000 JavaThread "WorkerExecutor Queue Thread 4" [_thread_blocked, id=8760, stack(0x0000000ce6b00000,0x0000000ce6c00000)]

Other Threads:
  0x000001594ffb6800 VMThread "VM Thread" [stack: 0x0000000ce3300000,0x0000000ce3400000] [id=12092]
  0x0000015950ad9000 WatcherThread [stack: 0x0000000ce3d00000,0x0000000ce3e00000] [id=7400]
  0x0000015934486000 GCTaskThread "GC Thread#0" [stack: 0x0000000ce2e00000,0x0000000ce2f00000] [id=11432]
  0x00000159510ff800 GCTaskThread "GC Thread#1" [stack: 0x0000000ce3f00000,0x0000000ce4000000] [id=10996]
  0x00000159510a2800 GCTaskThread "GC Thread#2" [stack: 0x0000000ce4000000,0x0000000ce4100000] [id=10232]
  0x0000015951f28000 GCTaskThread "GC Thread#3" [stack: 0x0000000ce4a00000,0x0000000ce4b00000] [id=2888]
  0x00000159344b6800 ConcurrentGCThread "G1 Main Marker" [stack: 0x0000000ce2f00000,0x0000000ce3000000] [id=4536]
  0x00000159344b7800 ConcurrentGCThread "G1 Conc#0" [stack: 0x0000000ce3000000,0x0000000ce3100000] [id=2160]
  0x0000015934545000 ConcurrentGCThread "G1 Refine#0" [stack: 0x0000000ce3100000,0x0000000ce3200000] [id=6476]
  0x0000015934546000 ConcurrentGCThread "G1 Young RemSet Sampling" [stack: 0x0000000ce3200000,0x0000000ce3300000] [id=7616]

Threads with active compile tasks:
C2 CompilerThread06714710 19679       4       org.gradle.internal.instantiation.generator.AbstractClassGenerator$PropertyMetadata::hasAnnotation (40 bytes)

VM state:not at safepoint (normal execution)

VM Mutex/Monitor currently owned by a thread: None

Heap address: 0x0000000080000000, size: 2048 MB, Compressed Oops mode: 32-bit
Narrow klass base: 0x0000000000000000, Narrow klass shift: 3
Compressed class space size: 1073741824 Address: 0x0000000100000000

Heap:
 garbage-first heap   total 227328K, used 167607K [0x0000000080000000, 0x0000000100000000)
  region size 1024K, 46 young (47104K), 1 survivors (1024K)
 Metaspace       used 130976K, capacity 133771K, committed 133964K, reserved 1165312K
  class space    used 16014K, capacity 17096K, committed 17228K, reserved 1048576K
Heap Regions: E=young(eden), S=young(survivor), O=old, HS=humongous(starts), HC=humongous(continues), CS=collection set, F=free, A=archive, TAMS=top-at-mark-start (previous, next)
|   0|0x0000000080000000, 0x0000000080100000, 0x0000000080100000|100%| O|  |TAMS 0x0000000080100000, 0x0000000080000000| Untracked 
|   1|0x0000000080100000, 0x0000000080200000, 0x0000000080200000|100%| O|  |TAMS 0x0000000080200000, 0x0000000080100000| Untracked 
|   2|0x0000000080200000, 0x0000000080300000, 0x0000000080300000|100%| O|  |TAMS 0x0000000080300000, 0x0000000080200000| Untracked 
|   3|0x0000000080300000, 0x0000000080400000, 0x0000000080400000|100%|HS|  |TAMS 0x0000000080400000, 0x0000000080300000| Complete 
|   4|0x0000000080400000, 0x0000000080500000, 0x0000000080500000|100%|HC|  |TAMS 0x0000000080500000, 0x0000000080400000| Complete 
|   5|0x0000000080500000, 0x0000000080600000, 0x0000000080600000|100%|HC|  |TAMS 0x0000000080600000, 0x0000000080500000| Complete 
|   6|0x0000000080600000, 0x0000000080700000, 0x0000000080700000|100%| O|  |TAMS 0x0000000080700000, 0x0000000080600000| Untracked 
|   7|0x0000000080700000, 0x0000000080800000, 0x0000000080800000|100%| O|  |TAMS 0x0000000080800000, 0x0000000080700000| Untracked 
|   8|0x0000000080800000, 0x0000000080900000, 0x0000000080900000|100%| O|  |TAMS 0x0000000080900000, 0x0000000080800000| Untracked 
|   9|0x0000000080900000, 0x0000000080a00000, 0x0000000080a00000|100%| O|  |TAMS 0x0000000080a00000, 0x0000000080900000| Untracked 
|  10|0x0000000080a00000, 0x0000000080b00000, 0x0000000080b00000|100%| O|  |TAMS 0x0000000080b00000, 0x0000000080a00000| Untracked 
|  11|0x0000000080b00000, 0x0000000080c00000, 0x0000000080c00000|100%| O|  |TAMS 0x0000000080c00000, 0x0000000080b00000| Untracked 
|  12|0x0000000080c00000, 0x0000000080d00000, 0x0000000080d00000|100%| O|  |TAMS 0x0000000080d00000, 0x0000000080c00000| Untracked 
|  13|0x0000000080d00000, 0x0000000080e00000, 0x0000000080e00000|100%| O|  |TAMS 0x0000000080e00000, 0x0000000080d00000| Untracked 
|  14|0x0000000080e00000, 0x0000000080f00000, 0x0000000080f00000|100%| O|  |TAMS 0x0000000080f00000, 0x0000000080e00000| Untracked 
|  15|0x0000000080f00000, 0x0000000081000000, 0x0000000081000000|100%|HS|  |TAMS 0x0000000081000000, 0x0000000080f00000| Complete 
|  16|0x0000000081000000, 0x0000000081100000, 0x0000000081100000|100%| O|  |TAMS 0x0000000081100000, 0x0000000081000000| Untracked 
|  17|0x0000000081100000, 0x0000000081200000, 0x0000000081200000|100%| O|  |TAMS 0x0000000081200000, 0x0000000081100000| Untracked 
|  18|0x0000000081200000, 0x0000000081300000, 0x0000000081300000|100%| O|  |TAMS 0x0000000081300000, 0x0000000081200000| Untracked 
|  19|0x0000000081300000, 0x0000000081400000, 0x0000000081400000|100%| O|  |TAMS 0x0000000081400000, 0x0000000081300000| Untracked 
|  20|0x0000000081400000, 0x0000000081500000, 0x0000000081500000|100%| O|  |TAMS 0x0000000081500000, 0x0000000081400000| Untracked 
|  21|0x0000000081500000, 0x0000000081600000, 0x0000000081600000|100%| O|  |TAMS 0x0000000081600000, 0x0000000081500000| Untracked 
|  22|0x0000000081600000, 0x0000000081700000, 0x0000000081700000|100%| O|  |TAMS 0x0000000081700000, 0x0000000081600000| Untracked 
|  23|0x0000000081700000, 0x0000000081800000, 0x0000000081800000|100%| O|  |TAMS 0x0000000081800000, 0x0000000081700000| Untracked 
|  24|0x0000000081800000, 0x0000000081900000, 0x0000000081900000|100%| O|  |TAMS 0x0000000081900000, 0x0000000081800000| Untracked 
|  25|0x0000000081900000, 0x0000000081a00000, 0x0000000081a00000|100%| O|  |TAMS 0x0000000081a00000, 0x0000000081900000| Untracked 
|  26|0x0000000081a00000, 0x0000000081b00000, 0x0000000081b00000|100%| O|  |TAMS 0x0000000081b00000, 0x0000000081a00000| Untracked 
|  27|0x0000000081b00000, 0x0000000081c00000, 0x0000000081c00000|100%|HS|  |TAMS 0x0000000081c00000, 0x0000000081b00000| Complete 
|  28|0x0000000081c00000, 0x0000000081d00000, 0x0000000081d00000|100%|HS|  |TAMS 0x0000000081d00000, 0x0000000081c00000| Complete 
|  29|0x0000000081d00000, 0x0000000081e00000, 0x0000000081e00000|100%|HS|  |TAMS 0x0000000081e00000, 0x0000000081d00000| Complete 
|  30|0x0000000081e00000, 0x0000000081f00000, 0x0000000081f00000|100%|HC|  |TAMS 0x0000000081f00000, 0x0000000081e00000| Complete 
|  31|0x0000000081f00000, 0x0000000082000000, 0x0000000082000000|100%|HC|  |TAMS 0x0000000082000000, 0x0000000081f00000| Complete 
|  32|0x0000000082000000, 0x0000000082100000, 0x0000000082100000|100%|HS|  |TAMS 0x0000000082100000, 0x0000000082000000| Complete 
|  33|0x0000000082100000, 0x0000000082200000, 0x0000000082200000|100%|HC|  |TAMS 0x0000000082200000, 0x0000000082100000| Complete 
|  34|0x0000000082200000, 0x0000000082300000, 0x0000000082300000|100%| O|  |TAMS 0x0000000082300000, 0x0000000082200000| Untracked 
|  35|0x0000000082300000, 0x0000000082300000, 0x0000000082400000|  0%| F|  |TAMS 0x0000000082300000, 0x0000000082300000| Untracked 
|  36|0x0000000082400000, 0x0000000082500000, 0x0000000082500000|100%| O|  |TAMS 0x0000000082500000, 0x0000000082400000| Untracked 
|  37|0x0000000082500000, 0x0000000082600000, 0x0000000082600000|100%| O|  |TAMS 0x0000000082600000, 0x0000000082500000| Untracked 
|  38|0x0000000082600000, 0x0000000082700000, 0x0000000082700000|100%| O|  |TAMS 0x0000000082700000, 0x0000000082600000| Untracked 
|  39|0x0000000082700000, 0x0000000082800000, 0x0000000082800000|100%| O|  |TAMS 0x0000000082800000, 0x0000000082700000| Untracked 
|  40|0x0000000082800000, 0x0000000082900000, 0x0000000082900000|100%| O|  |TAMS 0x0000000082900000, 0x0000000082800000| Untracked 
|  41|0x0000000082900000, 0x0000000082a00000, 0x0000000082a00000|100%| O|  |TAMS 0x0000000082a00000, 0x0000000082900000| Untracked 
|  42|0x0000000082a00000, 0x0000000082b00000, 0x0000000082b00000|100%| O|  |TAMS 0x0000000082b00000, 0x0000000082a00000| Untracked 
|  43|0x0000000082b00000, 0x0000000082c00000, 0x0000000082c00000|100%| O|  |TAMS 0x0000000082c00000, 0x0000000082b00000| Untracked 
|  44|0x0000000082c00000, 0x0000000082d00000, 0x0000000082d00000|100%| O|  |TAMS 0x0000000082d00000, 0x0000000082c00000| Untracked 
|  45|0x0000000082d00000, 0x0000000082e00000, 0x0000000082e00000|100%| O|  |TAMS 0x0000000082e00000, 0x0000000082d00000| Untracked 
|  46|0x0000000082e00000, 0x0000000082f00000, 0x0000000082f00000|100%| O|  |TAMS 0x0000000082f00000, 0x0000000082e00000| Untracked 
|  47|0x0000000082f00000, 0x0000000083000000, 0x0000000083000000|100%| O|  |TAMS 0x0000000083000000, 0x0000000082f00000| Untracked 
|  48|0x0000000083000000, 0x0000000083100000, 0x0000000083100000|100%| O|  |TAMS 0x0000000083100000, 0x0000000083000000| Untracked 
|  49|0x0000000083100000, 0x0000000083200000, 0x0000000083200000|100%| O|  |TAMS 0x0000000083200000, 0x0000000083100000| Untracked 
|  50|0x0000000083200000, 0x0000000083200000, 0x0000000083300000|  0%| F|  |TAMS 0x0000000083200000, 0x0000000083200000| Untracked 
|  51|0x0000000083300000, 0x0000000083400000, 0x0000000083400000|100%| O|  |TAMS 0x0000000083300000, 0x0000000083300000| Untracked 
|  52|0x0000000083400000, 0x0000000083500000, 0x0000000083500000|100%| O|  |TAMS 0x0000000083500000, 0x0000000083400000| Untracked 
|  53|0x0000000083500000, 0x0000000083600000, 0x0000000083600000|100%| O|  |TAMS 0x0000000083600000, 0x0000000083500000| Untracked 
|  54|0x0000000083600000, 0x0000000083700000, 0x0000000083700000|100%| O|  |TAMS 0x0000000083700000, 0x0000000083600000| Untracked 
|  55|0x0000000083700000, 0x0000000083800000, 0x0000000083800000|100%| O|  |TAMS 0x0000000083800000, 0x0000000083700000| Untracked 
|  56|0x0000000083800000, 0x0000000083900000, 0x0000000083900000|100%| O|  |TAMS 0x0000000083900000, 0x0000000083800000| Untracked 
|  57|0x0000000083900000, 0x0000000083a00000, 0x0000000083a00000|100%| O|  |TAMS 0x000000008390c200, 0x0000000083900000| Untracked 
|  58|0x0000000083a00000, 0x0000000083a00000, 0x0000000083b00000|  0%| F|  |TAMS 0x0000000083a00000, 0x0000000083a00000| Untracked 
|  59|0x0000000083b00000, 0x0000000083b00000, 0x0000000083c00000|  0%| F|  |TAMS 0x0000000083b00000, 0x0000000083b00000| Untracked 
|  60|0x0000000083c00000, 0x0000000083d00000, 0x0000000083d00000|100%| O|  |TAMS 0x0000000083d00000, 0x0000000083c00000| Untracked 
|  61|0x0000000083d00000, 0x0000000083e00000, 0x0000000083e00000|100%| O|  |TAMS 0x0000000083e00000, 0x0000000083d00000| Untracked 
|  62|0x0000000083e00000, 0x0000000083f00000, 0x0000000083f00000|100%| O|  |TAMS 0x0000000083f00000, 0x0000000083e00000| Untracked 
|  63|0x0000000083f00000, 0x0000000084000000, 0x0000000084000000|100%| O|  |TAMS 0x0000000083f00000, 0x0000000083f00000| Untracked 
|  64|0x0000000084000000, 0x0000000084100000, 0x0000000084100000|100%| O|  |TAMS 0x0000000084000000, 0x0000000084000000| Untracked 
|  65|0x0000000084100000, 0x0000000084100000, 0x0000000084200000|  0%| F|  |TAMS 0x0000000084100000, 0x0000000084100000| Untracked 
|  66|0x0000000084200000, 0x0000000084300000, 0x0000000084300000|100%| O|  |TAMS 0x0000000084200000, 0x0000000084200000| Untracked 
|  67|0x0000000084300000, 0x0000000084400000, 0x0000000084400000|100%| O|  |TAMS 0x0000000084400000, 0x0000000084300000| Untracked 
|  68|0x0000000084400000, 0x0000000084500000, 0x0000000084500000|100%| O|  |TAMS 0x0000000084500000, 0x0000000084400000| Untracked 
|  69|0x0000000084500000, 0x00000000845c3200, 0x0000000084600000| 76%| O|  |TAMS 0x0000000084500000, 0x0000000084500000| Untracked 
|  70|0x0000000084600000, 0x0000000084700000, 0x0000000084700000|100%| O|  |TAMS 0x0000000084700000, 0x0000000084600000| Untracked 
|  71|0x0000000084700000, 0x0000000084700000, 0x0000000084800000|  0%| F|  |TAMS 0x0000000084700000, 0x0000000084700000| Untracked 
|  72|0x0000000084800000, 0x0000000084900000, 0x0000000084900000|100%| O|  |TAMS 0x0000000084900000, 0x0000000084800000| Untracked 
|  73|0x0000000084900000, 0x0000000084a00000, 0x0000000084a00000|100%| O|  |TAMS 0x0000000084a00000, 0x0000000084900000| Untracked 
|  74|0x0000000084a00000, 0x0000000084a00000, 0x0000000084b00000|  0%| F|  |TAMS 0x0000000084a00000, 0x0000000084a00000| Untracked 
|  75|0x0000000084b00000, 0x0000000084b00000, 0x0000000084c00000|  0%| F|  |TAMS 0x0000000084b00000, 0x0000000084b00000| Untracked 
|  76|0x0000000084c00000, 0x0000000084c00000, 0x0000000084d00000|  0%| F|  |TAMS 0x0000000084c00000, 0x0000000084c00000| Untracked 
|  77|0x0000000084d00000, 0x0000000084d00000, 0x0000000084e00000|  0%| F|  |TAMS 0x0000000084d00000, 0x0000000084d00000| Untracked 
|  78|0x0000000084e00000, 0x0000000084f00000, 0x0000000084f00000|100%| O|  |TAMS 0x0000000084f00000, 0x0000000084e00000| Untracked 
|  79|0x0000000084f00000, 0x0000000084f00000, 0x0000000085000000|  0%| F|  |TAMS 0x0000000084f00000, 0x0000000084f00000| Untracked 
|  80|0x0000000085000000, 0x0000000085100000, 0x0000000085100000|100%|HS|  |TAMS 0x0000000085100000, 0x0000000085000000| Complete 
|  81|0x0000000085100000, 0x0000000085200000, 0x0000000085200000|100%|HC|  |TAMS 0x0000000085200000, 0x0000000085100000| Complete 
|  82|0x0000000085200000, 0x0000000085300000, 0x0000000085300000|100%|HS|  |TAMS 0x0000000085300000, 0x0000000085200000| Complete 
|  83|0x0000000085300000, 0x0000000085400000, 0x0000000085400000|100%|HC|  |TAMS 0x0000000085400000, 0x0000000085300000| Complete 
|  84|0x0000000085400000, 0x0000000085500000, 0x0000000085500000|100%|HC|  |TAMS 0x0000000085500000, 0x0000000085400000| Complete 
|  85|0x0000000085500000, 0x0000000085600000, 0x0000000085600000|100%| O|  |TAMS 0x0000000085600000, 0x0000000085500000| Untracked 
|  86|0x0000000085600000, 0x0000000085700000, 0x0000000085700000|100%| O|  |TAMS 0x0000000085700000, 0x0000000085600000| Untracked 
|  87|0x0000000085700000, 0x0000000085800000, 0x0000000085800000|100%|HS|  |TAMS 0x0000000085800000, 0x0000000085700000| Complete 
|  88|0x0000000085800000, 0x0000000085900000, 0x0000000085900000|100%|HC|  |TAMS 0x0000000085900000, 0x0000000085800000| Complete 
|  89|0x0000000085900000, 0x0000000085a00000, 0x0000000085a00000|100%|HC|  |TAMS 0x0000000085a00000, 0x0000000085900000| Complete 
|  90|0x0000000085a00000, 0x0000000085b00000, 0x0000000085b00000|100%|HC|  |TAMS 0x0000000085b00000, 0x0000000085a00000| Complete 
|  91|0x0000000085b00000, 0x0000000085c00000, 0x0000000085c00000|100%|HC|  |TAMS 0x0000000085c00000, 0x0000000085b00000| Complete 
|  92|0x0000000085c00000, 0x0000000085c00000, 0x0000000085d00000|  0%| F|  |TAMS 0x0000000085c00000, 0x0000000085c00000| Untracked 
|  93|0x0000000085d00000, 0x0000000085e00000, 0x0000000085e00000|100%|HS|  |TAMS 0x0000000085e00000, 0x0000000085d00000| Complete 
|  94|0x0000000085e00000, 0x0000000085f00000, 0x0000000085f00000|100%|HC|  |TAMS 0x0000000085f00000, 0x0000000085e00000| Complete 
|  95|0x0000000085f00000, 0x0000000086000000, 0x0000000086000000|100%|HC|  |TAMS 0x0000000086000000, 0x0000000085f00000| Complete 
|  96|0x0000000086000000, 0x0000000086100000, 0x0000000086100000|100%|HC|  |TAMS 0x0000000086100000, 0x0000000086000000| Complete 
|  97|0x0000000086100000, 0x0000000086200000, 0x0000000086200000|100%|HC|  |TAMS 0x0000000086200000, 0x0000000086100000| Complete 
|  98|0x0000000086200000, 0x0000000086300000, 0x0000000086300000|100%| O|  |TAMS 0x0000000086300000, 0x0000000086200000| Untracked 
|  99|0x0000000086300000, 0x0000000086300000, 0x0000000086400000|  0%| F|  |TAMS 0x0000000086300000, 0x0000000086300000| Untracked 
| 100|0x0000000086400000, 0x0000000086400000, 0x0000000086500000|  0%| F|  |TAMS 0x0000000086400000, 0x0000000086400000| Untracked 
| 101|0x0000000086500000, 0x0000000086600000, 0x0000000086600000|100%|HS|  |TAMS 0x0000000086600000, 0x0000000086500000| Complete 
| 102|0x0000000086600000, 0x0000000086700000, 0x0000000086700000|100%|HC|  |TAMS 0x0000000086700000, 0x0000000086600000| Complete 
| 103|0x0000000086700000, 0x0000000086800000, 0x0000000086800000|100%|HC|  |TAMS 0x0000000086800000, 0x0000000086700000| Complete 
| 104|0x0000000086800000, 0x0000000086900000, 0x0000000086900000|100%| O|  |TAMS 0x0000000086900000, 0x0000000086800000| Untracked 
| 105|0x0000000086900000, 0x0000000086a00000, 0x0000000086a00000|100%| O|  |TAMS 0x0000000086a00000, 0x0000000086900000| Untracked 
| 106|0x0000000086a00000, 0x0000000086a00000, 0x0000000086b00000|  0%| F|  |TAMS 0x0000000086a00000, 0x0000000086a00000| Untracked 
| 107|0x0000000086b00000, 0x0000000086c00000, 0x0000000086c00000|100%| O|  |TAMS 0x0000000086c00000, 0x0000000086b00000| Untracked 
| 108|0x0000000086c00000, 0x0000000086d00000, 0x0000000086d00000|100%| O|  |TAMS 0x0000000086d00000, 0x0000000086c00000| Untracked 
| 109|0x0000000086d00000, 0x0000000086e00000, 0x0000000086e00000|100%| O|  |TAMS 0x0000000086e00000, 0x0000000086d00000| Untracked 
| 110|0x0000000086e00000, 0x0000000086f00000, 0x0000000086f00000|100%| O|  |TAMS 0x0000000086f00000, 0x0000000086e00000| Untracked 
| 111|0x0000000086f00000, 0x0000000087000000, 0x0000000087000000|100%| O|  |TAMS 0x0000000087000000, 0x0000000086f00000| Untracked 
| 112|0x0000000087000000, 0x0000000087100000, 0x0000000087100000|100%| O|  |TAMS 0x0000000087100000, 0x0000000087000000| Untracked 
| 113|0x0000000087100000, 0x0000000087100000, 0x0000000087200000|  0%| F|  |TAMS 0x0000000087100000, 0x0000000087100000| Untracked 
| 114|0x0000000087200000, 0x0000000087300000, 0x0000000087300000|100%| O|  |TAMS 0x0000000087300000, 0x0000000087200000| Untracked 
| 115|0x0000000087300000, 0x0000000087300000, 0x0000000087400000|  0%| F|  |TAMS 0x0000000087300000, 0x0000000087300000| Untracked 
| 116|0x0000000087400000, 0x0000000087500000, 0x0000000087500000|100%| O|  |TAMS 0x0000000087500000, 0x0000000087400000| Untracked 
| 117|0x0000000087500000, 0x0000000087600000, 0x0000000087600000|100%| O|  |TAMS 0x0000000087600000, 0x0000000087500000| Untracked 
| 118|0x0000000087600000, 0x0000000087700000, 0x0000000087700000|100%| O|  |TAMS 0x0000000087700000, 0x0000000087600000| Untracked 
| 119|0x0000000087700000, 0x0000000087800000, 0x0000000087800000|100%| O|  |TAMS 0x0000000087800000, 0x0000000087700000| Untracked 
| 120|0x0000000087800000, 0x0000000087900000, 0x0000000087900000|100%| O|  |TAMS 0x0000000087900000, 0x0000000087800000| Untracked 
| 121|0x0000000087900000, 0x0000000087a00000, 0x0000000087a00000|100%| O|  |TAMS 0x0000000087a00000, 0x0000000087900000| Untracked 
| 122|0x0000000087a00000, 0x0000000087b00000, 0x0000000087b00000|100%| O|  |TAMS 0x0000000087b00000, 0x0000000087a00000| Untracked 
| 123|0x0000000087b00000, 0x0000000087c00000, 0x0000000087c00000|100%| O|  |TAMS 0x0000000087c00000, 0x0000000087b00000| Untracked 
| 124|0x0000000087c00000, 0x0000000087d00000, 0x0000000087d00000|100%| O|  |TAMS 0x0000000087d00000, 0x0000000087c00000| Untracked 
| 125|0x0000000087d00000, 0x0000000087e00000, 0x0000000087e00000|100%| O|  |TAMS 0x0000000087e00000, 0x0000000087d00000| Untracked 
| 126|0x0000000087e00000, 0x0000000087f00000, 0x0000000087f00000|100%| O|  |TAMS 0x0000000087f00000, 0x0000000087e00000| Untracked 
| 127|0x0000000087f00000, 0x0000000087f00000, 0x0000000088000000|  0%| F|  |TAMS 0x0000000087f00000, 0x0000000087f00000| Untracked 
| 128|0x0000000088000000, 0x0000000088000000, 0x0000000088100000|  0%| F|  |TAMS 0x0000000088000000, 0x0000000088000000| Untracked 
| 129|0x0000000088100000, 0x0000000088100000, 0x0000000088200000|  0%| F|  |TAMS 0x0000000088100000, 0x0000000088100000| Untracked 
| 130|0x0000000088200000, 0x0000000088300000, 0x0000000088300000|100%| O|  |TAMS 0x0000000088300000, 0x0000000088200000| Untracked 
| 131|0x0000000088300000, 0x0000000088300000, 0x0000000088400000|  0%| F|  |TAMS 0x0000000088300000, 0x0000000088300000| Untracked 
| 132|0x0000000088400000, 0x0000000088500000, 0x0000000088500000|100%| O|  |TAMS 0x0000000088500000, 0x0000000088400000| Untracked 
| 133|0x0000000088500000, 0x0000000088600000, 0x0000000088600000|100%| O|  |TAMS 0x0000000088600000, 0x0000000088500000| Untracked 
| 134|0x0000000088600000, 0x0000000088600000, 0x0000000088700000|  0%| F|  |TAMS 0x0000000088600000, 0x0000000088600000| Untracked 
| 135|0x0000000088700000, 0x0000000088700000, 0x0000000088800000|  0%| F|  |TAMS 0x0000000088700000, 0x0000000088700000| Untracked 
| 136|0x0000000088800000, 0x0000000088800000, 0x0000000088900000|  0%| F|  |TAMS 0x0000000088800000, 0x0000000088800000| Untracked 
| 137|0x0000000088900000, 0x0000000088900000, 0x0000000088a00000|  0%| F|  |TAMS 0x0000000088900000, 0x0000000088900000| Untracked 
| 138|0x0000000088a00000, 0x0000000088a00000, 0x0000000088b00000|  0%| F|  |TAMS 0x0000000088a00000, 0x0000000088a00000| Untracked 
| 139|0x0000000088b00000, 0x0000000088b00000, 0x0000000088c00000|  0%| F|  |TAMS 0x0000000088b00000, 0x0000000088b00000| Untracked 
| 140|0x0000000088c00000, 0x0000000088c00000, 0x0000000088d00000|  0%| F|  |TAMS 0x0000000088c00000, 0x0000000088c00000| Untracked 
| 141|0x0000000088d00000, 0x0000000088d00000, 0x0000000088e00000|  0%| F|  |TAMS 0x0000000088d00000, 0x0000000088d00000| Untracked 
| 142|0x0000000088e00000, 0x0000000088e00000, 0x0000000088f00000|  0%| F|  |TAMS 0x0000000088e00000, 0x0000000088e00000| Untracked 
| 143|0x0000000088f00000, 0x0000000088f00000, 0x0000000089000000|  0%| F|  |TAMS 0x0000000088f00000, 0x0000000088f00000| Untracked 
| 144|0x0000000089000000, 0x0000000089000000, 0x0000000089100000|  0%| F|  |TAMS 0x0000000089000000, 0x0000000089000000| Untracked 
| 145|0x0000000089100000, 0x0000000089200000, 0x0000000089200000|100%| O|  |TAMS 0x0000000089200000, 0x0000000089100000| Untracked 
| 146|0x0000000089200000, 0x0000000089300000, 0x0000000089300000|100%| O|  |TAMS 0x0000000089300000, 0x0000000089200000| Untracked 
| 147|0x0000000089300000, 0x0000000089400000, 0x0000000089400000|100%| O|  |TAMS 0x0000000089400000, 0x0000000089300000| Untracked 
| 148|0x0000000089400000, 0x0000000089500000, 0x0000000089500000|100%| O|  |TAMS 0x0000000089500000, 0x0000000089400000| Untracked 
| 149|0x0000000089500000, 0x0000000089600000, 0x0000000089600000|100%| O|  |TAMS 0x0000000089600000, 0x0000000089500000| Untracked 
| 150|0x0000000089600000, 0x0000000089700000, 0x0000000089700000|100%| O|  |TAMS 0x0000000089700000, 0x0000000089600000| Untracked 
| 151|0x0000000089700000, 0x0000000089800000, 0x0000000089800000|100%| O|  |TAMS 0x0000000089800000, 0x0000000089700000| Untracked 
| 152|0x0000000089800000, 0x0000000089800000, 0x0000000089900000|  0%| F|  |TAMS 0x0000000089800000, 0x0000000089800000| Untracked 
| 153|0x0000000089900000, 0x0000000089900000, 0x0000000089a00000|  0%| F|  |TAMS 0x0000000089900000, 0x0000000089900000| Untracked 
| 154|0x0000000089a00000, 0x0000000089a00000, 0x0000000089b00000|  0%| F|  |TAMS 0x0000000089a00000, 0x0000000089a00000| Untracked 
| 155|0x0000000089b00000, 0x0000000089b00000, 0x0000000089c00000|  0%| F|  |TAMS 0x0000000089b00000, 0x0000000089b00000| Untracked 
| 156|0x0000000089c00000, 0x0000000089c00000, 0x0000000089d00000|  0%| F|  |TAMS 0x0000000089c00000, 0x0000000089c00000| Untracked 
| 157|0x0000000089d00000, 0x0000000089d00000, 0x0000000089e00000|  0%| F|  |TAMS 0x0000000089d00000, 0x0000000089d00000| Untracked 
| 158|0x0000000089e00000, 0x0000000089e00000, 0x0000000089f00000|  0%| F|  |TAMS 0x0000000089e00000, 0x0000000089e00000| Untracked 
| 159|0x0000000089f00000, 0x0000000089f00000, 0x000000008a000000|  0%| F|  |TAMS 0x0000000089f00000, 0x0000000089f00000| Untracked 
| 160|0x000000008a000000, 0x000000008a000000, 0x000000008a100000|  0%| F|  |TAMS 0x000000008a000000, 0x000000008a000000| Untracked 
| 161|0x000000008a100000, 0x000000008a100000, 0x000000008a200000|  0%| F|  |TAMS 0x000000008a100000, 0x000000008a100000| Untracked 
| 162|0x000000008a200000, 0x000000008a200000, 0x000000008a300000|  0%| F|  |TAMS 0x000000008a200000, 0x000000008a200000| Untracked 
| 163|0x000000008a300000, 0x000000008a300000, 0x000000008a400000|  0%| F|  |TAMS 0x000000008a300000, 0x000000008a300000| Untracked 
| 164|0x000000008a400000, 0x000000008a400000, 0x000000008a500000|  0%| F|  |TAMS 0x000000008a400000, 0x000000008a400000| Untracked 
| 165|0x000000008a500000, 0x000000008a500000, 0x000000008a600000|  0%| F|  |TAMS 0x000000008a500000, 0x000000008a500000| Untracked 
| 166|0x000000008a600000, 0x000000008a600000, 0x000000008a700000|  0%| F|  |TAMS 0x000000008a600000, 0x000000008a600000| Untracked 
| 167|0x000000008a700000, 0x000000008a700000, 0x000000008a800000|  0%| F|  |TAMS 0x000000008a700000, 0x000000008a700000| Untracked 
| 168|0x000000008a800000, 0x000000008a800000, 0x000000008a900000|  0%| F|  |TAMS 0x000000008a800000, 0x000000008a800000| Untracked 
| 169|0x000000008a900000, 0x000000008a900000, 0x000000008aa00000|  0%| F|  |TAMS 0x000000008a900000, 0x000000008a900000| Untracked 
| 170|0x000000008aa00000, 0x000000008aa00000, 0x000000008ab00000|  0%| F|  |TAMS 0x000000008aa00000, 0x000000008aa00000| Untracked 
| 171|0x000000008ab00000, 0x000000008ab00000, 0x000000008ac00000|  0%| F|  |TAMS 0x000000008ab00000, 0x000000008ab00000| Untracked 
| 172|0x000000008ac00000, 0x000000008ac00000, 0x000000008ad00000|  0%| F|  |TAMS 0x000000008ac00000, 0x000000008ac00000| Untracked 
| 173|0x000000008ad00000, 0x000000008ad00000, 0x000000008ae00000|  0%| F|  |TAMS 0x000000008ad00000, 0x000000008ad00000| Untracked 
| 174|0x000000008ae00000, 0x000000008ae00000, 0x000000008af00000|  0%| F|  |TAMS 0x000000008ae00000, 0x000000008ae00000| Untracked 
| 175|0x000000008af00000, 0x000000008af00000, 0x000000008b000000|  0%| F|  |TAMS 0x000000008af00000, 0x000000008af00000| Untracked 
| 176|0x000000008b000000, 0x000000008b020010, 0x000000008b100000| 12%| E|  |TAMS 0x000000008b000000, 0x000000008b000000| Complete 
| 177|0x000000008b100000, 0x000000008b1f17f8, 0x000000008b200000| 94%| E|  |TAMS 0x000000008b100000, 0x000000008b100000| Complete 
| 178|0x000000008b200000, 0x000000008b300000, 0x000000008b300000|100%| E|CS|TAMS 0x000000008b200000, 0x000000008b200000| Complete 
| 179|0x000000008b300000, 0x000000008b400000, 0x000000008b400000|100%| E|CS|TAMS 0x000000008b300000, 0x000000008b300000| Complete 
| 180|0x000000008b400000, 0x000000008b500000, 0x000000008b500000|100%| E|CS|TAMS 0x000000008b400000, 0x000000008b400000| Complete 
| 181|0x000000008b500000, 0x000000008b600000, 0x000000008b600000|100%| E|CS|TAMS 0x000000008b500000, 0x000000008b500000| Complete 
| 182|0x000000008b600000, 0x000000008b700000, 0x000000008b700000|100%| E|CS|TAMS 0x000000008b600000, 0x000000008b600000| Complete 
| 183|0x000000008b700000, 0x000000008b800000, 0x000000008b800000|100%| E|CS|TAMS 0x000000008b700000, 0x000000008b700000| Complete 
| 184|0x000000008b800000, 0x000000008b900000, 0x000000008b900000|100%| E|CS|TAMS 0x000000008b800000, 0x000000008b800000| Complete 
| 185|0x000000008b900000, 0x000000008ba00000, 0x000000008ba00000|100%| E|CS|TAMS 0x000000008b900000, 0x000000008b900000| Complete 
| 186|0x000000008ba00000, 0x000000008bb00000, 0x000000008bb00000|100%| E|CS|TAMS 0x000000008ba00000, 0x000000008ba00000| Complete 
| 187|0x000000008bb00000, 0x000000008bc00000, 0x000000008bc00000|100%| E|CS|TAMS 0x000000008bb00000, 0x000000008bb00000| Complete 
| 188|0x000000008bc00000, 0x000000008bd00000, 0x000000008bd00000|100%| E|CS|TAMS 0x000000008bc00000, 0x000000008bc00000| Complete 
| 189|0x000000008bd00000, 0x000000008be00000, 0x000000008be00000|100%| E|CS|TAMS 0x000000008bd00000, 0x000000008bd00000| Complete 
| 190|0x000000008be00000, 0x000000008bf00000, 0x000000008bf00000|100%| E|CS|TAMS 0x000000008be00000, 0x000000008be00000| Complete 
| 191|0x000000008bf00000, 0x000000008c000000, 0x000000008c000000|100%| E|CS|TAMS 0x000000008bf00000, 0x000000008bf00000| Complete 
| 192|0x000000008c000000, 0x000000008c100000, 0x000000008c100000|100%| E|CS|TAMS 0x000000008c000000, 0x000000008c000000| Complete 
| 193|0x000000008c100000, 0x000000008c200000, 0x000000008c200000|100%| E|CS|TAMS 0x000000008c100000, 0x000000008c100000| Complete 
| 194|0x000000008c200000, 0x000000008c300000, 0x000000008c300000|100%| E|CS|TAMS 0x000000008c200000, 0x000000008c200000| Complete 
| 195|0x000000008c300000, 0x000000008c400000, 0x000000008c400000|100%| E|CS|TAMS 0x000000008c300000, 0x000000008c300000| Complete 
| 196|0x000000008c400000, 0x000000008c500000, 0x000000008c500000|100%| E|CS|TAMS 0x000000008c400000, 0x000000008c400000| Complete 
| 197|0x000000008c500000, 0x000000008c600000, 0x000000008c600000|100%| E|CS|TAMS 0x000000008c500000, 0x000000008c500000| Complete 
| 198|0x000000008c600000, 0x000000008c700000, 0x000000008c700000|100%| E|CS|TAMS 0x000000008c600000, 0x000000008c600000| Complete 
| 199|0x000000008c700000, 0x000000008c800000, 0x000000008c800000|100%| E|CS|TAMS 0x000000008c700000, 0x000000008c700000| Complete 
| 200|0x000000008c800000, 0x000000008c900000, 0x000000008c900000|100%| E|CS|TAMS 0x000000008c800000, 0x000000008c800000| Complete 
| 201|0x000000008c900000, 0x000000008ca00000, 0x000000008ca00000|100%| E|CS|TAMS 0x000000008c900000, 0x000000008c900000| Complete 
| 202|0x000000008ca00000, 0x000000008cb00000, 0x000000008cb00000|100%| E|CS|TAMS 0x000000008ca00000, 0x000000008ca00000| Complete 
| 203|0x000000008cb00000, 0x000000008cc00000, 0x000000008cc00000|100%| E|CS|TAMS 0x000000008cb00000, 0x000000008cb00000| Complete 
| 204|0x000000008cc00000, 0x000000008cd00000, 0x000000008cd00000|100%| E|CS|TAMS 0x000000008cc00000, 0x000000008cc00000| Complete 
| 205|0x000000008cd00000, 0x000000008ce00000, 0x000000008ce00000|100%| E|CS|TAMS 0x000000008cd00000, 0x000000008cd00000| Complete 
| 206|0x000000008ce00000, 0x000000008cf00000, 0x000000008cf00000|100%| E|CS|TAMS 0x000000008ce00000, 0x000000008ce00000| Complete 
| 207|0x000000008cf00000, 0x000000008d000000, 0x000000008d000000|100%| E|CS|TAMS 0x000000008cf00000, 0x000000008cf00000| Complete 
| 208|0x000000008d000000, 0x000000008d100000, 0x000000008d100000|100%| E|CS|TAMS 0x000000008d000000, 0x000000008d000000| Complete 
| 209|0x000000008d100000, 0x000000008d200000, 0x000000008d200000|100%| E|CS|TAMS 0x000000008d100000, 0x000000008d100000| Complete 
| 210|0x000000008d200000, 0x000000008d300000, 0x000000008d300000|100%| E|CS|TAMS 0x000000008d200000, 0x000000008d200000| Complete 
| 211|0x000000008d300000, 0x000000008d400000, 0x000000008d400000|100%| E|CS|TAMS 0x000000008d300000, 0x000000008d300000| Complete 
| 212|0x000000008d400000, 0x000000008d500000, 0x000000008d500000|100%| E|CS|TAMS 0x000000008d400000, 0x000000008d400000| Complete 
| 213|0x000000008d500000, 0x000000008d600000, 0x000000008d600000|100%| E|CS|TAMS 0x000000008d500000, 0x000000008d500000| Complete 
| 214|0x000000008d600000, 0x000000008d6eade8, 0x000000008d700000| 91%| S|CS|TAMS 0x000000008d600000, 0x000000008d600000| Complete 
| 215|0x000000008d700000, 0x000000008d800000, 0x000000008d800000|100%| E|CS|TAMS 0x000000008d700000, 0x000000008d700000| Complete 
| 216|0x000000008d800000, 0x000000008d900000, 0x000000008d900000|100%| E|CS|TAMS 0x000000008d800000, 0x000000008d800000| Complete 
| 217|0x000000008d900000, 0x000000008da00000, 0x000000008da00000|100%| E|CS|TAMS 0x000000008d900000, 0x000000008d900000| Complete 
| 218|0x000000008da00000, 0x000000008db00000, 0x000000008db00000|100%| E|CS|TAMS 0x000000008da00000, 0x000000008da00000| Complete 
| 219|0x000000008db00000, 0x000000008dc00000, 0x000000008dc00000|100%| E|CS|TAMS 0x000000008db00000, 0x000000008db00000| Complete 
| 220|0x000000008dc00000, 0x000000008dd00000, 0x000000008dd00000|100%| E|CS|TAMS 0x000000008dc00000, 0x000000008dc00000| Complete 
| 221|0x000000008dd00000, 0x000000008ddffff8, 0x000000008de00000| 99%| E|CS|TAMS 0x000000008dd00000, 0x000000008dd00000| Complete 

Card table byte_map: [0x0000015949180000,0x0000015949580000] _byte_map_base: 0x0000015948d80000

Marking Bits (Prev, Next): (CMBitMap*) 0x00000159344ad8d0, (CMBitMap*) 0x00000159344ad898
 Prev Bits: [0x000001594b980000, 0x000001594d980000)
 Next Bits: [0x0000015949980000, 0x000001594b980000)

Polling page: 0x00000159342f0000

Metaspace:

Usage:
  Non-class:    113.94 MB capacity,   112.27 MB ( 99%) used,     1.34 MB (  1%) free+waste,   342.38 KB ( <1%) overhead. 
      Class:     16.70 MB capacity,    15.64 MB ( 94%) used,   932.21 KB (  5%) free+waste,   148.94 KB ( <1%) overhead. 
       Both:    130.64 MB capacity,   127.91 MB ( 98%) used,     2.25 MB (  2%) free+waste,   491.31 KB ( <1%) overhead. 

Virtual space:
  Non-class space:      116.00 MB reserved,     114.25 MB ( 98%) committed 
      Class space:        1.00 GB reserved,      16.82 MB (  2%) committed 
             Both:        1.11 GB reserved,     131.07 MB ( 11%) committed 

Chunk freelists:
   Non-Class:  61.00 KB
       Class:  56.00 KB
        Both:  117.00 KB

MaxMetaspaceSize: 17179869184.00 GB
CompressedClassSpaceSize: 1.00 GB

CodeHeap 'non-profiled nmethods': size=120064Kb used=12870Kb max_used=12870Kb free=107193Kb
 bounds [0x0000015941210000, 0x0000015941ec0000, 0x0000015948750000]
CodeHeap 'profiled nmethods': size=120000Kb used=40330Kb max_used=42173Kb free=79669Kb
 bounds [0x0000015939ce0000, 0x000001593c650000, 0x0000015941210000]
CodeHeap 'non-nmethods': size=5696Kb used=2380Kb max_used=2439Kb free=3315Kb
 bounds [0x0000015939750000, 0x00000159399c0000, 0x0000015939ce0000]
 total_blobs=18912 nmethods=17904 adapters=917
 compilation: enabled
              stopped_count=0, restarted_count=0
 full_count=0

Compilation events (20 events):
Event: 6714.253 Thread 0x000001594ffe3000 nmethod 19671 0x00000159415f0810 code [0x00000159415f09c0, 0x00000159415f0b08]
Event: 6714.255 Thread 0x000001594ffec000 19673       3       org.gradle.api.internal.tasks.properties.DefaultInputFilePropertySpec::getValue (10 bytes)
Event: 6714.256 Thread 0x000001594ffec000 nmethod 19673 0x000001593a1daf90 code [0x000001593a1db140, 0x000001593a1db308]
Event: 6714.256 Thread 0x000001594ffec000 19674       3       org.gradle.api.internal.tasks.execution.ExecuteActionsTaskExecuter$TaskExecution$$Lambda$792/0x0000000100b05040::get$Lambda (10 bytes)
Event: 6714.257 Thread 0x000001594ffec000 nmethod 19674 0x000001593a1daa10 code [0x000001593a1dabe0, 0x000001593a1dae98]
Event: 6714.257 Thread 0x000001594ffec000 19675       3       org.gradle.api.internal.tasks.execution.ExecuteActionsTaskExecuter$TaskExecution$$Lambda$792/0x0000000100b05040::<init> (15 bytes)
Event: 6714.257 Thread 0x000001594ffec000 nmethod 19675 0x000001593a1da590 code [0x000001593a1da740, 0x000001593a1da958]
Event: 6714.257 Thread 0x000001594ffec000 19676       3       org.gradle.internal.instantiation.generator.AsmBackedClassGenerator$ClassBuilderImpl::addExtensionsProperty (20 bytes)
Event: 6714.258 Thread 0x000001594ffec000 nmethod 19676 0x000001593a1d9c10 code [0x000001593a1d9e20, 0x000001593a1da388]
Event: 6714.273 Thread 0x000001594ffec000 19677       3       org.gradle.api.internal.tasks.properties.bean.RuntimeBeanNode::getNodeValue (5 bytes)
Event: 6714.274 Thread 0x000001594ffec000 nmethod 19677 0x000001593a15b810 code [0x000001593a15b9c0, 0x000001593a15bb58]
Event: 6714.301 Thread 0x000001594ffec000 19678       3       jdk.internal.reflect.AccessorGenerator::emitBoxingContantPoolEntries (1437 bytes)
Event: 6714.324 Thread 0x000001594ffe3000 19679       4       org.gradle.internal.instantiation.generator.AbstractClassGenerator$PropertyMetadata::hasAnnotation (40 bytes)
Event: 6714.373 Thread 0x000001594ffec000 nmethod 19678 0x000001593c61c710 code [0x000001593c61f260, 0x000001593c636338]
Event: 6714.375 Thread 0x000001594ffec000 19680   !   3       org.gradle.execution.plan.DefaultPlanExecutor$ExecutorWorker::lambda$executeNextNode$1 (111 bytes)
Event: 6714.378 Thread 0x000001594ffec000 nmethod 19680 0x000001593a1ddc90 code [0x000001593a1ddf20, 0x000001593a1dead8]
Event: 6714.465 Thread 0x000001594ffec000 19682       3       org.gradle.internal.instantiation.generator.AsmBackedClassGenerator$ClassBuilderImpl::visitAnnotationValues (253 bytes)
Event: 6714.477 Thread 0x000001594ffec000 nmethod 19682 0x000001593a208810 code [0x000001593a208e80, 0x000001593a20c118]
Event: 6714.525 Thread 0x000001594ffec000 19690       3       java.lang.invoke.InvokerBytecodeGenerator::emitPushArgument (120 bytes)
Event: 6714.529 Thread 0x000001594ffec000 nmethod 19690 0x000001593a1e7690 code [0x000001593a1e7960, 0x000001593a1e8708]

GC Heap History (20 events):
Event: 6703.060 GC heap before
{Heap before GC invocations=61 (full 0):
 garbage-first heap   total 227328K, used 132509K [0x0000000080000000, 0x0000000100000000)
  region size 1024K, 11 young (11264K), 9 survivors (9216K)
 Metaspace       used 128381K, capacity 131252K, committed 131660K, reserved 1163264K
  class space    used 15755K, capacity 16817K, committed 16972K, reserved 1048576K
}
Event: 6703.117 GC heap after
{Heap after GC invocations=62 (full 0):
 garbage-first heap   total 227328K, used 126502K [0x0000000080000000, 0x0000000100000000)
  region size 1024K, 1 young (1024K), 1 survivors (1024K)
 Metaspace       used 128381K, capacity 131252K, committed 131660K, reserved 1163264K
  class space    used 15755K, capacity 16817K, committed 16972K, reserved 1048576K
}
Event: 6703.761 GC heap before
{Heap before GC invocations=62 (full 0):
 garbage-first heap   total 227328K, used 156198K [0x0000000080000000, 0x0000000100000000)
  region size 1024K, 32 young (32768K), 1 survivors (1024K)
 Metaspace       used 128459K, capacity 131380K, committed 131916K, reserved 1165312K
  class space    used 15755K, capacity 16817K, committed 16972K, reserved 1048576K
}
Event: 6703.779 GC heap after
{Heap after GC invocations=63 (full 0):
 garbage-first heap   total 227328K, used 133624K [0x0000000080000000, 0x0000000100000000)
  region size 1024K, 8 young (8192K), 8 survivors (8192K)
 Metaspace       used 128459K, capacity 131380K, committed 131916K, reserved 1165312K
  class space    used 15755K, capacity 16817K, committed 16972K, reserved 1048576K
}
Event: 6704.973 GC heap before
{Heap before GC invocations=64 (full 0):
 garbage-first heap   total 227328K, used 195064K [0x0000000080000000, 0x0000000100000000)
  region size 1024K, 57 young (58368K), 8 survivors (8192K)
 Metaspace       used 128237K, capacity 130937K, committed 131916K, reserved 1165312K
  class space    used 15713K, capacity 16739K, committed 16972K, reserved 1048576K
}
Event: 6705.006 GC heap after
{Heap after GC invocations=65 (full 0):
 garbage-first heap   total 227328K, used 146750K [0x0000000080000000, 0x0000000100000000)
  region size 1024K, 8 young (8192K), 8 survivors (8192K)
 Metaspace       used 128237K, capacity 130937K, committed 131916K, reserved 1165312K
  class space    used 15713K, capacity 16739K, committed 16972K, reserved 1048576K
}
Event: 6705.074 GC heap before
{Heap before GC invocations=65 (full 0):
 garbage-first heap   total 227328K, used 149822K [0x0000000080000000, 0x0000000100000000)
  region size 1024K, 11 young (11264K), 8 survivors (8192K)
 Metaspace       used 128253K, capacity 130937K, committed 131916K, reserved 1165312K
  class space    used 15713K, capacity 16739K, committed 16972K, reserved 1048576K
}
Event: 6705.119 GC heap after
{Heap after GC invocations=66 (full 0):
 garbage-first heap   total 227328K, used 138521K [0x0000000080000000, 0x0000000100000000)
  region size 1024K, 2 young (2048K), 2 survivors (2048K)
 Metaspace       used 128253K, capacity 130937K, committed 131916K, reserved 1165312K
  class space    used 15713K, capacity 16739K, committed 16972K, reserved 1048576K
}
Event: 6705.561 GC heap before
{Heap before GC invocations=66 (full 0):
 garbage-first heap   total 227328K, used 182553K [0x0000000080000000, 0x0000000100000000)
  region size 1024K, 45 young (46080K), 2 survivors (2048K)
 Metaspace       used 128256K, capacity 130938K, committed 131916K, reserved 1165312K
  class space    used 15713K, capacity 16739K, committed 16972K, reserved 1048576K
}
Event: 6705.572 GC heap after
{Heap after GC invocations=67 (full 0):
 garbage-first heap   total 227328K, used 137895K [0x0000000080000000, 0x0000000100000000)
  region size 1024K, 1 young (1024K), 1 survivors (1024K)
 Metaspace       used 128256K, capacity 130938K, committed 131916K, reserved 1165312K
  class space    used 15713K, capacity 16739K, committed 16972K, reserved 1048576K
}
Event: 6706.807 GC heap before
{Heap before GC invocations=68 (full 0):
 garbage-first heap   total 227328K, used 200359K [0x0000000080000000, 0x0000000100000000)
  region size 1024K, 47 young (48128K), 1 survivors (1024K)
 Metaspace       used 128409K, capacity 131089K, committed 131916K, reserved 1165312K
  class space    used 15729K, capacity 16755K, committed 16972K, reserved 1048576K
}
Event: 6706.818 GC heap after
{Heap after GC invocations=69 (full 0):
 garbage-first heap   total 227328K, used 142646K [0x0000000080000000, 0x0000000100000000)
  region size 1024K, 6 young (6144K), 6 survivors (6144K)
 Metaspace       used 128409K, capacity 131089K, committed 131916K, reserved 1165312K
  class space    used 15729K, capacity 16755K, committed 16972K, reserved 1048576K
}
Event: 6706.916 GC heap before
{Heap before GC invocations=69 (full 0):
 garbage-first heap   total 227328K, used 147766K [0x0000000080000000, 0x0000000100000000)
  region size 1024K, 11 young (11264K), 6 survivors (6144K)
 Metaspace       used 128414K, capacity 131089K, committed 131916K, reserved 1165312K
  class space    used 15729K, capacity 16755K, committed 16972K, reserved 1048576K
}
Event: 6706.930 GC heap after
{Heap after GC invocations=70 (full 0):
 garbage-first heap   total 227328K, used 142771K [0x0000000080000000, 0x0000000100000000)
  region size 1024K, 2 young (2048K), 2 survivors (2048K)
 Metaspace       used 128414K, capacity 131089K, committed 131916K, reserved 1165312K
  class space    used 15729K, capacity 16755K, committed 16972K, reserved 1048576K
}
Event: 6707.750 GC heap before
{Heap before GC invocations=70 (full 0):
 garbage-first heap   total 227328K, used 185779K [0x0000000080000000, 0x0000000100000000)
  region size 1024K, 44 young (45056K), 2 survivors (2048K)
 Metaspace       used 128871K, capacity 131623K, committed 132172K, reserved 1165312K
  class space    used 15790K, capacity 16826K, committed 16972K, reserved 1048576K
}
Event: 6707.759 GC heap after
{Heap after GC invocations=71 (full 0):
 garbage-first heap   total 227328K, used 142655K [0x0000000080000000, 0x0000000100000000)
  region size 1024K, 2 young (2048K), 2 survivors (2048K)
 Metaspace       used 128871K, capacity 131623K, committed 132172K, reserved 1165312K
  class space    used 15790K, capacity 16826K, committed 16972K, reserved 1048576K
}
Event: 6710.331 GC heap before
{Heap before GC invocations=72 (full 0):
 garbage-first heap   total 227328K, used 175423K [0x0000000080000000, 0x0000000100000000)
  region size 1024K, 47 young (48128K), 2 survivors (2048K)
 Metaspace       used 129744K, capacity 132548K, committed 133068K, reserved 1165312K
  class space    used 15871K, capacity 16913K, committed 17100K, reserved 1048576K
}
Event: 6710.342 GC heap after
{Heap after GC invocations=73 (full 0):
 garbage-first heap   total 227328K, used 132345K [0x0000000080000000, 0x0000000100000000)
  region size 1024K, 4 young (4096K), 4 survivors (4096K)
 Metaspace       used 129744K, capacity 132548K, committed 133068K, reserved 1165312K
  class space    used 15871K, capacity 16913K, committed 17100K, reserved 1048576K
}
Event: 6710.738 GC heap before
{Heap before GC invocations=73 (full 0):
 garbage-first heap   total 227328K, used 138489K [0x0000000080000000, 0x0000000100000000)
  region size 1024K, 11 young (11264K), 4 survivors (4096K)
 Metaspace       used 130093K, capacity 132934K, committed 133324K, reserved 1165312K
  class space    used 15927K, capacity 17002K, committed 17100K, reserved 1048576K
}
Event: 6710.757 GC heap after
{Heap after GC invocations=74 (full 0):
 garbage-first heap   total 227328K, used 123575K [0x0000000080000000, 0x0000000100000000)
  region size 1024K, 1 young (1024K), 1 survivors (1024K)
 Metaspace       used 130093K, capacity 132934K, committed 133324K, reserved 1165312K
  class space    used 15927K, capacity 17002K, committed 17100K, reserved 1048576K
}

Deoptimization events (20 events):
Event: 6713.030 Thread 0x000001595c584800 DEOPT PACKING pc=0x0000015941e1d3b0 sp=0x0000000ce68fdc90
Event: 6713.031 Thread 0x000001595c584800 DEOPT UNPACKING pc=0x00000159397778af sp=0x0000000ce68fdc78 mode 2
Event: 6714.178 Thread 0x0000015953ea1800 DEOPT PACKING pc=0x00000159415ecaf0 sp=0x0000000ce5afc7c0
Event: 6714.179 Thread 0x0000015953ea1800 DEOPT UNPACKING pc=0x00000159397776ce sp=0x0000000ce5afbb80 mode 0
Event: 6714.286 Thread 0x000001595c584800 Uncommon trap: trap_request=0xffffffde fr.pc=0x000001594138f450 relative=0x0000000000000bb0
Event: 6714.286 Thread 0x000001595c584800 Uncommon trap: reason=class_check action=maybe_recompile pc=0x000001594138f450 method=com.google.common.base.Splitter$SplittingIterator.computeNext()Ljava/lang/String; @ 123 c2
Event: 6714.286 Thread 0x000001595c584800 DEOPT PACKING pc=0x000001594138f450 sp=0x0000000ce68fcdb0
Event: 6714.286 Thread 0x000001595c584800 DEOPT UNPACKING pc=0x00000159397778af sp=0x0000000ce68fcc60 mode 2
Event: 6714.286 Thread 0x000001595c584800 Uncommon trap: trap_request=0xffffffde fr.pc=0x000001594138f450 relative=0x0000000000000bb0
Event: 6714.286 Thread 0x000001595c584800 Uncommon trap: reason=class_check action=maybe_recompile pc=0x000001594138f450 method=com.google.common.base.Splitter$SplittingIterator.computeNext()Ljava/lang/String; @ 123 c2
Event: 6714.286 Thread 0x000001595c584800 DEOPT PACKING pc=0x000001594138f450 sp=0x0000000ce68fccf0
Event: 6714.286 Thread 0x000001595c584800 DEOPT UNPACKING pc=0x00000159397778af sp=0x0000000ce68fcba0 mode 2
Event: 6714.421 Thread 0x0000015953e95000 Uncommon trap: trap_request=0xffffffde fr.pc=0x0000015941478048 relative=0x0000000000000588
Event: 6714.421 Thread 0x0000015953e95000 Uncommon trap: reason=class_check action=maybe_recompile pc=0x0000015941478048 method=org.gradle.internal.snapshot.LargeChildMap.withNode(Lorg/gradle/internal/snapshot/VfsRelativePath;Lorg/gradle/internal/snapshot/CaseSensitivity;Lorg/gradle/internal/snap
Event: 6714.421 Thread 0x0000015953e95000 DEOPT PACKING pc=0x0000015941478048 sp=0x0000000ce43f9ba0
Event: 6714.421 Thread 0x0000015953e95000 DEOPT UNPACKING pc=0x00000159397778af sp=0x0000000ce43f9b60 mode 2
Event: 6714.471 Thread 0x000001595c584800 Uncommon trap: trap_request=0xffffff4d fr.pc=0x0000015941d7fefc relative=0x000000000000403c
Event: 6714.471 Thread 0x000001595c584800 Uncommon trap: reason=unstable_if action=reinterpret pc=0x0000015941d7fefc method=java.lang.invoke.InvokerBytecodeGenerator.loadInsnOpcode(Ljava/lang/invoke/LambdaForm$BasicType;)I @ 8 c2
Event: 6714.471 Thread 0x000001595c584800 DEOPT PACKING pc=0x0000015941d7fefc sp=0x0000000ce68fc400
Event: 6714.471 Thread 0x000001595c584800 DEOPT UNPACKING pc=0x00000159397778af sp=0x0000000ce68fc348 mode 2

Classes redefined (0 events):
No events

Internal exceptions (20 events):
Event: 6712.912 Thread 0x000001595c582000 Exception <a 'java/lang/NoSuchMethodError'{0x000000008c1f5a10}: <clinit>> (0x000000008c1f5a10) thrown at [./src/hotspot/share/prims/jni.cpp, line 1362]
Event: 6712.912 Thread 0x000001595c582000 Exception <a 'java/lang/NoSuchMethodError'{0x000000008c1f7ec8}: <clinit>> (0x000000008c1f7ec8) thrown at [./src/hotspot/share/prims/jni.cpp, line 1362]
Event: 6712.914 Thread 0x000001595c582000 Exception <a 'java/lang/NoSuchMethodError'{0x000000008c00f238}: <clinit>> (0x000000008c00f238) thrown at [./src/hotspot/share/prims/jni.cpp, line 1362]
Event: 6712.914 Thread 0x000001595c582000 Exception <a 'java/lang/NoSuchMethodError'{0x000000008c010718}: <clinit>> (0x000000008c010718) thrown at [./src/hotspot/share/prims/jni.cpp, line 1362]
Event: 6712.945 Thread 0x000001595c582000 Exception <a 'sun/nio/fs/WindowsException'{0x000000008c08e7d8}> (0x000000008c08e7d8) thrown at [./src/hotspot/share/prims/jni.cpp, line 615]
Event: 6712.945 Thread 0x000001595c582000 Exception <a 'sun/nio/fs/WindowsException'{0x000000008c08f698}> (0x000000008c08f698) thrown at [./src/hotspot/share/prims/jni.cpp, line 615]
Event: 6712.946 Thread 0x000001595c582000 Exception <a 'sun/nio/fs/WindowsException'{0x000000008c08fa88}> (0x000000008c08fa88) thrown at [./src/hotspot/share/prims/jni.cpp, line 615]
Event: 6712.946 Thread 0x000001595c582000 Exception <a 'sun/nio/fs/WindowsException'{0x000000008c090928}> (0x000000008c090928) thrown at [./src/hotspot/share/prims/jni.cpp, line 615]
Event: 6712.946 Thread 0x000001595c582000 Exception <a 'sun/nio/fs/WindowsException'{0x000000008c090c60}> (0x000000008c090c60) thrown at [./src/hotspot/share/prims/jni.cpp, line 615]
Event: 6712.946 Thread 0x000001595c582000 Exception <a 'sun/nio/fs/WindowsException'{0x000000008c091b18}> (0x000000008c091b18) thrown at [./src/hotspot/share/prims/jni.cpp, line 615]
Event: 6712.946 Thread 0x000001595c582000 Exception <a 'sun/nio/fs/WindowsException'{0x000000008c091df0}> (0x000000008c091df0) thrown at [./src/hotspot/share/prims/jni.cpp, line 615]
Event: 6712.947 Thread 0x000001595c582000 Exception <a 'sun/nio/fs/WindowsException'{0x000000008c092c78}> (0x000000008c092c78) thrown at [./src/hotspot/share/prims/jni.cpp, line 615]
Event: 6712.988 Thread 0x000001595c582000 Exception <a 'java/lang/NoSuchMethodError'{0x000000008bf81928}: <clinit>> (0x000000008bf81928) thrown at [./src/hotspot/share/prims/jni.cpp, line 1362]
Event: 6713.002 Thread 0x000001595c582000 Exception <a 'java/lang/NoSuchMethodError'{0x000000008bfb1210}: <clinit>> (0x000000008bfb1210) thrown at [./src/hotspot/share/prims/jni.cpp, line 1362]
Event: 6713.009 Thread 0x000001595c582000 Exception <a 'java/lang/NoSuchMethodError'{0x000000008bfc3d80}: <clinit>> (0x000000008bfc3d80) thrown at [./src/hotspot/share/prims/jni.cpp, line 1362]
Event: 6714.470 Thread 0x000001595c584800 Exception <a 'java/lang/NoSuchMethodError'{0x000000008b349790}: 'void java.lang.invoke.DirectMethodHandle$Holder.invokeStatic(java.lang.Object, long)'> (0x000000008b349790) thrown at [./src/hotspot/share/interpreter/linkResolver.cpp, line 773]
Event: 6714.482 Thread 0x000001595c584800 Exception <a 'java/lang/NoSuchMethodError'{0x000000008b34e9a8}: 'java.lang.Object java.lang.invoke.DirectMethodHandle$Holder.invokeStatic(java.lang.Object, long)'> (0x000000008b34e9a8) thrown at [./src/hotspot/share/interpreter/linkResolver.cpp, line 773]
Event: 6714.525 Thread 0x000001595c584800 Exception <a 'java/lang/NoSuchMethodError'{0x000000008b35cd10}: 'java.lang.Object java.lang.invoke.DirectMethodHandle$Holder.invokeStaticInit(java.lang.Object, java.lang.Object, long, java.lang.Object)'> (0x000000008b35cd10) thrown at [./src/hotspot/share/interpreter/linkResolver.cpp, line 773]
Event: 6714.528 Thread 0x000001595c584800 Exception <a 'java/lang/NoSuchMethodError'{0x000000008b362ea8}: 'java.lang.Object java.lang.invoke.DirectMethodHandle$Holder.invokeStatic(java.lang.Object, java.lang.Object, long)'> (0x000000008b362ea8) thrown at [./src/hotspot/share/interpreter/linkResolver.cpp, line 773]
Event: 6714.529 Thread 0x000001595c584800 Exception <a 'java/lang/NoSuchMethodError'{0x000000008b369420}: 'java.lang.Object java.lang.invoke.Invokers$Holder.linkToTargetMethod(java.lang.Object, long, java.lang.Object)'> (0x000000008b369420) thrown at [./src/hotspot/share/interpreter/linkResolver.cpp, line 773]

Events (20 events):
Event: 6714.531 loading class com/android/build/gradle/internal/tasks/DexMergingTaskDelegate$Companion done
Event: 6714.532 loading class java/lang/Process$PipeInputStream done
Event: 6714.533 loading class com/android/utils/GrabProcessOutput$Wait
Event: 6714.533 loading class com/android/utils/GrabProcessOutput$Wait done
Event: 6714.536 loading class com/android/utils/GrabProcessOutput
Event: 6714.536 loading class com/android/utils/GrabProcessOutput done
Event: 6714.538 loading class com/android/utils/GrabProcessOutput$1
Event: 6714.538 loading class com/android/utils/GrabProcessOutput$1 done
Event: 6714.539 loading class com/android/utils/GrabProcessOutput$2
Event: 6714.539 loading class com/android/utils/GrabProcessOutput$2 done
Event: 6714.557 loading class com/android/build/gradle/internal/tasks/DexMergingTaskDelegate$Companion$isDexFile$1
Event: 6714.557 loading class com/android/build/gradle/internal/tasks/DexMergingTaskDelegate$Companion$isDexFile$1 done
Event: 6714.558 Thread 0x000001595c588800 Thread added: 0x000001595c588800
Event: 6714.558 Thread 0x000001595c58b800 Thread added: 0x000001595c58b800
Event: 6714.560 loading class com/google/common/util/concurrent/OverflowAvoidingLockSupport
Event: 6714.560 loading class com/google/common/util/concurrent/OverflowAvoidingLockSupport done
Event: 6714.561 Executing VM operation: RevokeBias
Event: 6714.586 Executing VM operation: RevokeBias done
Event: 6714.588 Executing VM operation: RevokeBias
Event: 6714.594 Executing VM operation: RevokeBias done


Dynamic libraries:
0x00007ff696220000 - 0x00007ff69622a000 	C:\Program Files\Android\Android Studio1\jre\bin\java.exe
0x00007ffc05370000 - 0x00007ffc05565000 	C:\WINDOWS\SYSTEM32\ntdll.dll
0x00007ffc05270000 - 0x00007ffc0532e000 	C:\WINDOWS\System32\KERNEL32.DLL
0x00007ffc030f0000 - 0x00007ffc033b8000 	C:\WINDOWS\System32\KERNELBASE.dll
0x00007ffc02c30000 - 0x00007ffc02d30000 	C:\WINDOWS\System32\ucrtbase.dll
0x00007ffbf2310000 - 0x00007ffbf2327000 	C:\Program Files\Android\Android Studio1\jre\bin\VCRUNTIME140.dll
0x00007ffbf22f0000 - 0x00007ffbf2309000 	C:\Program Files\Android\Android Studio1\jre\bin\jli.dll
0x00007ffc03ef0000 - 0x00007ffc04091000 	C:\WINDOWS\System32\USER32.dll
0x00007ffc02ff0000 - 0x00007ffc03012000 	C:\WINDOWS\System32\win32u.dll
0x00007ffbe12a0000 - 0x00007ffbe153a000 	C:\WINDOWS\WinSxS\amd64_microsoft.windows.common-controls_6595b64144ccf1df_6.0.19041.1110_none_60b5254171f9507e\COMCTL32.dll
0x00007ffc04a10000 - 0x00007ffc04a3b000 	C:\WINDOWS\System32\GDI32.dll
0x00007ffc04ad0000 - 0x00007ffc04b6e000 	C:\WINDOWS\System32\msvcrt.dll
0x00007ffc02d30000 - 0x00007ffc02e3b000 	C:\WINDOWS\System32\gdi32full.dll
0x00007ffc03020000 - 0x00007ffc030bd000 	C:\WINDOWS\System32\msvcp_win.dll
0x00007ffc04b70000 - 0x00007ffc04ba0000 	C:\WINDOWS\System32\IMM32.DLL
0x00007ffbeaa90000 - 0x00007ffbeab2d000 	C:\Program Files\Android\Android Studio1\jre\bin\msvcp140.dll
0x00007ffbeb5c0000 - 0x00007ffbec08f000 	C:\Program Files\Android\Android Studio1\jre\bin\server\jvm.dll
0x00007ffc04960000 - 0x00007ffc04a0c000 	C:\WINDOWS\System32\ADVAPI32.dll
0x00007ffc05020000 - 0x00007ffc050bb000 	C:\WINDOWS\System32\sechost.dll
0x00007ffc03560000 - 0x00007ffc0368a000 	C:\WINDOWS\System32\RPCRT4.dll
0x00007ffc051e0000 - 0x00007ffc051e8000 	C:\WINDOWS\System32\PSAPI.DLL
0x00007ffbe19b0000 - 0x00007ffbe19d7000 	C:\WINDOWS\SYSTEM32\WINMM.dll
0x00007ffbf7270000 - 0x00007ffbf727a000 	C:\WINDOWS\SYSTEM32\VERSION.dll
0x00007ffbe26d0000 - 0x00007ffbe26d9000 	C:\WINDOWS\SYSTEM32\WSOCK32.dll
0x00007ffc050c0000 - 0x00007ffc0512b000 	C:\WINDOWS\System32\WS2_32.dll
0x00007ffc01310000 - 0x00007ffc01322000 	C:\WINDOWS\SYSTEM32\kernel.appcore.dll
0x00007ffbf2fa0000 - 0x00007ffbf2fb1000 	C:\Program Files\Android\Android Studio1\jre\bin\verify.dll
0x00007ffc00fe0000 - 0x00007ffc011c4000 	C:\WINDOWS\SYSTEM32\DBGHELP.DLL
0x00007ffbf51b0000 - 0x00007ffbf51dc000 	C:\WINDOWS\SYSTEM32\dbgcore.DLL
0x00007ffc02af0000 - 0x00007ffc02b73000 	C:\WINDOWS\System32\bcryptPrimitives.dll
0x00007ffbf27e0000 - 0x00007ffbf2809000 	C:\Program Files\Android\Android Studio1\jre\bin\java.dll
0x00007ffbfad70000 - 0x00007ffbfad7b000 	C:\Program Files\Android\Android Studio1\jre\bin\jimage.dll
0x00007ffbf26f0000 - 0x00007ffbf2708000 	C:\Program Files\Android\Android Studio1\jre\bin\zip.dll
0x00007ffc04220000 - 0x00007ffc0495f000 	C:\WINDOWS\System32\SHELL32.dll
0x00007ffc00780000 - 0x00007ffc00f10000 	C:\WINDOWS\SYSTEM32\windows.storage.dll
0x00007ffc03880000 - 0x00007ffc03bd5000 	C:\WINDOWS\System32\combase.dll
0x00007ffc02410000 - 0x00007ffc0243e000 	C:\WINDOWS\SYSTEM32\Wldp.dll
0x00007ffc03690000 - 0x00007ffc0373d000 	C:\WINDOWS\System32\SHCORE.dll
0x00007ffc034a0000 - 0x00007ffc034f5000 	C:\WINDOWS\System32\shlwapi.dll
0x00007ffc029d0000 - 0x00007ffc029ef000 	C:\WINDOWS\SYSTEM32\profapi.dll
0x00007ffbf26d0000 - 0x00007ffbf26ea000 	C:\Program Files\Android\Android Studio1\jre\bin\net.dll
0x00007ffbf9020000 - 0x00007ffbf912c000 	C:\WINDOWS\SYSTEM32\WINHTTP.dll
0x00007ffc02170000 - 0x00007ffc021da000 	C:\WINDOWS\system32\mswsock.dll
0x00007ffbf0db0000 - 0x00007ffbf0dc4000 	C:\Program Files\Android\Android Studio1\jre\bin\nio.dll
0x00007ffbf2820000 - 0x00007ffbf2847000 	C:\Users\HP\.gradle\native\8bec1ad78214c89d9ad589b4d07fe93259594b29d510b10fafb7a158f7737e5d\windows-amd64\native-platform.dll
0x00007ffbeca70000 - 0x00007ffbecbad000 	C:\Users\HP\.gradle\native\53dbd7edfb1c66fb8903c78663c9afc45aea4f116125fa6feffd364cf09443e8\windows-amd64\native-platform-file-events.dll
0x00007ffbf9130000 - 0x00007ffbf913a000 	C:\Program Files\Android\Android Studio1\jre\bin\management.dll
0x00007ffbf2e80000 - 0x00007ffbf2e8c000 	C:\Program Files\Android\Android Studio1\jre\bin\management_ext.dll
0x00007ffc02370000 - 0x00007ffc02388000 	C:\WINDOWS\SYSTEM32\CRYPTSP.dll
0x00007ffc01af0000 - 0x00007ffc01b24000 	C:\WINDOWS\system32\rsaenh.dll
0x00007ffc030c0000 - 0x00007ffc030e7000 	C:\WINDOWS\System32\bcrypt.dll
0x00007ffc02990000 - 0x00007ffc029be000 	C:\WINDOWS\SYSTEM32\USERENV.dll
0x00007ffc02360000 - 0x00007ffc0236c000 	C:\WINDOWS\SYSTEM32\CRYPTBASE.dll
0x00007ffc01e60000 - 0x00007ffc01e9b000 	C:\WINDOWS\SYSTEM32\IPHLPAPI.DLL
0x00007ffc03ee0000 - 0x00007ffc03ee8000 	C:\WINDOWS\System32\NSI.dll
0x00007ffc005a0000 - 0x00007ffc005b7000 	C:\WINDOWS\SYSTEM32\dhcpcsvc6.DLL
0x00007ffc00580000 - 0x00007ffc0059d000 	C:\WINDOWS\SYSTEM32\dhcpcsvc.DLL
0x00007ffc01ea0000 - 0x00007ffc01f6b000 	C:\WINDOWS\SYSTEM32\DNSAPI.dll
0x00007ffbf0bf0000 - 0x00007ffbf0c17000 	C:\Program Files\Android\Android Studio1\jre\bin\sunec.dll
0x00007ffbe3bb0000 - 0x00007ffbe3bba000 	C:\Windows\System32\rasadhlp.dll
0x00007ffbe3bf0000 - 0x00007ffbe3c6f000 	C:\WINDOWS\System32\fwpuclnt.dll

dbghelp: loaded successfully - version: 4.0.5 - missing functions: none
symbol engine: initialized successfully - sym options: 0x614 - pdb path: .;C:\Program Files\Android\Android Studio1\jre\bin;C:\WINDOWS\SYSTEM32;C:\WINDOWS\WinSxS\amd64_microsoft.windows.common-controls_6595b64144ccf1df_6.0.19041.1110_none_60b5254171f9507e;C:\Program Files\Android\Android Studio1\jre\bin\server;C:\Users\HP\.gradle\native\8bec1ad78214c89d9ad589b4d07fe93259594b29d510b10fafb7a158f7737e5d\windows-amd64;C:\Users\HP\.gradle\native\53dbd7edfb1c66fb8903c78663c9afc45aea4f116125fa6feffd364cf09443e8\windows-amd64

VM Arguments:
jvm_args: --add-opens=java.base/java.util=ALL-UNNAMED --add-opens=java.base/java.lang=ALL-UNNAMED --add-opens=java.base/java.lang.invoke=ALL-UNNAMED --add-opens=java.base/java.util=ALL-UNNAMED --add-opens=java.prefs/java.util.prefs=ALL-UNNAMED --add-opens=java.prefs/java.util.prefs=ALL-UNNAMED --add-opens=java.base/java.nio.charset=ALL-UNNAMED --add-opens=java.base/java.net=ALL-UNNAMED --add-opens=java.base/java.util.concurrent.atomic=ALL-UNNAMED -Xmx2048m -Dfile.encoding=UTF-8 -Duser.country=RU -Duser.language=ru -Duser.variant 
java_command: org.gradle.launcher.daemon.bootstrap.GradleDaemon 7.0.2
java_class_path (initial): C:\Users\HP\.gradle\wrapper\dists\gradle-7.0.2-bin\857tjihv64xamwrf0h14cai3r\gradle-7.0.2\lib\gradle-launcher-7.0.2.jar
Launcher Type: SUN_STANDARD

[Global flags]
     intx CICompilerCount                          = 3                                         {product} {ergonomic}
     uint ConcGCThreads                            = 1                                         {product} {ergonomic}
     uint G1ConcRefinementThreads                  = 4                                         {product} {ergonomic}
   size_t G1HeapRegionSize                         = 1048576                                   {product} {ergonomic}
    uintx GCDrainStackTargetSize                   = 64                                        {product} {ergonomic}
   size_t InitialHeapSize                          = 134217728                                 {product} {ergonomic}
   size_t MarkStackSize                            = 4194304                                   {product} {ergonomic}
   size_t MaxHeapSize                              = 2147483648                                {product} {command line}
   size_t MaxNewSize                               = 1287651328                                {product} {ergonomic}
   size_t MinHeapDeltaBytes                        = 1048576                                   {product} {ergonomic}
    uintx NonNMethodCodeHeapSize                   = 5830732                                {pd product} {ergonomic}
    uintx NonProfiledCodeHeapSize                  = 122913754                              {pd product} {ergonomic}
    uintx ProfiledCodeHeapSize                     = 122913754                              {pd product} {ergonomic}
    uintx ReservedCodeCacheSize                    = 251658240                              {pd product} {ergonomic}
     bool SegmentedCodeCache                       = true                                      {product} {ergonomic}
     bool UseCompressedClassPointers               = true                                 {lp64_product} {ergonomic}
     bool UseCompressedOops                        = true                                 {lp64_product} {ergonomic}
     bool UseG1GC                                  = true                                      {product} {ergonomic}
     bool UseLargePagesIndividualAllocation        = false                                  {pd product} {ergonomic}

Logging:
Log output configuration:
 #0: stdout all=warning uptime,level,tags
 #1: stderr all=off uptime,level,tags

Environment Variables:
PATH=C:\Program Files (x86)\Common Files\Oracle\Java\javapath;C:\ProgramData\Oracle\Java\javapath;C:\Program Files (x86)\Intel\iCLS Client\;C:\Program Files\Intel\iCLS Client\;C:\WINDOWS\system32;C:\WINDOWS;C:\WINDOWS\System32\Wbem;C:\WINDOWS\System32\WindowsPowerShell\v1.0\;C:\Program Files (x86)\Intel\Intel(R) Management Engine Components\DAL;C:\Program Files\Intel\Intel(R) Management Engine Components\DAL;C:\Program Files (x86)\Intel\Intel(R) Management Engine Components\IPT;C:\Program Files\Intel\Intel(R) Management Engine Components\IPT;C:\WINDOWS\System32\OpenSSH\;C:\Program Files\Git\cmd;C:\Users\HP\AppData\Local\Microsoft\WindowsApps;C:\Users\HP\AppData\Local\GitHubDesktop\bin
USERNAME=HP
OS=Windows_NT
PROCESSOR_IDENTIFIER=Intel64 Family 6 Model 142 Stepping 9, GenuineIntel



---------------  S Y S T E M  ---------------

OS: Windows 10 , 64 bit Build 19041 (10.0.19041.1348)
OS uptime: 0 days 3:13 hours

CPU:total 4 (initial active 4) (2 cores per cpu, 2 threads per core) family 6 model 142 stepping 9 microcode 0xb4, cmov, cx8, fxsr, mmx, sse, sse2, sse3, ssse3, sse4.1, sse4.2, popcnt, avx, avx2, aes, clmul, erms, 3dnowpref, lzcnt, ht, tsc, tscinvbit, bmi1, bmi2, adx, fma

Memory: 4k page, system-wide physical 8064M (134M free)
TotalPageFile size 9968M (AvailPageFile size 0M)
current process WorkingSet (physical memory assigned to process): 401M, peak: 519M
current process commit charge ("private bytes"): 590M, peak: 592M

vm_info: OpenJDK 64-Bit Server VM (11.0.10+0-b96-7249189) for windows-amd64 JRE (11.0.10+0-b96-7249189), built on Mar 31 2021 21:44:00 by "builder" with MS VC++ 14.0 (VS2015)

END.
