#
# There is insufficient memory for the Java Runtime Environment to continue.
# Native memory allocation (malloc) failed to allocate 1048576 bytes for AllocateHeap
# Possible reasons:
#   The system is out of physical RAM or swap space
#   The process is running with CompressedOops enabled, and the Java Heap may be blocking the growth of the native heap
# Possible solutions:
#   Reduce memory load on the system
#   Increase physical memory or swap space
#   Check if swap backing store is full
#   Decrease Java heap size (-Xmx/-Xms)
#   Decrease number of Java threads
#   Decrease Java thread stack sizes (-Xss)
#   Set larger code cache with -XX:ReservedCodeCacheSize=
#   JVM is running with Unscaled Compressed Oops mode in which the Java heap is
#     placed in the first 4GB address space. The Java Heap base address is the
#     maximum limit for the native heap growth. Please use -XX:HeapBaseMinAddress
#     to set the Java Heap base and to place the Java Heap above 4GB virtual address.
# This output file may be truncated or incomplete.
#
#  Out of Memory Error (./src/hotspot/share/memory/allocation.cpp:46), pid=7748, tid=13060
#
# JRE version: OpenJDK Runtime Environment (11.0.10) (build 11.0.10+0-b96-7249189)
# Java VM: OpenJDK 64-Bit Server VM (11.0.10+0-b96-7249189, mixed mode, tiered, compressed oops, g1 gc, windows-amd64)
# No core dump will be written. Minidumps are not enabled by default on client versions of Windows
#

---------------  S U M M A R Y ------------

Command Line: --add-opens=java.base/java.util=ALL-UNNAMED --add-opens=java.base/java.lang=ALL-UNNAMED --add-opens=java.base/java.lang.invoke=ALL-UNNAMED --add-opens=java.base/java.util=ALL-UNNAMED --add-opens=java.prefs/java.util.prefs=ALL-UNNAMED --add-opens=java.prefs/java.util.prefs=ALL-UNNAMED --add-opens=java.base/java.nio.charset=ALL-UNNAMED --add-opens=java.base/java.net=ALL-UNNAMED --add-opens=java.base/java.util.concurrent.atomic=ALL-UNNAMED -Xmx2048m -Dfile.encoding=UTF-8 -Duser.country=RU -Duser.language=ru -Duser.variant org.gradle.launcher.daemon.bootstrap.GradleDaemon 7.0.2

Host: Intel(R) Core(TM) i3-7100U CPU @ 2.40GHz, 4 cores, 7G,  Windows 10 , 64 bit Build 19041 (10.0.19041.1348)
Time: Fri Nov 19 03:08:24 2021 RTZ 1 (зима) elapsed time: 9.210950 seconds (0d 0h 0m 9s)

---------------  T H R E A D  ---------------

Current thread (0x00000201261d4800):  VMThread "VM Thread" [stack: 0x000000d2a8e00000,0x000000d2a8f00000] [id=13060]

Stack: [0x000000d2a8e00000,0x000000d2a8f00000]
[error occurred during error reporting (printing stack bounds), id 0xc0000005, EXCEPTION_ACCESS_VIOLATION (0xc0000005) at pc=0x0000020110100f2d]

Native frames: (J=compiled Java code, j=interpreted, Vv=VM code, C=native code)
V  [jvm.dll+0x5ecfaa]
V  [jvm.dll+0x722bd5]
V  [jvm.dll+0x72412d]
V  [jvm.dll+0x724745]
V  [jvm.dll+0x7246fb]
V  [jvm.dll+0x5ec348]
V  [jvm.dll+0x5ecad8]
C  [ntdll.dll+0xa20cf]
C  [ntdll.dll+0x51454]
C  [ntdll.dll+0xa0bfe]
C  0x0000020110100f2d

VM_Operation (0x000000d2aa2f84c0): CollectForMetadataAllocation, mode: safepoint, requested by thread 0x00000201297db000


---------------  P R O C E S S  ---------------

Threads class SMR info:
_java_thread_list=0x0000020127c3c9c0, length=28, elements={
0x000002010c60a000, 0x00000201261dc800, 0x00000201261dd800, 0x00000201261fa800,
0x00000201261fb800, 0x00000201261fd800, 0x0000020126202000, 0x0000020126224000,
0x0000020126bd2000, 0x0000020126cea000, 0x0000020127854000, 0x0000020126f5c000,
0x0000020129d73000, 0x0000020128acf000, 0x0000020129507800, 0x0000020128c99800,
0x00000201297db000, 0x00000201298d9800, 0x0000020129c70000, 0x0000020128704000,
0x0000020128702800, 0x0000020128703000, 0x0000020128705000, 0x0000020129332800,
0x0000020129333000, 0x0000020129334000, 0x000002012932e800, 0x0000020129331000
}

Java Threads: ( => current thread )
  0x000002010c60a000 JavaThread "main" [_thread_blocked, id=7312, stack(0x000000d2a8800000,0x000000d2a8900000)]
  0x00000201261dc800 JavaThread "Reference Handler" daemon [_thread_blocked, id=11500, stack(0x000000d2a8f00000,0x000000d2a9000000)]
  0x00000201261dd800 JavaThread "Finalizer" daemon [_thread_blocked, id=3240, stack(0x000000d2a9000000,0x000000d2a9100000)]
  0x00000201261fa800 JavaThread "Signal Dispatcher" daemon [_thread_blocked, id=13304, stack(0x000000d2a9200000,0x000000d2a9300000)]
  0x00000201261fb800 JavaThread "Attach Listener" daemon [_thread_blocked, id=7432, stack(0x000000d2a9300000,0x000000d2a9400000)]
  0x00000201261fd800 JavaThread "Service Thread" daemon [_thread_blocked, id=13288, stack(0x000000d2a9400000,0x000000d2a9500000)]
  0x0000020126202000 JavaThread "C2 CompilerThread0" daemon [_thread_blocked, id=4012, stack(0x000000d2a9500000,0x000000d2a9600000)]
  0x0000020126224000 JavaThread "C1 CompilerThread0" daemon [_thread_blocked, id=11448, stack(0x000000d2a9600000,0x000000d2a9700000)]
  0x0000020126bd2000 JavaThread "Sweeper thread" daemon [_thread_blocked, id=10212, stack(0x000000d2a9700000,0x000000d2a9800000)]
  0x0000020126cea000 JavaThread "Common-Cleaner" daemon [_thread_blocked, id=12456, stack(0x000000d2a9800000,0x000000d2a9900000)]
  0x0000020127854000 JavaThread "Daemon health stats" [_thread_blocked, id=9592, stack(0x000000d2a9d00000,0x000000d2a9e00000)]
  0x0000020126f5c000 JavaThread "Incoming local TCP Connector on port 51772" [_thread_in_native, id=10260, stack(0x000000d2a9a00000,0x000000d2a9b00000)]
  0x0000020129d73000 JavaThread "Daemon periodic checks" [_thread_blocked, id=13604, stack(0x000000d2a9e00000,0x000000d2a9f00000)]
  0x0000020128acf000 JavaThread "Daemon" [_thread_blocked, id=8928, stack(0x000000d2a9f00000,0x000000d2aa000000)]
  0x0000020129507800 JavaThread "Handler for socket connection from /127.0.0.1:51772 to /127.0.0.1:51773" [_thread_in_native, id=2088, stack(0x000000d2aa000000,0x000000d2aa100000)]
  0x0000020128c99800 JavaThread "Cancel handler" [_thread_blocked, id=6116, stack(0x000000d2aa100000,0x000000d2aa200000)]
  0x00000201297db000 JavaThread "Daemon worker" [_thread_blocked, id=10540, stack(0x000000d2aa200000,0x000000d2aa300000)]
  0x00000201298d9800 JavaThread "Asynchronous log dispatcher for DefaultDaemonConnection: socket connection from /127.0.0.1:51772 to /127.0.0.1:51773" [_thread_blocked, id=8588, stack(0x000000d2aa300000,0x000000d2aa400000)]
  0x0000020129c70000 JavaThread "Stdin handler" [_thread_blocked, id=120, stack(0x000000d2aa400000,0x000000d2aa500000)]
  0x0000020128704000 JavaThread "Daemon client event forwarder" [_thread_blocked, id=12496, stack(0x000000d2aa500000,0x000000d2aa600000)]
  0x0000020128702800 JavaThread "Cache worker for file hash cache (C:\Users\HP\.gradle\caches\7.0.2\fileHashes)" [_thread_blocked, id=11132, stack(0x000000d2aa600000,0x000000d2aa700000)]
  0x0000020128703000 JavaThread "File lock request listener" [_thread_in_native, id=2872, stack(0x000000d2aa700000,0x000000d2aa800000)]
  0x0000020128705000 JavaThread "Cache worker for journal cache (C:\Users\HP\.gradle\caches\journal-1)" [_thread_blocked, id=11020, stack(0x000000d2aa900000,0x000000d2aaa00000)]
  0x0000020129332800 JavaThread "Cache worker for file hash cache (C:\Users\HP\AndroidStudioProjects\Random_Beisen\.gradle\7.0.2\fileHashes)" [_thread_blocked, id=10752, stack(0x000000d2aab00000,0x000000d2aac00000)]
  0x0000020129333000 JavaThread "File watcher server" daemon [_thread_in_native, id=14240, stack(0x000000d2aac00000,0x000000d2aad00000)]
  0x0000020129334000 JavaThread "File watcher consumer" daemon [_thread_blocked, id=12444, stack(0x000000d2aad00000,0x000000d2aae00000)]
  0x000002012932e800 JavaThread "Cache worker for checksums cache (C:\Users\HP\AndroidStudioProjects\Random_Beisen\.gradle\checksums)" [_thread_blocked, id=12416, stack(0x000000d2aaa00000,0x000000d2aab00000)]
  0x0000020129331000 JavaThread "Cache worker for cache directory md-supplier (C:\Users\HP\.gradle\caches\7.0.2\md-supplier)" [_thread_blocked, id=13824, stack(0x000000d2aae00000,0x000000d2aaf00000)]

Other Threads:
=>0x00000201261d4800 VMThread "VM Thread" [stack: 0x000000d2a8e00000,0x000000d2a8f00000] [id=13060]
  0x0000020126d1a000 WatcherThread [stack: 0x000000d2a9900000,0x000000d2a9a00000] [id=3248]
  0x000002010c623800 GCTaskThread "GC Thread#0" [stack: 0x000000d2a8900000,0x000000d2a8a00000] [id=12180]
  0x00000201276bf800 GCTaskThread "GC Thread#1" [stack: 0x000000d2a9b00000,0x000000d2a9c00000] [id=12116]
  0x0000020127001000 GCTaskThread "GC Thread#2" [stack: 0x000000d2a9c00000,0x000000d2a9d00000] [id=2040]
  0x0000020127739800 GCTaskThread "GC Thread#3" [stack: 0x000000d2aa800000,0x000000d2aa900000] [id=12916]
  0x000002010c654800 ConcurrentGCThread "G1 Main Marker" [stack: 0x000000d2a8a00000,0x000000d2a8b00000] [id=4936]
  0x000002010c655800 ConcurrentGCThread "G1 Conc#0" [stack: 0x000000d2a8b00000,0x000000d2a8c00000] [id=8208]
  0x000002010c6e4000 ConcurrentGCThread "G1 Refine#0" [stack: 0x000000d2a8c00000,0x000000d2a8d00000] [id=4976]
  0x000002010c6e5000 ConcurrentGCThread "G1 Young RemSet Sampling" [stack: 0x000000d2a8d00000,0x000000d2a8e00000] [id=14832]

Threads with active compile tasks:

VM state:at safepoint (normal execution)

VM Mutex/Monitor currently owned by a thread:  ([mutex/lock_event])
[0x000002010c6070e0] Threads_lock - owner thread: 0x00000201261d4800
[0x000002010c605dc0] Heap_lock - owner thread: 0x00000201297db000
[0x000002010c606360] MultiArray_lock - owner thread: 0x00000201297db000
[0x000002010c607cb0] Compile_lock - owner thread: 0x00000201297db000

Heap address: 0x0000000080000000, size: 2048 MB, Compressed Oops mode: 32-bit
Narrow klass base: 0x0000000000000000, Narrow klass shift: 3
Compressed class space size: 1073741824 Address: 0x0000000100000000

Heap:
 garbage-first heap   total 131072K, used 18719K [0x0000000080000000, 0x0000000100000000)
  region size 1024K, 3 young (3072K), 3 survivors (3072K)
 Metaspace       used 27274K, capacity 27939K, committed 28160K, reserved 1073152K
  class space    used 3598K, capacity 3827K, committed 3840K, reserved 1048576K
Heap Regions: E=young(eden), S=young(survivor), O=old, HS=humongous(starts), HC=humongous(continues), CS=collection set, F=free, A=archive, TAMS=top-at-mark-start (previous, next)
|   0|0x0000000080000000, 0x0000000080100000, 0x0000000080100000|100%| O|  |TAMS 0x0000000080100000, 0x0000000080100000| Untracked 
|   1|0x0000000080100000, 0x0000000080200000, 0x0000000080200000|100%| O|  |TAMS 0x0000000080200000, 0x0000000080200000| Untracked 
|   2|0x0000000080200000, 0x0000000080300000, 0x0000000080300000|100%| O|  |TAMS 0x0000000080300000, 0x0000000080300000| Untracked 
|   3|0x0000000080300000, 0x0000000080400000, 0x0000000080400000|100%|HS|  |TAMS 0x0000000080400000, 0x0000000080400000| Complete 
|   4|0x0000000080400000, 0x0000000080500000, 0x0000000080500000|100%|HC|  |TAMS 0x0000000080500000, 0x0000000080500000| Complete 
|   5|0x0000000080500000, 0x0000000080600000, 0x0000000080600000|100%|HC|  |TAMS 0x0000000080600000, 0x0000000080600000| Complete 
|   6|0x0000000080600000, 0x0000000080700000, 0x0000000080700000|100%| O|  |TAMS 0x0000000080700000, 0x0000000080700000| Untracked 
|   7|0x0000000080700000, 0x0000000080800000, 0x0000000080800000|100%| O|  |TAMS 0x0000000080800000, 0x0000000080800000| Untracked 
|   8|0x0000000080800000, 0x0000000080900000, 0x0000000080900000|100%| O|  |TAMS 0x0000000080900000, 0x0000000080900000| Untracked 
|   9|0x0000000080900000, 0x0000000080a00000, 0x0000000080a00000|100%| O|  |TAMS 0x0000000080a00000, 0x0000000080a00000| Untracked 
|  10|0x0000000080a00000, 0x0000000080b00000, 0x0000000080b00000|100%| O|  |TAMS 0x0000000080b00000, 0x0000000080b00000| Untracked 
|  11|0x0000000080b00000, 0x0000000080c00000, 0x0000000080c00000|100%| O|  |TAMS 0x0000000080c00000, 0x0000000080c00000| Untracked 
|  12|0x0000000080c00000, 0x0000000080d00000, 0x0000000080d00000|100%| O|  |TAMS 0x0000000080d00000, 0x0000000080d00000| Untracked 
|  13|0x0000000080d00000, 0x0000000080e00000, 0x0000000080e00000|100%| O|  |TAMS 0x0000000080e00000, 0x0000000080e00000| Untracked 
|  14|0x0000000080e00000, 0x0000000080f00000, 0x0000000080f00000|100%| O|  |TAMS 0x0000000080f00000, 0x0000000080f00000| Untracked 
|  15|0x0000000080f00000, 0x0000000080fcb400, 0x0000000081000000| 79%| O|  |TAMS 0x0000000080fcb400, 0x0000000080fcb400| Untracked 
|  16|0x0000000081000000, 0x0000000081000000, 0x0000000081100000|  0%| F|  |TAMS 0x0000000081000000, 0x0000000081000000| Untracked 
|  17|0x0000000081100000, 0x0000000081100000, 0x0000000081200000|  0%| F|  |TAMS 0x0000000081100000, 0x0000000081100000| Untracked 
|  18|0x0000000081200000, 0x0000000081200000, 0x0000000081300000|  0%| F|  |TAMS 0x0000000081200000, 0x0000000081200000| Untracked 
|  19|0x0000000081300000, 0x0000000081300000, 0x0000000081400000|  0%| F|  |TAMS 0x0000000081300000, 0x0000000081300000| Untracked 
|  20|0x0000000081400000, 0x0000000081400000, 0x0000000081500000|  0%| F|  |TAMS 0x0000000081400000, 0x0000000081400000| Untracked 
|  21|0x0000000081500000, 0x0000000081500000, 0x0000000081600000|  0%| F|  |TAMS 0x0000000081500000, 0x0000000081500000| Untracked 
|  22|0x0000000081600000, 0x0000000081600000, 0x0000000081700000|  0%| F|  |TAMS 0x0000000081600000, 0x0000000081600000| Untracked 
|  23|0x0000000081700000, 0x0000000081700000, 0x0000000081800000|  0%| F|  |TAMS 0x0000000081700000, 0x0000000081700000| Untracked 
|  24|0x0000000081800000, 0x0000000081800000, 0x0000000081900000|  0%| F|  |TAMS 0x0000000081800000, 0x0000000081800000| Untracked 
|  25|0x0000000081900000, 0x0000000081900000, 0x0000000081a00000|  0%| F|  |TAMS 0x0000000081900000, 0x0000000081900000| Untracked 
|  26|0x0000000081a00000, 0x0000000081a00000, 0x0000000081b00000|  0%| F|  |TAMS 0x0000000081a00000, 0x0000000081a00000| Untracked 
|  27|0x0000000081b00000, 0x0000000081b00000, 0x0000000081c00000|  0%| F|  |TAMS 0x0000000081b00000, 0x0000000081b00000| Untracked 
|  28|0x0000000081c00000, 0x0000000081c00000, 0x0000000081d00000|  0%| F|  |TAMS 0x0000000081c00000, 0x0000000081c00000| Untracked 
|  29|0x0000000081d00000, 0x0000000081d00000, 0x0000000081e00000|  0%| F|  |TAMS 0x0000000081d00000, 0x0000000081d00000| Untracked 
|  30|0x0000000081e00000, 0x0000000081e00000, 0x0000000081f00000|  0%| F|  |TAMS 0x0000000081e00000, 0x0000000081e00000| Untracked 
|  31|0x0000000081f00000, 0x0000000081f00000, 0x0000000082000000|  0%| F|  |TAMS 0x0000000081f00000, 0x0000000081f00000| Untracked 
|  32|0x0000000082000000, 0x0000000082000000, 0x0000000082100000|  0%| F|  |TAMS 0x0000000082000000, 0x0000000082000000| Untracked 
|  33|0x0000000082100000, 0x0000000082100000, 0x0000000082200000|  0%| F|  |TAMS 0x0000000082100000, 0x0000000082100000| Untracked 
|  34|0x0000000082200000, 0x0000000082200000, 0x0000000082300000|  0%| F|  |TAMS 0x0000000082200000, 0x0000000082200000| Untracked 
|  35|0x0000000082300000, 0x0000000082300000, 0x0000000082400000|  0%| F|  |TAMS 0x0000000082300000, 0x0000000082300000| Untracked 
|  36|0x0000000082400000, 0x0000000082400000, 0x0000000082500000|  0%| F|  |TAMS 0x0000000082400000, 0x0000000082400000| Untracked 
|  37|0x0000000082500000, 0x0000000082500000, 0x0000000082600000|  0%| F|  |TAMS 0x0000000082500000, 0x0000000082500000| Untracked 
|  38|0x0000000082600000, 0x0000000082600000, 0x0000000082700000|  0%| F|  |TAMS 0x0000000082600000, 0x0000000082600000| Untracked 
|  39|0x0000000082700000, 0x0000000082700000, 0x0000000082800000|  0%| F|  |TAMS 0x0000000082700000, 0x0000000082700000| Untracked 
|  40|0x0000000082800000, 0x0000000082800000, 0x0000000082900000|  0%| F|  |TAMS 0x0000000082800000, 0x0000000082800000| Untracked 
|  41|0x0000000082900000, 0x0000000082900000, 0x0000000082a00000|  0%| F|  |TAMS 0x0000000082900000, 0x0000000082900000| Untracked 
|  42|0x0000000082a00000, 0x0000000082a00000, 0x0000000082b00000|  0%| F|  |TAMS 0x0000000082a00000, 0x0000000082a00000| Untracked 
|  43|0x0000000082b00000, 0x0000000082b00000, 0x0000000082c00000|  0%| F|  |TAMS 0x0000000082b00000, 0x0000000082b00000| Untracked 
|  44|0x0000000082c00000, 0x0000000082c00000, 0x0000000082d00000|  0%| F|  |TAMS 0x0000000082c00000, 0x0000000082c00000| Untracked 
|  45|0x0000000082d00000, 0x0000000082d00000, 0x0000000082e00000|  0%| F|  |TAMS 0x0000000082d00000, 0x0000000082d00000| Untracked 
|  46|0x0000000082e00000, 0x0000000082e00000, 0x0000000082f00000|  0%| F|  |TAMS 0x0000000082e00000, 0x0000000082e00000| Untracked 
|  47|0x0000000082f00000, 0x0000000082f00000, 0x0000000083000000|  0%| F|  |TAMS 0x0000000082f00000, 0x0000000082f00000| Untracked 
|  48|0x0000000083000000, 0x0000000083000000, 0x0000000083100000|  0%| F|  |TAMS 0x0000000083000000, 0x0000000083000000| Untracked 
|  49|0x0000000083100000, 0x0000000083100000, 0x0000000083200000|  0%| F|  |TAMS 0x0000000083100000, 0x0000000083100000| Untracked 
|  50|0x0000000083200000, 0x0000000083200000, 0x0000000083300000|  0%| F|  |TAMS 0x0000000083200000, 0x0000000083200000| Untracked 
|  51|0x0000000083300000, 0x0000000083300000, 0x0000000083400000|  0%| F|  |TAMS 0x0000000083300000, 0x0000000083300000| Untracked 
|  52|0x0000000083400000, 0x0000000083400000, 0x0000000083500000|  0%| F|  |TAMS 0x0000000083400000, 0x0000000083400000| Untracked 
|  53|0x0000000083500000, 0x0000000083500000, 0x0000000083600000|  0%| F|  |TAMS 0x0000000083500000, 0x0000000083500000| Untracked 
|  54|0x0000000083600000, 0x0000000083600000, 0x0000000083700000|  0%| F|  |TAMS 0x0000000083600000, 0x0000000083600000| Untracked 
|  55|0x0000000083700000, 0x0000000083700000, 0x0000000083800000|  0%| F|  |TAMS 0x0000000083700000, 0x0000000083700000| Untracked 
|  56|0x0000000083800000, 0x0000000083800000, 0x0000000083900000|  0%| F|  |TAMS 0x0000000083800000, 0x0000000083800000| Untracked 
|  57|0x0000000083900000, 0x0000000083900000, 0x0000000083a00000|  0%| F|  |TAMS 0x0000000083900000, 0x0000000083900000| Untracked 
|  58|0x0000000083a00000, 0x0000000083a00000, 0x0000000083b00000|  0%| F|  |TAMS 0x0000000083a00000, 0x0000000083a00000| Untracked 
|  59|0x0000000083b00000, 0x0000000083b00000, 0x0000000083c00000|  0%| F|  |TAMS 0x0000000083b00000, 0x0000000083b00000| Untracked 
|  60|0x0000000083c00000, 0x0000000083c00000, 0x0000000083d00000|  0%| F|  |TAMS 0x0000000083c00000, 0x0000000083c00000| Untracked 
|  61|0x0000000083d00000, 0x0000000083d00000, 0x0000000083e00000|  0%| F|  |TAMS 0x0000000083d00000, 0x0000000083d00000| Untracked 
|  62|0x0000000083e00000, 0x0000000083e00000, 0x0000000083f00000|  0%| F|  |TAMS 0x0000000083e00000, 0x0000000083e00000| Untracked 
|  63|0x0000000083f00000, 0x0000000083f00000, 0x0000000084000000|  0%| F|  |TAMS 0x0000000083f00000, 0x0000000083f00000| Untracked 
|  64|0x0000000084000000, 0x0000000084000000, 0x0000000084100000|  0%| F|  |TAMS 0x0000000084000000, 0x0000000084000000| Untracked 
|  65|0x0000000084100000, 0x0000000084100000, 0x0000000084200000|  0%| F|  |TAMS 0x0000000084100000, 0x0000000084100000| Untracked 
|  66|0x0000000084200000, 0x0000000084200000, 0x0000000084300000|  0%| F|  |TAMS 0x0000000084200000, 0x0000000084200000| Untracked 
|  67|0x0000000084300000, 0x0000000084300000, 0x0000000084400000|  0%| F|  |TAMS 0x0000000084300000, 0x0000000084300000| Untracked 
|  68|0x0000000084400000, 0x0000000084400000, 0x0000000084500000|  0%| F|  |TAMS 0x0000000084400000, 0x0000000084400000| Untracked 
|  69|0x0000000084500000, 0x0000000084500000, 0x0000000084600000|  0%| F|  |TAMS 0x0000000084500000, 0x0000000084500000| Untracked 
|  70|0x0000000084600000, 0x0000000084600000, 0x0000000084700000|  0%| F|  |TAMS 0x0000000084600000, 0x0000000084600000| Untracked 
|  71|0x0000000084700000, 0x0000000084700000, 0x0000000084800000|  0%| F|  |TAMS 0x0000000084700000, 0x0000000084700000| Untracked 
|  72|0x0000000084800000, 0x0000000084800000, 0x0000000084900000|  0%| F|  |TAMS 0x0000000084800000, 0x0000000084800000| Untracked 
|  73|0x0000000084900000, 0x0000000084900000, 0x0000000084a00000|  0%| F|  |TAMS 0x0000000084900000, 0x0000000084900000| Untracked 
|  74|0x0000000084a00000, 0x0000000084a00000, 0x0000000084b00000|  0%| F|  |TAMS 0x0000000084a00000, 0x0000000084a00000| Untracked 
|  75|0x0000000084b00000, 0x0000000084b00000, 0x0000000084c00000|  0%| F|  |TAMS 0x0000000084b00000, 0x0000000084b00000| Untracked 
|  76|0x0000000084c00000, 0x0000000084c00000, 0x0000000084d00000|  0%| F|  |TAMS 0x0000000084c00000, 0x0000000084c00000| Untracked 
|  77|0x0000000084d00000, 0x0000000084d00000, 0x0000000084e00000|  0%| F|  |TAMS 0x0000000084d00000, 0x0000000084d00000| Untracked 
|  78|0x0000000084e00000, 0x0000000084e00000, 0x0000000084f00000|  0%| F|  |TAMS 0x0000000084e00000, 0x0000000084e00000| Untracked 
|  79|0x0000000084f00000, 0x0000000084f00000, 0x0000000085000000|  0%| F|  |TAMS 0x0000000084f00000, 0x0000000084f00000| Untracked 
|  80|0x0000000085000000, 0x0000000085000000, 0x0000000085100000|  0%| F|  |TAMS 0x0000000085000000, 0x0000000085000000| Untracked 
|  81|0x0000000085100000, 0x0000000085100000, 0x0000000085200000|  0%| F|  |TAMS 0x0000000085100000, 0x0000000085100000| Untracked 
|  82|0x0000000085200000, 0x0000000085200000, 0x0000000085300000|  0%| F|  |TAMS 0x0000000085200000, 0x0000000085200000| Untracked 
|  83|0x0000000085300000, 0x0000000085300000, 0x0000000085400000|  0%| F|  |TAMS 0x0000000085300000, 0x0000000085300000| Untracked 
|  84|0x0000000085400000, 0x0000000085400000, 0x0000000085500000|  0%| F|  |TAMS 0x0000000085400000, 0x0000000085400000| Untracked 
|  85|0x0000000085500000, 0x0000000085500000, 0x0000000085600000|  0%| F|  |TAMS 0x0000000085500000, 0x0000000085500000| Untracked 
|  86|0x0000000085600000, 0x0000000085600000, 0x0000000085700000|  0%| F|  |TAMS 0x0000000085600000, 0x0000000085600000| Untracked 
|  87|0x0000000085700000, 0x0000000085700000, 0x0000000085800000|  0%| F|  |TAMS 0x0000000085700000, 0x0000000085700000| Untracked 
|  88|0x0000000085800000, 0x0000000085800000, 0x0000000085900000|  0%| F|  |TAMS 0x0000000085800000, 0x0000000085800000| Untracked 
|  89|0x0000000085900000, 0x0000000085900000, 0x0000000085a00000|  0%| F|  |TAMS 0x0000000085900000, 0x0000000085900000| Untracked 
|  90|0x0000000085a00000, 0x0000000085a00000, 0x0000000085b00000|  0%| F|  |TAMS 0x0000000085a00000, 0x0000000085a00000| Untracked 
|  91|0x0000000085b00000, 0x0000000085b00000, 0x0000000085c00000|  0%| F|  |TAMS 0x0000000085b00000, 0x0000000085b00000| Untracked 
|  92|0x0000000085c00000, 0x0000000085c00000, 0x0000000085d00000|  0%| F|  |TAMS 0x0000000085c00000, 0x0000000085c00000| Untracked 
|  93|0x0000000085d00000, 0x0000000085d00000, 0x0000000085e00000|  0%| F|  |TAMS 0x0000000085d00000, 0x0000000085d00000| Untracked 
|  94|0x0000000085e00000, 0x0000000085e00000, 0x0000000085f00000|  0%| F|  |TAMS 0x0000000085e00000, 0x0000000085e00000| Untracked 
|  95|0x0000000085f00000, 0x0000000085f00000, 0x0000000086000000|  0%| F|  |TAMS 0x0000000085f00000, 0x0000000085f00000| Untracked 
|  96|0x0000000086000000, 0x0000000086000000, 0x0000000086100000|  0%| F|  |TAMS 0x0000000086000000, 0x0000000086000000| Untracked 
|  97|0x0000000086100000, 0x0000000086100000, 0x0000000086200000|  0%| F|  |TAMS 0x0000000086100000, 0x0000000086100000| Untracked 
|  98|0x0000000086200000, 0x0000000086200000, 0x0000000086300000|  0%| F|  |TAMS 0x0000000086200000, 0x0000000086200000| Untracked 
|  99|0x0000000086300000, 0x0000000086300000, 0x0000000086400000|  0%| F|  |TAMS 0x0000000086300000, 0x0000000086300000| Untracked 
| 100|0x0000000086400000, 0x0000000086400000, 0x0000000086500000|  0%| F|  |TAMS 0x0000000086400000, 0x0000000086400000| Untracked 
| 101|0x0000000086500000, 0x0000000086500000, 0x0000000086600000|  0%| F|  |TAMS 0x0000000086500000, 0x0000000086500000| Untracked 
| 102|0x0000000086600000, 0x0000000086600000, 0x0000000086700000|  0%| F|  |TAMS 0x0000000086600000, 0x0000000086600000| Untracked 
| 103|0x0000000086700000, 0x0000000086700000, 0x0000000086800000|  0%| F|  |TAMS 0x0000000086700000, 0x0000000086700000| Untracked 
| 104|0x0000000086800000, 0x0000000086800000, 0x0000000086900000|  0%| F|  |TAMS 0x0000000086800000, 0x0000000086800000| Untracked 
| 105|0x0000000086900000, 0x0000000086900000, 0x0000000086a00000|  0%| F|  |TAMS 0x0000000086900000, 0x0000000086900000| Untracked 
| 106|0x0000000086a00000, 0x0000000086a00000, 0x0000000086b00000|  0%| F|  |TAMS 0x0000000086a00000, 0x0000000086a00000| Untracked 
| 107|0x0000000086b00000, 0x0000000086b00000, 0x0000000086c00000|  0%| F|  |TAMS 0x0000000086b00000, 0x0000000086b00000| Untracked 
| 108|0x0000000086c00000, 0x0000000086c00000, 0x0000000086d00000|  0%| F|  |TAMS 0x0000000086c00000, 0x0000000086c00000| Untracked 
| 109|0x0000000086d00000, 0x0000000086d00000, 0x0000000086e00000|  0%| F|  |TAMS 0x0000000086d00000, 0x0000000086d00000| Untracked 
| 110|0x0000000086e00000, 0x0000000086e00000, 0x0000000086f00000|  0%| F|  |TAMS 0x0000000086e00000, 0x0000000086e00000| Untracked 
| 111|0x0000000086f00000, 0x0000000086f00000, 0x0000000087000000|  0%| F|  |TAMS 0x0000000086f00000, 0x0000000086f00000| Untracked 
| 112|0x0000000087000000, 0x0000000087000000, 0x0000000087100000|  0%| F|  |TAMS 0x0000000087000000, 0x0000000087000000| Untracked 
| 113|0x0000000087100000, 0x0000000087100000, 0x0000000087200000|  0%| F|  |TAMS 0x0000000087100000, 0x0000000087100000| Untracked 
| 114|0x0000000087200000, 0x0000000087200000, 0x0000000087300000|  0%| F|  |TAMS 0x0000000087200000, 0x0000000087200000| Untracked 
| 115|0x0000000087300000, 0x0000000087300000, 0x0000000087400000|  0%| F|  |TAMS 0x0000000087300000, 0x0000000087300000| Untracked 
| 116|0x0000000087400000, 0x0000000087400000, 0x0000000087500000|  0%| F|  |TAMS 0x0000000087400000, 0x0000000087400000| Untracked 
| 117|0x0000000087500000, 0x0000000087500000, 0x0000000087600000|  0%| F|  |TAMS 0x0000000087500000, 0x0000000087500000| Untracked 
| 118|0x0000000087600000, 0x000000008767c898, 0x0000000087700000| 48%| S|CS|TAMS 0x0000000087600000, 0x0000000087600000| Complete 
| 119|0x0000000087700000, 0x0000000087800000, 0x0000000087800000|100%| S|CS|TAMS 0x0000000087700000, 0x0000000087700000| Complete 
| 120|0x0000000087800000, 0x0000000087900000, 0x0000000087900000|100%| S|CS|TAMS 0x0000000087800000, 0x0000000087800000| Complete 
| 121|0x0000000087900000, 0x0000000087900000, 0x0000000087a00000|  0%| F|  |TAMS 0x0000000087900000, 0x0000000087900000| Untracked 
| 122|0x0000000087a00000, 0x0000000087a00000, 0x0000000087b00000|  0%| F|  |TAMS 0x0000000087a00000, 0x0000000087a00000| Untracked 
| 123|0x0000000087b00000, 0x0000000087b00000, 0x0000000087c00000|  0%| F|  |TAMS 0x0000000087b00000, 0x0000000087b00000| Untracked 
| 124|0x0000000087c00000, 0x0000000087c00000, 0x0000000087d00000|  0%| F|  |TAMS 0x0000000087c00000, 0x0000000087c00000| Untracked 
| 125|0x0000000087d00000, 0x0000000087d00000, 0x0000000087e00000|  0%| F|  |TAMS 0x0000000087d00000, 0x0000000087d00000| Untracked 
| 126|0x0000000087e00000, 0x0000000087e00000, 0x0000000087f00000|  0%| F|  |TAMS 0x0000000087e00000, 0x0000000087e00000| Untracked 
| 127|0x0000000087f00000, 0x0000000087f00000, 0x0000000088000000|  0%| F|  |TAMS 0x0000000087f00000, 0x0000000087f00000| Untracked 

Card table byte_map: [0x000002011f500000,0x000002011f900000] _byte_map_base: 0x000002011f100000

Marking Bits (Prev, Next): (CMBitMap*) 0x000002010c64b830, (CMBitMap*) 0x000002010c64b7f8
 Prev Bits: [0x0000020121d00000, 0x0000020123d00000)
 Next Bits: [0x000002011fd00000, 0x0000020121d00000)

Polling page: 0x000002010a380000

Metaspace:

Usage:
  Non-class:     23.55 MB capacity,    23.12 MB ( 98%) used,   381.20 KB (  2%) free+waste,    55.00 KB ( <1%) overhead. 
      Class:      3.74 MB capacity,     3.51 MB ( 94%) used,   200.54 KB (  5%) free+waste,    27.88 KB ( <1%) overhead. 
       Both:     27.28 MB capacity,    26.64 MB ( 98%) used,   581.73 KB (  2%) free+waste,    82.88 KB ( <1%) overhead. 

Virtual space:
  Non-class space:       24.00 MB reserved,      23.75 MB ( 99%) committed 
      Class space:        1.00 GB reserved,       3.75 MB ( <1%) committed 
             Both:        1.02 GB reserved,      27.50 MB (  3%) committed 

Chunk freelists:
   Non-Class:  16.00 KB
       Class:  13.00 KB
        Both:  29.00 KB

MaxMetaspaceSize: 17179869184.00 GB
CompressedClassSpaceSize: 1.00 GB

CodeHeap 'non-profiled nmethods': size=120064Kb used=1284Kb max_used=1284Kb free=118779Kb
 bounds [0x0000020117bc0000, 0x0000020117e30000, 0x000002011f100000]
CodeHeap 'profiled nmethods': size=120000Kb used=4962Kb max_used=4962Kb free=115037Kb
 bounds [0x0000020110690000, 0x0000020110b70000, 0x0000020117bc0000]
CodeHeap 'non-nmethods': size=5696Kb used=1155Kb max_used=1184Kb free=4540Kb
 bounds [0x0000020110100000, 0x0000020110370000, 0x0000020110690000]
 total_blobs=2825 nmethods=2322 adapters=414
 compilation: enabled
              stopped_count=0, restarted_count=0
 full_count=0

Compilation events (20 events):
Event: 9.143 Thread 0x0000020126224000 2320       3       org.gradle.internal.reflect.MutableClassDetails::instanceMethod (9 bytes)
Event: 9.143 Thread 0x0000020126224000 nmethod 2320 0x0000020110b63490 code [0x0000020110b63640, 0x0000020110b63788]
Event: 9.143 Thread 0x0000020126224000 2321       3       java.lang.reflect.Field::copy (76 bytes)
Event: 9.143 Thread 0x0000020126224000 nmethod 2321 0x0000020110b63890 code [0x0000020110b63a80, 0x0000020110b63e78]
Event: 9.145 Thread 0x0000020126224000 2322       3       org.gradle.internal.reflect.MethodSet::shouldReplace (45 bytes)
Event: 9.146 Thread 0x0000020126224000 nmethod 2322 0x0000020110b63f90 code [0x0000020110b64180, 0x0000020110b646b8]
Event: 9.147 Thread 0x0000020126224000 2323       3       java.util.concurrent.locks.AbstractQueuedSynchronizer$Node::compareAndSetWaitStatus (10 bytes)
Event: 9.148 Thread 0x0000020126224000 nmethod 2323 0x0000020110b64890 code [0x0000020110b64aa0, 0x0000020110b65018]
Event: 9.148 Thread 0x0000020126224000 2324       3       java.util.concurrent.locks.AbstractQueuedSynchronizer$ConditionObject::addConditionWaiter (79 bytes)
Event: 9.150 Thread 0x0000020126224000 nmethod 2324 0x0000020110b65290 code [0x0000020110b65580, 0x0000020110b66548]
Event: 9.150 Thread 0x0000020126224000 2325       3       java.util.concurrent.locks.AbstractQueuedSynchronizer$Node::<init> (23 bytes)
Event: 9.151 Thread 0x0000020126224000 nmethod 2325 0x0000020110b66a10 code [0x0000020110b66ce0, 0x0000020110b67af8]
Event: 9.165 Thread 0x0000020126224000 2326       1       sun.reflect.generics.repository.AbstractRepository::getTree (5 bytes)
Event: 9.165 Thread 0x0000020126224000 nmethod 2326 0x0000020117d00b90 code [0x0000020117d00d40, 0x0000020117d00df8]
Event: 9.166 Thread 0x0000020126224000 2327       3       sun.reflect.generics.repository.AbstractRepository::getReifier (8 bytes)
Event: 9.166 Thread 0x0000020126224000 nmethod 2327 0x0000020110b67f90 code [0x0000020110b68160, 0x0000020110b68438]
Event: 9.166 Thread 0x0000020126224000 2328       3       java.util.HashMap::hash (20 bytes)
Event: 9.166 Thread 0x0000020126224000 nmethod 2328 0x0000020110b68590 code [0x0000020110b68740, 0x0000020110b68948]
Event: 9.166 Thread 0x0000020126224000 2329       1       sun.reflect.generics.reflectiveObjects.TypeVariableImpl::getName (5 bytes)
Event: 9.166 Thread 0x0000020126224000 nmethod 2329 0x0000020117d00e90 code [0x0000020117d01040, 0x0000020117d010f8]

GC Heap History (14 events):
Event: 1.067 GC heap before
{Heap before GC invocations=0 (full 0):
 garbage-first heap   total 131072K, used 19456K [0x0000000080000000, 0x0000000100000000)
  region size 1024K, 14 young (14336K), 0 survivors (0K)
 Metaspace       used 6765K, capacity 6997K, committed 7168K, reserved 1056768K
  class space    used 584K, capacity 650K, committed 768K, reserved 1048576K
}
Event: 1.081 GC heap after
{Heap after GC invocations=1 (full 0):
 garbage-first heap   total 131072K, used 7874K [0x0000000080000000, 0x0000000100000000)
  region size 1024K, 2 young (2048K), 2 survivors (2048K)
 Metaspace       used 6765K, capacity 6997K, committed 7168K, reserved 1056768K
  class space    used 584K, capacity 650K, committed 768K, reserved 1048576K
}
Event: 1.583 GC heap before
{Heap before GC invocations=1 (full 0):
 garbage-first heap   total 131072K, used 19138K [0x0000000080000000, 0x0000000100000000)
  region size 1024K, 13 young (13312K), 2 survivors (2048K)
 Metaspace       used 10211K, capacity 10433K, committed 10624K, reserved 1058816K
  class space    used 1064K, capacity 1139K, committed 1152K, reserved 1048576K
}
Event: 1.587 GC heap after
{Heap after GC invocations=2 (full 0):
 garbage-first heap   total 131072K, used 9205K [0x0000000080000000, 0x0000000100000000)
  region size 1024K, 2 young (2048K), 2 survivors (2048K)
 Metaspace       used 10211K, capacity 10433K, committed 10624K, reserved 1058816K
  class space    used 1064K, capacity 1139K, committed 1152K, reserved 1048576K
}
Event: 2.488 GC heap before
{Heap before GC invocations=2 (full 0):
 garbage-first heap   total 131072K, used 38901K [0x0000000080000000, 0x0000000100000000)
  region size 1024K, 30 young (30720K), 2 survivors (2048K)
 Metaspace       used 11157K, capacity 11450K, committed 11520K, reserved 1058816K
  class space    used 1166K, capacity 1243K, committed 1280K, reserved 1048576K
}
Event: 2.492 GC heap after
{Heap after GC invocations=3 (full 0):
 garbage-first heap   total 131072K, used 12575K [0x0000000080000000, 0x0000000100000000)
  region size 1024K, 4 young (4096K), 4 survivors (4096K)
 Metaspace       used 11157K, capacity 11450K, committed 11520K, reserved 1058816K
  class space    used 1166K, capacity 1243K, committed 1280K, reserved 1048576K
}
Event: 6.158 GC heap before
{Heap before GC invocations=3 (full 0):
 garbage-first heap   total 131072K, used 74015K [0x0000000080000000, 0x0000000100000000)
  region size 1024K, 65 young (66560K), 4 survivors (4096K)
 Metaspace       used 20178K, capacity 20628K, committed 20864K, reserved 1067008K
  class space    used 2456K, capacity 2614K, committed 2688K, reserved 1048576K
}
Event: 6.198 GC heap after
{Heap after GC invocations=4 (full 0):
 garbage-first heap   total 131072K, used 16651K [0x0000000080000000, 0x0000000100000000)
  region size 1024K, 9 young (9216K), 9 survivors (9216K)
 Metaspace       used 20178K, capacity 20628K, committed 20864K, reserved 1067008K
  class space    used 2456K, capacity 2614K, committed 2688K, reserved 1048576K
}
Event: 6.357 GC heap before
{Heap before GC invocations=4 (full 0):
 garbage-first heap   total 131072K, used 18699K [0x0000000080000000, 0x0000000100000000)
  region size 1024K, 12 young (12288K), 9 survivors (9216K)
 Metaspace       used 20533K, capacity 21100K, committed 21248K, reserved 1067008K
  class space    used 2500K, capacity 2690K, committed 2816K, reserved 1048576K
}
Event: 6.396 GC heap after
{Heap after GC invocations=5 (full 0):
 garbage-first heap   total 131072K, used 17011K [0x0000000080000000, 0x0000000100000000)
  region size 1024K, 1 young (1024K), 1 survivors (1024K)
 Metaspace       used 20533K, capacity 21100K, committed 21248K, reserved 1067008K
  class space    used 2500K, capacity 2690K, committed 2816K, reserved 1048576K
}
Event: 8.949 GC heap before
{Heap before GC invocations=6 (full 0):
 garbage-first heap   total 131072K, used 78451K [0x0000000080000000, 0x0000000100000000)
  region size 1024K, 61 young (62464K), 1 survivors (1024K)
 Metaspace       used 26626K, capacity 27336K, committed 27648K, reserved 1073152K
  class space    used 3501K, capacity 3755K, committed 3840K, reserved 1048576K
}
Event: 8.956 GC heap after
{Heap after GC invocations=7 (full 0):
 garbage-first heap   total 131072K, used 18441K [0x0000000080000000, 0x0000000100000000)
  region size 1024K, 3 young (3072K), 3 survivors (3072K)
 Metaspace       used 26626K, capacity 27336K, committed 27648K, reserved 1073152K
  class space    used 3501K, capacity 3755K, committed 3840K, reserved 1048576K
}
Event: 9.172 GC heap before
{Heap before GC invocations=7 (full 0):
 garbage-first heap   total 131072K, used 24585K [0x0000000080000000, 0x0000000100000000)
  region size 1024K, 10 young (10240K), 3 survivors (3072K)
 Metaspace       used 27274K, capacity 27939K, committed 28160K, reserved 1073152K
  class space    used 3598K, capacity 3827K, committed 3840K, reserved 1048576K
}
Event: 9.179 GC heap after
{Heap after GC invocations=8 (full 0):
 garbage-first heap   total 131072K, used 18719K [0x0000000080000000, 0x0000000100000000)
  region size 1024K, 3 young (3072K), 3 survivors (3072K)
 Metaspace       used 27274K, capacity 27939K, committed 28160K, reserved 1073152K
  class space    used 3598K, capacity 3827K, committed 3840K, reserved 1048576K
}

Deoptimization events (20 events):
Event: 8.413 Thread 0x00000201297db000 Uncommon trap: trap_request=0xffffff7e fr.pc=0x0000020117cda64c relative=0x000000000000016c
Event: 8.413 Thread 0x00000201297db000 Uncommon trap: reason=predicate action=maybe_recompile pc=0x0000020117cda64c method=com.google.common.base.CharMatcher.indexIn(Ljava/lang/CharSequence;I)I @ 19 c2
Event: 8.413 Thread 0x00000201297db000 DEOPT PACKING pc=0x0000020117cda64c sp=0x000000d2aa2fb830
Event: 8.413 Thread 0x00000201297db000 DEOPT UNPACKING pc=0x00000201101278af sp=0x000000d2aa2fb7c0 mode 2
Event: 8.511 Thread 0x00000201297db000 Uncommon trap: trap_request=0xffffffde fr.pc=0x0000020117cb98e0 relative=0x0000000000000320
Event: 8.511 Thread 0x00000201297db000 Uncommon trap: reason=class_check action=maybe_recompile pc=0x0000020117cb98e0 method=java.util.Collections$SetFromMap.remove(Ljava/lang/Object;)Z @ 5 c2
Event: 8.511 Thread 0x00000201297db000 DEOPT PACKING pc=0x0000020117cb98e0 sp=0x000000d2aa2fc250
Event: 8.511 Thread 0x00000201297db000 DEOPT UNPACKING pc=0x00000201101278af sp=0x000000d2aa2fc238 mode 2
Event: 8.511 Thread 0x00000201297db000 Uncommon trap: trap_request=0xffffffde fr.pc=0x0000020117cb98e0 relative=0x0000000000000320
Event: 8.511 Thread 0x00000201297db000 Uncommon trap: reason=class_check action=maybe_recompile pc=0x0000020117cb98e0 method=java.util.Collections$SetFromMap.remove(Ljava/lang/Object;)Z @ 5 c2
Event: 8.511 Thread 0x00000201297db000 DEOPT PACKING pc=0x0000020117cb98e0 sp=0x000000d2aa2fc1d0
Event: 8.511 Thread 0x00000201297db000 DEOPT UNPACKING pc=0x00000201101278af sp=0x000000d2aa2fc1b8 mode 2
Event: 9.162 Thread 0x00000201297db000 Uncommon trap: trap_request=0xffffff4d fr.pc=0x0000020117cdf9cc relative=0x000000000000020c
Event: 9.162 Thread 0x00000201297db000 Uncommon trap: reason=unstable_if action=reinterpret pc=0x0000020117cdf9cc method=java.util.HashMap.hash(Ljava/lang/Object;)I @ 1 c2
Event: 9.162 Thread 0x00000201297db000 DEOPT PACKING pc=0x0000020117cdf9cc sp=0x000000d2aa2f8fd0
Event: 9.162 Thread 0x00000201297db000 DEOPT UNPACKING pc=0x00000201101278af sp=0x000000d2aa2f8f08 mode 2
Event: 9.162 Thread 0x00000201297db000 Uncommon trap: trap_request=0xffffff4d fr.pc=0x0000020117cc04ac relative=0x000000000000008c
Event: 9.162 Thread 0x00000201297db000 Uncommon trap: reason=unstable_if action=reinterpret pc=0x0000020117cc04ac method=java.util.HashMap.hash(Ljava/lang/Object;)I @ 1 c2
Event: 9.162 Thread 0x00000201297db000 DEOPT PACKING pc=0x0000020117cc04ac sp=0x000000d2aa2f8d50
Event: 9.162 Thread 0x00000201297db000 DEOPT UNPACKING pc=0x00000201101278af sp=0x000000d2aa2f8ce8 mode 2

Classes redefined (0 events):
No events

Internal exceptions (20 events):
Event: 6.457 Thread 0x00000201297db000 Exception <a 'java/lang/NoSuchMethodError'{0x0000000087ea7a10}: 'void java.lang.invoke.DirectMethodHandle$Holder.invokeStatic(java.lang.Object, java.lang.Object, java.lang.Object, java.lang.Object, java.lang.Object)'> (0x0000000087ea7a10) thrown at [./src/hotspot/share/interpreter/linkResolver.cpp, line 773]
Event: 6.552 Thread 0x00000201297db000 Exception <a 'java/lang/NoSuchMethodError'{0x000000008780ee48}: 'void java.lang.invoke.DirectMethodHandle$Holder.invokeSpecial(java.lang.Object, java.lang.Object)'> (0x000000008780ee48) thrown at [./src/hotspot/share/interpreter/linkResolver.cpp, line 773]
Event: 6.644 Thread 0x00000201297db000 Exception <a 'java/lang/NoSuchMethodError'{0x000000008763e9c0}: 'java.lang.Object java.lang.invoke.DirectMethodHandle$Holder.invokeSpecial(java.lang.Object, java.lang.Object, java.lang.Object, java.lang.Object, java.lang.Object, java.lang.Object, java.lang.Object, java.lang.Object, java.lang.Object)'> (0x000000008763e9c0) thrown at [./src/hotspot/share/interpreter/linkResolver.cpp, line 773]
Event: 6.996 Thread 0x00000201297db000 Exception <a 'java/lang/NoSuchMethodError'{0x0000000086d7bfe8}: 'java.lang.Object java.lang.invoke.DirectMethodHandle$Holder.invokeVirtual(java.lang.Object, java.lang.Object, java.lang.Object, java.lang.Object)'> (0x0000000086d7bfe8) thrown at [./src/hotspot/share/interpreter/linkResolver.cpp, line 773]
Event: 7.035 Thread 0x00000201297db000 Exception <a 'java/lang/NoSuchMethodError'{0x0000000086a28880}: 'java.lang.Object java.lang.invoke.Invokers$Holder.invoker(java.lang.Object, java.lang.Object, java.lang.Object, java.lang.Object, java.lang.Object)'> (0x0000000086a28880) thrown at [./src/hotspot/share/interpreter/linkResolver.cpp, line 773]
Event: 7.241 Thread 0x00000201297db000 Exception <a 'java/lang/NoSuchMethodError'{0x000000008669d060}: 'void java.lang.invoke.DirectMethodHandle$Holder.invokeSpecial(java.lang.Object, java.lang.Object, java.lang.Object, java.lang.Object, java.lang.Object, java.lang.Object)'> (0x000000008669d060) thrown at [./src/hotspot/share/interpreter/linkResolver.cpp, line 773]
Event: 7.257 Thread 0x00000201297db000 Exception <a 'java/lang/NoSuchMethodError'{0x0000000086502670}: 'void java.lang.invoke.DirectMethodHandle$Holder.invokeSpecial(java.lang.Object, java.lang.Object, java.lang.Object, java.lang.Object, java.lang.Object, java.lang.Object, java.lang.Object)'> (0x0000000086502670) thrown at [./src/hotspot/share/interpreter/linkResolver.cpp, line 773]
Event: 7.258 Thread 0x00000201297db000 Exception <a 'java/lang/NoSuchMethodError'{0x000000008650a8b8}: 'java.lang.Object java.lang.invoke.Invokers$Holder.linkToTargetMethod(java.lang.Object, java.lang.Object, java.lang.Object, java.lang.Object, java.lang.Object, java.lang.Object)'> (0x000000008650a8b8) thrown at [./src/hotspot/share/interpreter/linkResolver.cpp, line 773]
Event: 8.185 Thread 0x00000201297db000 Exception <a 'java/lang/NoSuchMethodError'{0x00000000859e4668}: 'void java.lang.invoke.DirectMethodHandle$Holder.invokeStaticInit(java.lang.Object, java.lang.Object)'> (0x00000000859e4668) thrown at [./src/hotspot/share/interpreter/linkResolver.cpp, line 773]
Event: 8.468 Thread 0x00000201297db000 Exception <a 'java/lang/NoSuchMethodError'{0x00000000852129c8}: 'void java.lang.invoke.DirectMethodHandle$Holder.invokeStatic(java.lang.Object, java.lang.Object, java.lang.Object, java.lang.Object)'> (0x00000000852129c8) thrown at [./src/hotspot/share/interpreter/linkResolver.cpp, line 773]
Event: 8.471 Thread 0x00000201297db000 Exception <a 'java/lang/NoSuchMethodError'{0x0000000085226428}: 'int java.lang.invoke.DirectMethodHandle$Holder.invokeInterface(java.lang.Object, java.lang.Object)'> (0x0000000085226428) thrown at [./src/hotspot/share/interpreter/linkResolver.cpp, line 773]
Event: 8.815 Thread 0x00000201297db000 Exception <a 'java/lang/NoSuchMethodError'{0x0000000084730ff8}: 'java.lang.Object java.lang.invoke.DirectMethodHandle$Holder.invokeSpecialIFC(java.lang.Object, java.lang.Object, java.lang.Object, java.lang.Object)'> (0x0000000084730ff8) thrown at [./src/hotspot/share/interpreter/linkResolver.cpp, line 773]
Event: 8.827 Thread 0x00000201297db000 Exception <a 'java/lang/NoSuchMethodError'{0x000000008460e518}: 'java.lang.Object java.lang.invoke.DirectMethodHandle$Holder.invokeSpecial(java.lang.Object, java.lang.Object, java.lang.Object, java.lang.Object, java.lang.Object, java.lang.Object, java.lang.Object, java.lang.Object, java.lang.Object, java.lang.Object, java.lang.Object, java.lang.Object, java.lang.Object)'> (0x000000008460e518) thrown at [./src/hotspot/share/interpreter/linkResolver.cpp, line 773]
Event: 8.829 Thread 0x00000201297db000 Exception <a 'java/lang/NoSuchMethodError'{0x000000008461f7a0}: 'java.lang.Object java.lang.invoke.DirectMethodHandle$Holder.invokeSpecial(java.lang.Object, java.lang.Object, java.lang.Object, java.lang.Object, java.lang.Object, java.lang.Object, java.lang.Object, java.lang.Object, java.lang.Object, java.lang.Object, java.lang.Object, java.lang.Object)'> (0x000000008461f7a0) thrown at [./src/hotspot/share/interpreter/linkResolver.cpp, line 773]
Event: 8.838 Thread 0x00000201297db000 Exception <a 'java/lang/NoSuchMethodError'{0x00000000846248c8}: 'java.lang.Object java.lang.invoke.Invokers$Holder.linkToTargetMethod(java.lang.Object, java.lang.Object, java.lang.Object, java.lang.Object, java.lang.Object, java.lang.Object, java.lang.Object, java.lang.Object, java.lang.Object, java.lang.Object, java.lang.Object)'> (0x00000000846248c8) thrown at [./src/hotspot/share/interpreter/linkResolver.cpp, line 773]
Event: 8.854 Thread 0x00000201297db000 Exception <a 'java/lang/NoSuchMethodError'{0x0000000084565ce0}: 'java.lang.Object java.lang.invoke.DirectMethodHandle$Holder.invokeSpecial(java.lang.Object, java.lang.Object, java.lang.Object, java.lang.Object, java.lang.Object, java.lang.Object, java.lang.Object, java.lang.Object, java.lang.Object, java.lang.Object, java.lang.Object, java.lang.Object, java.lang.Object, java.lang.Object)'> (0x0000000084565ce0) thrown at [./src/hotspot/share/interpreter/linkResolver.cpp, line 773]
Event: 8.861 Thread 0x00000201297db000 Exception <a 'java/lang/NoSuchMethodError'{0x00000000845772d8}: 'java.lang.Object java.lang.invoke.Invokers$Holder.linkToTargetMethod(java.lang.Object, java.lang.Object, java.lang.Object, java.lang.Object, java.lang.Object, java.lang.Object, java.lang.Object, java.lang.Object, java.lang.Object, java.lang.Object, java.lang.Object, java.lang.Object)'> (0x00000000845772d8) thrown at [./src/hotspot/share/interpreter/linkResolver.cpp, line 773]
Event: 8.902 Thread 0x00000201297db000 Exception <a 'java/lang/NoSuchMethodError'{0x00000000844087e0}: 'java.lang.Object java.lang.invoke.DirectMethodHandle$Holder.invokeStaticInit(java.lang.Object, java.lang.Object, java.lang.Object, java.lang.Object)'> (0x00000000844087e0) thrown at [./src/hotspot/share/interpreter/linkResolver.cpp, line 773]
Event: 9.162 Thread 0x00000201297db000 Implicit null exception at 0x0000020117cdf7f5 to 0x0000020117cdf9bc
Event: 9.162 Thread 0x00000201297db000 Implicit null exception at 0x0000020117cc042f to 0x0000020117cc049d

Events (20 events):
Event: 9.169 loading class com/google/common/reflect/Types$ClassOwnership$1 done
Event: 9.169 loading class com/google/common/reflect/Types$ClassOwnership$2
Event: 9.169 loading class com/google/common/reflect/Types$ClassOwnership$2 done
Event: 9.169 loading class com/google/common/reflect/Types$ClassOwnership$3
Event: 9.169 loading class com/google/common/reflect/Types$ClassOwnership$3 done
Event: 9.170 loading class com/google/common/reflect/Types$ClassOwnership$1LocalClass
Event: 9.170 loading class com/google/common/reflect/Types$ClassOwnership$1LocalClass done
Event: 9.170 loading class java/lang/Class$EnclosingMethodInfo
Event: 9.170 loading class java/lang/Class$EnclosingMethodInfo done
Event: 9.170 loading class com/google/common/reflect/Types$JavaVersion
Event: 9.170 loading class com/google/common/reflect/Types$JavaVersion done
Event: 9.170 loading class com/google/common/reflect/Types$JavaVersion$1
Event: 9.170 loading class com/google/common/reflect/Types$JavaVersion$1 done
Event: 9.171 loading class com/google/common/reflect/Types$JavaVersion$2
Event: 9.171 loading class com/google/common/reflect/Types$JavaVersion$2 done
Event: 9.171 loading class com/google/common/reflect/Types$JavaVersion$3
Event: 9.171 loading class com/google/common/reflect/Types$JavaVersion$3 done
Event: 9.171 loading class com/google/common/reflect/Types$JavaVersion$4
Event: 9.171 loading class com/google/common/reflect/Types$JavaVersion$4 done
Event: 9.172 Executing VM operation: CollectForMetadataAllocation


Dynamic libraries:
0x00007ff696220000 - 0x00007ff69622a000 	C:\Program Files\Android\Android Studio1\jre\bin\java.exe
0x00007ffc05370000 - 0x00007ffc05565000 	C:\WINDOWS\SYSTEM32\ntdll.dll
0x00007ffc05270000 - 0x00007ffc0532e000 	C:\WINDOWS\System32\KERNEL32.DLL
0x00007ffc030f0000 - 0x00007ffc033b8000 	C:\WINDOWS\System32\KERNELBASE.dll
0x00007ffc02c30000 - 0x00007ffc02d30000 	C:\WINDOWS\System32\ucrtbase.dll
0x00007ffbfdb00000 - 0x00007ffbfdb19000 	C:\Program Files\Android\Android Studio1\jre\bin\jli.dll
0x00007ffc03ef0000 - 0x00007ffc04091000 	C:\WINDOWS\System32\USER32.dll
0x00007ffc02ff0000 - 0x00007ffc03012000 	C:\WINDOWS\System32\win32u.dll
0x00007ffc04a10000 - 0x00007ffc04a3b000 	C:\WINDOWS\System32\GDI32.dll
0x00007ffc02d30000 - 0x00007ffc02e3b000 	C:\WINDOWS\System32\gdi32full.dll
0x00007ffc03020000 - 0x00007ffc030bd000 	C:\WINDOWS\System32\msvcp_win.dll
0x00007ffbfdae0000 - 0x00007ffbfdaf7000 	C:\Program Files\Android\Android Studio1\jre\bin\VCRUNTIME140.dll
0x00007ffbe12a0000 - 0x00007ffbe153a000 	C:\WINDOWS\WinSxS\amd64_microsoft.windows.common-controls_6595b64144ccf1df_6.0.19041.1110_none_60b5254171f9507e\COMCTL32.dll
0x00007ffc04ad0000 - 0x00007ffc04b6e000 	C:\WINDOWS\System32\msvcrt.dll
0x00007ffc04b70000 - 0x00007ffc04ba0000 	C:\WINDOWS\System32\IMM32.DLL
0x00007ffbf05f0000 - 0x00007ffbf068d000 	C:\Program Files\Android\Android Studio1\jre\bin\msvcp140.dll
0x00007ffbeb5c0000 - 0x00007ffbec08f000 	C:\Program Files\Android\Android Studio1\jre\bin\server\jvm.dll
0x00007ffc04960000 - 0x00007ffc04a0c000 	C:\WINDOWS\System32\ADVAPI32.dll
0x00007ffc05020000 - 0x00007ffc050bb000 	C:\WINDOWS\System32\sechost.dll
0x00007ffc03560000 - 0x00007ffc0368a000 	C:\WINDOWS\System32\RPCRT4.dll
0x00007ffc051e0000 - 0x00007ffc051e8000 	C:\WINDOWS\System32\PSAPI.DLL
0x00007ffbe26d0000 - 0x00007ffbe26d9000 	C:\WINDOWS\SYSTEM32\WSOCK32.dll
0x00007ffbe19b0000 - 0x00007ffbe19d7000 	C:\WINDOWS\SYSTEM32\WINMM.dll
0x00007ffc050c0000 - 0x00007ffc0512b000 	C:\WINDOWS\System32\WS2_32.dll
0x00007ffbf7270000 - 0x00007ffbf727a000 	C:\WINDOWS\SYSTEM32\VERSION.dll
0x00007ffc01310000 - 0x00007ffc01322000 	C:\WINDOWS\SYSTEM32\kernel.appcore.dll
0x00007ffbf2fa0000 - 0x00007ffbf2fb1000 	C:\Program Files\Android\Android Studio1\jre\bin\verify.dll
0x00007ffc00fe0000 - 0x00007ffc011c4000 	C:\WINDOWS\SYSTEM32\DBGHELP.DLL
0x00007ffbf51b0000 - 0x00007ffbf51dc000 	C:\WINDOWS\SYSTEM32\dbgcore.DLL
0x00007ffc02af0000 - 0x00007ffc02b73000 	C:\WINDOWS\System32\bcryptPrimitives.dll
0x00007ffbf27e0000 - 0x00007ffbf2809000 	C:\Program Files\Android\Android Studio1\jre\bin\java.dll
0x00007ffbfad70000 - 0x00007ffbfad7b000 	C:\Program Files\Android\Android Studio1\jre\bin\jimage.dll
0x00007ffbf26f0000 - 0x00007ffbf2708000 	C:\Program Files\Android\Android Studio1\jre\bin\zip.dll
0x00007ffc04220000 - 0x00007ffc0495f000 	C:\WINDOWS\System32\SHELL32.dll
0x00007ffc00780000 - 0x00007ffc00f10000 	C:\WINDOWS\SYSTEM32\windows.storage.dll
0x00007ffc03880000 - 0x00007ffc03bd5000 	C:\WINDOWS\System32\combase.dll
0x00007ffc02410000 - 0x00007ffc0243e000 	C:\WINDOWS\SYSTEM32\Wldp.dll
0x00007ffc03690000 - 0x00007ffc0373d000 	C:\WINDOWS\System32\SHCORE.dll
0x00007ffc034a0000 - 0x00007ffc034f5000 	C:\WINDOWS\System32\shlwapi.dll
0x00007ffc029d0000 - 0x00007ffc029ef000 	C:\WINDOWS\SYSTEM32\profapi.dll
0x00007ffbf26d0000 - 0x00007ffbf26ea000 	C:\Program Files\Android\Android Studio1\jre\bin\net.dll
0x00007ffbf9020000 - 0x00007ffbf912c000 	C:\WINDOWS\SYSTEM32\WINHTTP.dll
0x00007ffc02170000 - 0x00007ffc021da000 	C:\WINDOWS\system32\mswsock.dll
0x00007ffbf0db0000 - 0x00007ffbf0dc4000 	C:\Program Files\Android\Android Studio1\jre\bin\nio.dll
0x00007ffbf2820000 - 0x00007ffbf2847000 	C:\Users\HP\.gradle\native\8bec1ad78214c89d9ad589b4d07fe93259594b29d510b10fafb7a158f7737e5d\windows-amd64\native-platform.dll
0x00007ffbeca70000 - 0x00007ffbecbad000 	C:\Users\HP\.gradle\native\53dbd7edfb1c66fb8903c78663c9afc45aea4f116125fa6feffd364cf09443e8\windows-amd64\native-platform-file-events.dll
0x00007ffbf9130000 - 0x00007ffbf913a000 	C:\Program Files\Android\Android Studio1\jre\bin\management.dll
0x00007ffbf2e80000 - 0x00007ffbf2e8c000 	C:\Program Files\Android\Android Studio1\jre\bin\management_ext.dll
0x00007ffc02370000 - 0x00007ffc02388000 	C:\WINDOWS\SYSTEM32\CRYPTSP.dll
0x00007ffc01af0000 - 0x00007ffc01b24000 	C:\WINDOWS\system32\rsaenh.dll
0x00007ffc030c0000 - 0x00007ffc030e7000 	C:\WINDOWS\System32\bcrypt.dll
0x00007ffc02990000 - 0x00007ffc029be000 	C:\WINDOWS\SYSTEM32\USERENV.dll
0x00007ffc02360000 - 0x00007ffc0236c000 	C:\WINDOWS\SYSTEM32\CRYPTBASE.dll
0x00007ffc01e60000 - 0x00007ffc01e9b000 	C:\WINDOWS\SYSTEM32\IPHLPAPI.DLL
0x00007ffc03ee0000 - 0x00007ffc03ee8000 	C:\WINDOWS\System32\NSI.dll
0x00007ffc005a0000 - 0x00007ffc005b7000 	C:\WINDOWS\SYSTEM32\dhcpcsvc6.DLL
0x00007ffc00580000 - 0x00007ffc0059d000 	C:\WINDOWS\SYSTEM32\dhcpcsvc.DLL
0x00007ffc01ea0000 - 0x00007ffc01f6b000 	C:\WINDOWS\SYSTEM32\DNSAPI.dll

dbghelp: loaded successfully - version: 4.0.5 - missing functions: none
symbol engine: initialized successfully - sym options: 0x614 - pdb path: .;C:\Program Files\Android\Android Studio1\jre\bin;C:\WINDOWS\SYSTEM32;C:\WINDOWS\WinSxS\amd64_microsoft.windows.common-controls_6595b64144ccf1df_6.0.19041.1110_none_60b5254171f9507e;C:\Program Files\Android\Android Studio1\jre\bin\server;C:\Users\HP\.gradle\native\8bec1ad78214c89d9ad589b4d07fe93259594b29d510b10fafb7a158f7737e5d\windows-amd64;C:\Users\HP\.gradle\native\53dbd7edfb1c66fb8903c78663c9afc45aea4f116125fa6feffd364cf09443e8\windows-amd64

VM Arguments:
jvm_args: --add-opens=java.base/java.util=ALL-UNNAMED --add-opens=java.base/java.lang=ALL-UNNAMED --add-opens=java.base/java.lang.invoke=ALL-UNNAMED --add-opens=java.base/java.util=ALL-UNNAMED --add-opens=java.prefs/java.util.prefs=ALL-UNNAMED --add-opens=java.prefs/java.util.prefs=ALL-UNNAMED --add-opens=java.base/java.nio.charset=ALL-UNNAMED --add-opens=java.base/java.net=ALL-UNNAMED --add-opens=java.base/java.util.concurrent.atomic=ALL-UNNAMED -Xmx2048m -Dfile.encoding=UTF-8 -Duser.country=RU -Duser.language=ru -Duser.variant 
java_command: org.gradle.launcher.daemon.bootstrap.GradleDaemon 7.0.2
java_class_path (initial): C:\Users\HP\.gradle\wrapper\dists\gradle-7.0.2-bin\857tjihv64xamwrf0h14cai3r\gradle-7.0.2\lib\gradle-launcher-7.0.2.jar
Launcher Type: SUN_STANDARD

[Global flags]
     intx CICompilerCount                          = 3                                         {product} {ergonomic}
     uint ConcGCThreads                            = 1                                         {product} {ergonomic}
     uint G1ConcRefinementThreads                  = 4                                         {product} {ergonomic}
   size_t G1HeapRegionSize                         = 1048576                                   {product} {ergonomic}
    uintx GCDrainStackTargetSize                   = 64                                        {product} {ergonomic}
   size_t InitialHeapSize                          = 134217728                                 {product} {ergonomic}
   size_t MarkStackSize                            = 4194304                                   {product} {ergonomic}
   size_t MaxHeapSize                              = 2147483648                                {product} {command line}
   size_t MaxNewSize                               = 1287651328                                {product} {ergonomic}
   size_t MinHeapDeltaBytes                        = 1048576                                   {product} {ergonomic}
    uintx NonNMethodCodeHeapSize                   = 5830732                                {pd product} {ergonomic}
    uintx NonProfiledCodeHeapSize                  = 122913754                              {pd product} {ergonomic}
    uintx ProfiledCodeHeapSize                     = 122913754                              {pd product} {ergonomic}
    uintx ReservedCodeCacheSize                    = 251658240                              {pd product} {ergonomic}
     bool SegmentedCodeCache                       = true                                      {product} {ergonomic}
     bool UseCompressedClassPointers               = true                                 {lp64_product} {ergonomic}
     bool UseCompressedOops                        = true                                 {lp64_product} {ergonomic}
     bool UseG1GC                                  = true                                      {product} {ergonomic}
     bool UseLargePagesIndividualAllocation        = false                                  {pd product} {ergonomic}

Logging:
Log output configuration:
 #0: stdout all=warning uptime,level,tags
 #1: stderr all=off uptime,level,tags

Environment Variables:
PATH=C:\Program Files (x86)\Common Files\Oracle\Java\javapath;C:\ProgramData\Oracle\Java\javapath;C:\Program Files (x86)\Intel\iCLS Client\;C:\Program Files\Intel\iCLS Client\;C:\WINDOWS\system32;C:\WINDOWS;C:\WINDOWS\System32\Wbem;C:\WINDOWS\System32\WindowsPowerShell\v1.0\;C:\Program Files (x86)\Intel\Intel(R) Management Engine Components\DAL;C:\Program Files\Intel\Intel(R) Management Engine Components\DAL;C:\Program Files (x86)\Intel\Intel(R) Management Engine Components\IPT;C:\Program Files\Intel\Intel(R) Management Engine Components\IPT;C:\WINDOWS\System32\OpenSSH\;C:\Program Files\Git\cmd;C:\Users\HP\AppData\Local\Microsoft\WindowsApps;C:\Users\HP\AppData\Local\GitHubDesktop\bin
USERNAME=HP
OS=Windows_NT
PROCESSOR_IDENTIFIER=Intel64 Family 6 Model 142 Stepping 9, GenuineIntel



---------------  S Y S T E M  ---------------

OS: Windows 10 , 64 bit Build 19041 (10.0.19041.1348)
OS uptime: 0 days 6:41 hours

CPU:total 4 (initial active 4) (2 cores per cpu, 2 threads per core) family 6 model 142 stepping 9 microcode 0xb4, cmov, cx8, fxsr, mmx, sse, sse2, sse3, ssse3, sse4.1, sse4.2, popcnt, avx, avx2, aes, clmul, erms, 3dnowpref, lzcnt, ht, tsc, tscinvbit, bmi1, bmi2, adx, fma

Memory: 4k page, system-wide physical 8064M (482M free)
TotalPageFile size 9968M (AvailPageFile size 10M)
current process WorkingSet (physical memory assigned to process): 202M, peak: 202M
current process commit charge ("private bytes"): 271M, peak: 272M

vm_info: OpenJDK 64-Bit Server VM (11.0.10+0-b96-7249189) for windows-amd64 JRE (11.0.10+0-b96-7249189), built on Mar 31 2021 21:44:00 by "builder" with MS VC++ 14.0 (VS2015)

END.
